{"C:\\Users\\Usuario\\Desktop\\Practica Angular\\14-Clean-Architecture-Node-Express-Mongo\\src\\configs\\bcrypt.ts": {"path":"C:\\Users\\Usuario\\Desktop\\Practica Angular\\14-Clean-Architecture-Node-Express-Mongo\\src\\configs\\bcrypt.ts","statementMap":{"0":{"start":{"line":2,"column":0},"end":{"line":2,"column":48}},"1":{"start":{"line":7,"column":8},"end":{"line":7,"column":38}},"2":{"start":{"line":12,"column":23},"end":{"line":12,"column":68}},"3":{"start":{"line":13,"column":8},"end":{"line":13,"column":110}},"4":{"start":{"line":14,"column":8},"end":{"line":14,"column":22}},"5":{"start":{"line":4,"column":0},"end":{"line":4,"column":13}}},"fnMap":{"0":{"name":"(anonymous_0)","decl":{"start":{"line":5,"column":4},"end":{"line":5,"column":10}},"loc":{"start":{"line":5,"column":32},"end":{"line":8,"column":5}}},"1":{"name":"(anonymous_1)","decl":{"start":{"line":10,"column":4},"end":{"line":10,"column":10}},"loc":{"start":{"line":10,"column":67},"end":{"line":15,"column":5}}}},"branchMap":{},"s":{"0":2,"1":3,"2":1,"3":1,"4":1,"5":2},"f":{"0":3,"1":1},"b":{}}
,"C:\\Users\\Usuario\\Desktop\\Practica Angular\\14-Clean-Architecture-Node-Express-Mongo\\src\\configs\\envs.ts": {"path":"C:\\Users\\Usuario\\Desktop\\Practica Angular\\14-Clean-Architecture-Node-Express-Mongo\\src\\configs\\envs.ts","statementMap":{"0":{"start":{"line":1,"column":0},"end":{"line":1,"column":22}},"1":{"start":{"line":2,"column":0},"end":{"line":2,"column":27}},"2":{"start":{"line":6,"column":13},"end":{"line":31,"column":null}}},"fnMap":{},"branchMap":{},"s":{"0":5,"1":5,"2":5},"f":{},"b":{}}
,"C:\\Users\\Usuario\\Desktop\\Practica Angular\\14-Clean-Architecture-Node-Express-Mongo\\src\\configs\\jwt.ts": {"path":"C:\\Users\\Usuario\\Desktop\\Practica Angular\\14-Clean-Architecture-Node-Express-Mongo\\src\\configs\\jwt.ts","statementMap":{"0":{"start":{"line":1,"column":0},"end":{"line":1,"column":42}},"1":{"start":{"line":2,"column":0},"end":{"line":2,"column":29}},"2":{"start":{"line":4,"column":17},"end":{"line":4,"column":30}},"3":{"start":{"line":9,"column":31},"end":{"line":20,"column":null}},"4":{"start":{"line":11,"column":8},"end":{"line":19,"column":null}},"5":{"start":{"line":13,"column":12},"end":{"line":18,"column":null}},"6":{"start":{"line":15,"column":16},"end":{"line":15,"column":null}},"7":{"start":{"line":15,"column":24},"end":{"line":15,"column":null}},"8":{"start":{"line":17,"column":17},"end":{"line":17,"column":null}},"9":{"start":{"line":25,"column":8},"end":{"line":35,"column":null}},"10":{"start":{"line":26,"column":12},"end":{"line":34,"column":null}},"11":{"start":{"line":29,"column":16},"end":{"line":29,"column":null}},"12":{"start":{"line":29,"column":24},"end":{"line":29,"column":null}},"13":{"start":{"line":32,"column":16},"end":{"line":32,"column":null}},"14":{"start":{"line":6,"column":0},"end":{"line":6,"column":13}}},"fnMap":{"0":{"name":"(anonymous_8)","decl":{"start":{"line":9,"column":4},"end":{"line":9,"column":10}},"loc":{"start":{"line":9,"column":30},"end":{"line":20,"column":null}}},"1":{"name":"(anonymous_9)","decl":{"start":{"line":9,"column":31},"end":{"line":9,"column":46}},"loc":{"start":{"line":9,"column":71},"end":{"line":20,"column":5}}},"2":{"name":"(anonymous_10)","decl":{"start":{"line":11,"column":27},"end":{"line":11,"column":28}},"loc":{"start":{"line":11,"column":38},"end":{"line":19,"column":9}}},"3":{"name":"(anonymous_11)","decl":{"start":{"line":13,"column":62},"end":{"line":13,"column":63}},"loc":{"start":{"line":13,"column":76},"end":{"line":18,"column":13}}},"4":{"name":"(anonymous_12)","decl":{"start":{"line":24,"column":4},"end":{"line":24,"column":10}},"loc":{"start":{"line":24,"column":41},"end":{"line":36,"column":5}}},"5":{"name":"(anonymous_13)","decl":{"start":{"line":25,"column":27},"end":{"line":25,"column":28}},"loc":{"start":{"line":25,"column":38},"end":{"line":35,"column":9}}},"6":{"name":"(anonymous_14)","decl":{"start":{"line":26,"column":40},"end":{"line":26,"column":41}},"loc":{"start":{"line":26,"column":56},"end":{"line":34,"column":13}}}},"branchMap":{"0":{"loc":{"start":{"line":9,"column":48},"end":{"line":9,"column":71}},"type":"default-arg","locations":[{"start":{"line":9,"column":67},"end":{"line":9,"column":71}}]},"1":{"loc":{"start":{"line":15,"column":16},"end":{"line":15,"column":null}},"type":"if","locations":[{"start":{"line":15,"column":16},"end":{"line":15,"column":null}}]},"2":{"loc":{"start":{"line":29,"column":16},"end":{"line":29,"column":null}},"type":"if","locations":[{"start":{"line":29,"column":16},"end":{"line":29,"column":null}}]}},"s":{"0":5,"1":5,"2":5,"3":4,"4":4,"5":4,"6":4,"7":0,"8":4,"9":0,"10":0,"11":0,"12":0,"13":0,"14":5},"f":{"0":4,"1":4,"2":4,"3":4,"4":0,"5":0,"6":0},"b":{"0":[1],"1":[0],"2":[0]}}
,"C:\\Users\\Usuario\\Desktop\\Practica Angular\\14-Clean-Architecture-Node-Express-Mongo\\src\\configs\\validator.ts": {"path":"C:\\Users\\Usuario\\Desktop\\Practica Angular\\14-Clean-Architecture-Node-Express-Mongo\\src\\configs\\validator.ts","statementMap":{"0":{"start":{"line":6,"column":6},"end":{"line":6,"column":63}},"1":{"start":{"line":1,"column":0},"end":{"line":1,"column":13}}},"fnMap":{"0":{"name":"(anonymous_0)","decl":{"start":{"line":3,"column":4},"end":{"line":3,"column":10}},"loc":{"start":{"line":3,"column":25},"end":{"line":7,"column":5}}}},"branchMap":{},"s":{"0":25,"1":7},"f":{"0":25},"b":{}}
,"C:\\Users\\Usuario\\Desktop\\Practica Angular\\14-Clean-Architecture-Node-Express-Mongo\\src\\data\\mongodb\\models\\user.model.ts": {"path":"C:\\Users\\Usuario\\Desktop\\Practica Angular\\14-Clean-Architecture-Node-Express-Mongo\\src\\data\\mongodb\\models\\user.model.ts","statementMap":{"0":{"start":{"line":1,"column":0},"end":{"line":1,"column":32}},"1":{"start":{"line":3,"column":19},"end":{"line":37,"column":2}},"2":{"start":{"line":40,"column":13},"end":{"line":40,"column":null}}},"fnMap":{},"branchMap":{},"s":{"0":3,"1":3,"2":3},"f":{},"b":{}}
,"C:\\Users\\Usuario\\Desktop\\Practica Angular\\14-Clean-Architecture-Node-Express-Mongo\\src\\data\\mongodb\\models\\chatbot\\chat-models.ts": {"path":"C:\\Users\\Usuario\\Desktop\\Practica Angular\\14-Clean-Architecture-Node-Express-Mongo\\src\\data\\mongodb\\models\\chatbot\\chat-models.ts","statementMap":{"0":{"start":{"line":2,"column":0},"end":{"line":2,"column":32}},"1":{"start":{"line":5,"column":26},"end":{"line":30,"column":2}},"2":{"start":{"line":33,"column":26},"end":{"line":50,"column":2}},"3":{"start":{"line":54,"column":24},"end":{"line":78,"column":2}},"4":{"start":{"line":81,"column":0},"end":{"line":81,"column":45}},"5":{"start":{"line":84,"column":13},"end":{"line":84,"column":81}},"6":{"start":{"line":85,"column":13},"end":{"line":85,"column":81}},"7":{"start":{"line":86,"column":13},"end":{"line":86,"column":75}}},"fnMap":{},"branchMap":{},"s":{"0":2,"1":2,"2":2,"3":2,"4":2,"5":2,"6":2,"7":2},"f":{},"b":{}}
,"C:\\Users\\Usuario\\Desktop\\Practica Angular\\14-Clean-Architecture-Node-Express-Mongo\\src\\data\\mongodb\\models\\customers\\city.model.ts": {"path":"C:\\Users\\Usuario\\Desktop\\Practica Angular\\14-Clean-Architecture-Node-Express-Mongo\\src\\data\\mongodb\\models\\customers\\city.model.ts","statementMap":{"0":{"start":{"line":1,"column":0},"end":{"line":1,"column":32}},"1":{"start":{"line":3,"column":19},"end":{"line":24,"column":2}},"2":{"start":{"line":26,"column":13},"end":{"line":26,"column":60}}},"fnMap":{},"branchMap":{},"s":{"0":2,"1":2,"2":2},"f":{},"b":{}}
,"C:\\Users\\Usuario\\Desktop\\Practica Angular\\14-Clean-Architecture-Node-Express-Mongo\\src\\data\\mongodb\\models\\customers\\customer.model.ts": {"path":"C:\\Users\\Usuario\\Desktop\\Practica Angular\\14-Clean-Architecture-Node-Express-Mongo\\src\\data\\mongodb\\models\\customers\\customer.model.ts","statementMap":{"0":{"start":{"line":1,"column":0},"end":{"line":1,"column":32}},"1":{"start":{"line":3,"column":23},"end":{"line":41,"column":2}},"2":{"start":{"line":43,"column":13},"end":{"line":43,"column":72}}},"fnMap":{},"branchMap":{},"s":{"0":2,"1":2,"2":2},"f":{},"b":{}}
,"C:\\Users\\Usuario\\Desktop\\Practica Angular\\14-Clean-Architecture-Node-Express-Mongo\\src\\data\\mongodb\\models\\customers\\neighborhood.model.ts": {"path":"C:\\Users\\Usuario\\Desktop\\Practica Angular\\14-Clean-Architecture-Node-Express-Mongo\\src\\data\\mongodb\\models\\customers\\neighborhood.model.ts","statementMap":{"0":{"start":{"line":1,"column":0},"end":{"line":1,"column":32}},"1":{"start":{"line":3,"column":27},"end":{"line":28,"column":2}},"2":{"start":{"line":31,"column":0},"end":{"line":31,"column":65}},"3":{"start":{"line":33,"column":13},"end":{"line":33,"column":84}}},"fnMap":{},"branchMap":{},"s":{"0":2,"1":2,"2":2,"3":2},"f":{},"b":{}}
,"C:\\Users\\Usuario\\Desktop\\Practica Angular\\14-Clean-Architecture-Node-Express-Mongo\\src\\data\\mongodb\\models\\payment\\payment.model.ts": {"path":"C:\\Users\\Usuario\\Desktop\\Practica Angular\\14-Clean-Architecture-Node-Express-Mongo\\src\\data\\mongodb\\models\\payment\\payment.model.ts","statementMap":{"0":{"start":{"line":2,"column":0},"end":{"line":2,"column":32}},"1":{"start":{"line":3,"column":0},"end":{"line":3,"column":104}},"2":{"start":{"line":4,"column":0},"end":{"line":4,"column":100}},"3":{"start":{"line":6,"column":22},"end":{"line":63,"column":2}},"4":{"start":{"line":66,"column":0},"end":{"line":66,"column":35}},"5":{"start":{"line":67,"column":0},"end":{"line":67,"column":39}},"6":{"start":{"line":68,"column":0},"end":{"line":68,"column":35}},"7":{"start":{"line":74,"column":13},"end":{"line":74,"column":69}}},"fnMap":{},"branchMap":{},"s":{"0":2,"1":2,"2":2,"3":2,"4":2,"5":2,"6":2,"7":2},"f":{},"b":{}}
,"C:\\Users\\Usuario\\Desktop\\Practica Angular\\14-Clean-Architecture-Node-Express-Mongo\\src\\data\\mongodb\\models\\products\\category.model.ts": {"path":"C:\\Users\\Usuario\\Desktop\\Practica Angular\\14-Clean-Architecture-Node-Express-Mongo\\src\\data\\mongodb\\models\\products\\category.model.ts","statementMap":{"0":{"start":{"line":2,"column":0},"end":{"line":2,"column":32}},"1":{"start":{"line":4,"column":23},"end":{"line":24,"column":2}},"2":{"start":{"line":26,"column":13},"end":{"line":26,"column":72}}},"fnMap":{},"branchMap":{},"s":{"0":2,"1":2,"2":2},"f":{},"b":{}}
,"C:\\Users\\Usuario\\Desktop\\Practica Angular\\14-Clean-Architecture-Node-Express-Mongo\\src\\data\\mongodb\\models\\products\\product.model.ts": {"path":"C:\\Users\\Usuario\\Desktop\\Practica Angular\\14-Clean-Architecture-Node-Express-Mongo\\src\\data\\mongodb\\models\\products\\product.model.ts","statementMap":{"0":{"start":{"line":1,"column":0},"end":{"line":1,"column":32}},"1":{"start":{"line":4,"column":22},"end":{"line":49,"column":2}},"2":{"start":{"line":52,"column":13},"end":{"line":52,"column":69}}},"fnMap":{},"branchMap":{},"s":{"0":2,"1":2,"2":2},"f":{},"b":{}}
,"C:\\Users\\Usuario\\Desktop\\Practica Angular\\14-Clean-Architecture-Node-Express-Mongo\\src\\data\\mongodb\\models\\products\\unit.model.ts": {"path":"C:\\Users\\Usuario\\Desktop\\Practica Angular\\14-Clean-Architecture-Node-Express-Mongo\\src\\data\\mongodb\\models\\products\\unit.model.ts","statementMap":{"0":{"start":{"line":2,"column":0},"end":{"line":2,"column":32}},"1":{"start":{"line":4,"column":19},"end":{"line":22,"column":2}},"2":{"start":{"line":24,"column":13},"end":{"line":24,"column":60}}},"fnMap":{},"branchMap":{},"s":{"0":2,"1":2,"2":2},"f":{},"b":{}}
,"C:\\Users\\Usuario\\Desktop\\Practica Angular\\14-Clean-Architecture-Node-Express-Mongo\\src\\data\\mongodb\\models\\sales\\sale.model.ts": {"path":"C:\\Users\\Usuario\\Desktop\\Practica Angular\\14-Clean-Architecture-Node-Express-Mongo\\src\\data\\mongodb\\models\\sales\\sale.model.ts","statementMap":{"0":{"start":{"line":1,"column":0},"end":{"line":1,"column":32}},"1":{"start":{"line":3,"column":23},"end":{"line":23,"column":2}},"2":{"start":{"line":25,"column":19},"end":{"line":83,"column":2}},"3":{"start":{"line":35,"column":16},"end":{"line":35,"column":40}},"4":{"start":{"line":85,"column":13},"end":{"line":85,"column":60}}},"fnMap":{"0":{"name":"(anonymous_1)","decl":{"start":{"line":34,"column":23},"end":{"line":34,"column":32}},"loc":{"start":{"line":34,"column":44},"end":{"line":36,"column":13}}}},"branchMap":{},"s":{"0":2,"1":2,"2":2,"3":0,"4":2},"f":{"0":0},"b":{}}
,"C:\\Users\\Usuario\\Desktop\\Practica Angular\\14-Clean-Architecture-Node-Express-Mongo\\src\\domain\\datasources\\customers\\city.datasource.ts": {"path":"C:\\Users\\Usuario\\Desktop\\Practica Angular\\14-Clean-Architecture-Node-Express-Mongo\\src\\domain\\datasources\\customers\\city.datasource.ts","statementMap":{"0":{"start":{"line":6,"column":0},"end":{"line":6,"column":22}}},"fnMap":{},"branchMap":{},"s":{"0":2},"f":{},"b":{}}
,"C:\\Users\\Usuario\\Desktop\\Practica Angular\\14-Clean-Architecture-Node-Express-Mongo\\src\\domain\\datasources\\customers\\customer.datasource.ts": {"path":"C:\\Users\\Usuario\\Desktop\\Practica Angular\\14-Clean-Architecture-Node-Express-Mongo\\src\\domain\\datasources\\customers\\customer.datasource.ts","statementMap":{"0":{"start":{"line":6,"column":0},"end":{"line":6,"column":22}}},"fnMap":{},"branchMap":{},"s":{"0":2},"f":{},"b":{}}
,"C:\\Users\\Usuario\\Desktop\\Practica Angular\\14-Clean-Architecture-Node-Express-Mongo\\src\\domain\\datasources\\customers\\neighborhood.datasource.ts": {"path":"C:\\Users\\Usuario\\Desktop\\Practica Angular\\14-Clean-Architecture-Node-Express-Mongo\\src\\domain\\datasources\\customers\\neighborhood.datasource.ts","statementMap":{"0":{"start":{"line":6,"column":0},"end":{"line":6,"column":22}}},"fnMap":{},"branchMap":{},"s":{"0":2},"f":{},"b":{}}
,"C:\\Users\\Usuario\\Desktop\\Practica Angular\\14-Clean-Architecture-Node-Express-Mongo\\src\\domain\\datasources\\products\\category.datasource.ts": {"path":"C:\\Users\\Usuario\\Desktop\\Practica Angular\\14-Clean-Architecture-Node-Express-Mongo\\src\\domain\\datasources\\products\\category.datasource.ts","statementMap":{"0":{"start":{"line":8,"column":0},"end":{"line":8,"column":22}}},"fnMap":{},"branchMap":{},"s":{"0":2},"f":{},"b":{}}
,"C:\\Users\\Usuario\\Desktop\\Practica Angular\\14-Clean-Architecture-Node-Express-Mongo\\src\\domain\\datasources\\products\\product.datasource.ts": {"path":"C:\\Users\\Usuario\\Desktop\\Practica Angular\\14-Clean-Architecture-Node-Express-Mongo\\src\\domain\\datasources\\products\\product.datasource.ts","statementMap":{"0":{"start":{"line":9,"column":0},"end":{"line":9,"column":22}}},"fnMap":{},"branchMap":{},"s":{"0":2},"f":{},"b":{}}
,"C:\\Users\\Usuario\\Desktop\\Practica Angular\\14-Clean-Architecture-Node-Express-Mongo\\src\\domain\\dtos\\auth\\login-user.dto.ts": {"path":"C:\\Users\\Usuario\\Desktop\\Practica Angular\\14-Clean-Architecture-Node-Express-Mongo\\src\\domain\\dtos\\auth\\login-user.dto.ts","statementMap":{"0":{"start":{"line":1,"column":0},"end":{"line":1,"column":55}},"1":{"start":{"line":7,"column":15},"end":{"line":7,"column":28}},"2":{"start":{"line":8,"column":15},"end":{"line":8,"column":31}},"3":{"start":{"line":15,"column":34},"end":{"line":15,"column":40}},"4":{"start":{"line":17,"column":8},"end":{"line":17,"column":null}},"5":{"start":{"line":17,"column":19},"end":{"line":17,"column":null}},"6":{"start":{"line":18,"column":8},"end":{"line":18,"column":null}},"7":{"start":{"line":18,"column":47},"end":{"line":18,"column":null}},"8":{"start":{"line":19,"column":8},"end":{"line":19,"column":null}},"9":{"start":{"line":19,"column":22},"end":{"line":19,"column":null}},"10":{"start":{"line":22,"column":8},"end":{"line":22,"column":null}},"11":{"start":{"line":4,"column":0},"end":{"line":4,"column":13}}},"fnMap":{"0":{"name":"(anonymous_0)","decl":{"start":{"line":6,"column":4},"end":{"line":6,"column":null}},"loc":{"start":{"line":8,"column":31},"end":{"line":9,"column":7}}},"1":{"name":"(anonymous_1)","decl":{"start":{"line":13,"column":4},"end":{"line":13,"column":10}},"loc":{"start":{"line":13,"column":45},"end":{"line":23,"column":5}}}},"branchMap":{"0":{"loc":{"start":{"line":17,"column":8},"end":{"line":17,"column":null}},"type":"if","locations":[{"start":{"line":17,"column":8},"end":{"line":17,"column":null}}]},"1":{"loc":{"start":{"line":18,"column":8},"end":{"line":18,"column":null}},"type":"if","locations":[{"start":{"line":18,"column":8},"end":{"line":18,"column":null}}]},"2":{"loc":{"start":{"line":19,"column":8},"end":{"line":19,"column":null}},"type":"if","locations":[{"start":{"line":19,"column":8},"end":{"line":19,"column":null}}]}},"s":{"0":3,"1":3,"2":3,"3":4,"4":4,"5":1,"6":3,"7":0,"8":3,"9":0,"10":3,"11":3},"f":{"0":3,"1":4},"b":{"0":[1],"1":[0],"2":[0]}}
,"C:\\Users\\Usuario\\Desktop\\Practica Angular\\14-Clean-Architecture-Node-Express-Mongo\\src\\domain\\dtos\\auth\\register-user.dto.ts": {"path":"C:\\Users\\Usuario\\Desktop\\Practica Angular\\14-Clean-Architecture-Node-Express-Mongo\\src\\domain\\dtos\\auth\\register-user.dto.ts","statementMap":{"0":{"start":{"line":6,"column":0},"end":{"line":6,"column":55}},"1":{"start":{"line":14,"column":15},"end":{"line":14,"column":27}},"2":{"start":{"line":15,"column":15},"end":{"line":15,"column":28}},"3":{"start":{"line":16,"column":15},"end":{"line":16,"column":31}},"4":{"start":{"line":25,"column":40},"end":{"line":25,"column":46}},"5":{"start":{"line":29,"column":8},"end":{"line":29,"column":null}},"6":{"start":{"line":29,"column":18},"end":{"line":29,"column":null}},"7":{"start":{"line":30,"column":8},"end":{"line":30,"column":null}},"8":{"start":{"line":30,"column":19},"end":{"line":30,"column":null}},"9":{"start":{"line":33,"column":8},"end":{"line":33,"column":null}},"10":{"start":{"line":33,"column":47},"end":{"line":33,"column":null}},"11":{"start":{"line":34,"column":8},"end":{"line":34,"column":null}},"12":{"start":{"line":34,"column":22},"end":{"line":34,"column":null}},"13":{"start":{"line":35,"column":8},"end":{"line":35,"column":null}},"14":{"start":{"line":35,"column":35},"end":{"line":35,"column":null}},"15":{"start":{"line":39,"column":8},"end":{"line":39,"column":null}},"16":{"start":{"line":8,"column":0},"end":{"line":8,"column":13}}},"fnMap":{"0":{"name":"(anonymous_0)","decl":{"start":{"line":13,"column":4},"end":{"line":13,"column":null}},"loc":{"start":{"line":16,"column":31},"end":{"line":17,"column":7}}},"1":{"name":"(anonymous_1)","decl":{"start":{"line":20,"column":4},"end":{"line":20,"column":10}},"loc":{"start":{"line":20,"column":44},"end":{"line":40,"column":5}}}},"branchMap":{"0":{"loc":{"start":{"line":29,"column":8},"end":{"line":29,"column":null}},"type":"if","locations":[{"start":{"line":29,"column":8},"end":{"line":29,"column":null}}]},"1":{"loc":{"start":{"line":30,"column":8},"end":{"line":30,"column":null}},"type":"if","locations":[{"start":{"line":30,"column":8},"end":{"line":30,"column":null}}]},"2":{"loc":{"start":{"line":33,"column":8},"end":{"line":33,"column":null}},"type":"if","locations":[{"start":{"line":33,"column":8},"end":{"line":33,"column":null}}]},"3":{"loc":{"start":{"line":34,"column":8},"end":{"line":34,"column":null}},"type":"if","locations":[{"start":{"line":34,"column":8},"end":{"line":34,"column":null}}]},"4":{"loc":{"start":{"line":35,"column":8},"end":{"line":35,"column":null}},"type":"if","locations":[{"start":{"line":35,"column":8},"end":{"line":35,"column":null}}]}},"s":{"0":5,"1":6,"2":6,"3":6,"4":12,"5":12,"6":1,"7":11,"8":2,"9":9,"10":1,"11":8,"12":1,"13":7,"14":1,"15":6,"16":5},"f":{"0":6,"1":12},"b":{"0":[1],"1":[2],"2":[1],"3":[1],"4":[1]}}
,"C:\\Users\\Usuario\\Desktop\\Practica Angular\\14-Clean-Architecture-Node-Express-Mongo\\src\\domain\\dtos\\chatbot\\chat-query.dto.ts": {"path":"C:\\Users\\Usuario\\Desktop\\Practica Angular\\14-Clean-Architecture-Node-Express-Mongo\\src\\domain\\dtos\\chatbot\\chat-query.dto.ts","statementMap":{"0":{"start":{"line":6,"column":24},"end":{"line":6,"column":37}},"1":{"start":{"line":7,"column":24},"end":{"line":7,"column":42}},"2":{"start":{"line":8,"column":24},"end":{"line":8,"column":57}},"3":{"start":{"line":12,"column":60},"end":{"line":12,"column":66}},"4":{"start":{"line":15,"column":8},"end":{"line":15,"column":67}},"5":{"start":{"line":15,"column":20},"end":{"line":15,"column":67}},"6":{"start":{"line":16,"column":8},"end":{"line":16,"column":97}},"7":{"start":{"line":16,"column":30},"end":{"line":16,"column":97}},"8":{"start":{"line":19,"column":8},"end":{"line":21,"column":9}},"9":{"start":{"line":20,"column":12},"end":{"line":20,"column":83}},"10":{"start":{"line":23,"column":8},"end":{"line":30,"column":10}},"11":{"start":{"line":4,"column":0},"end":{"line":4,"column":13}}},"fnMap":{"0":{"name":"(anonymous_0)","decl":{"start":{"line":5,"column":4},"end":{"line":5,"column":null}},"loc":{"start":{"line":8,"column":67},"end":{"line":9,"column":8}}},"1":{"name":"(anonymous_1)","decl":{"start":{"line":11,"column":4},"end":{"line":11,"column":10}},"loc":{"start":{"line":11,"column":48},"end":{"line":31,"column":5}}}},"branchMap":{"0":{"loc":{"start":{"line":8,"column":24},"end":{"line":8,"column":67}},"type":"default-arg","locations":[{"start":{"line":8,"column":57},"end":{"line":8,"column":67}}]},"1":{"loc":{"start":{"line":12,"column":34},"end":{"line":12,"column":55}},"type":"default-arg","locations":[{"start":{"line":12,"column":45},"end":{"line":12,"column":55}}]},"2":{"loc":{"start":{"line":15,"column":8},"end":{"line":15,"column":67}},"type":"if","locations":[{"start":{"line":15,"column":8},"end":{"line":15,"column":67}}]},"3":{"loc":{"start":{"line":16,"column":8},"end":{"line":16,"column":97}},"type":"if","locations":[{"start":{"line":16,"column":8},"end":{"line":16,"column":97}}]},"4":{"loc":{"start":{"line":19,"column":8},"end":{"line":21,"column":9}},"type":"if","locations":[{"start":{"line":19,"column":8},"end":{"line":21,"column":9}}]},"5":{"loc":{"start":{"line":19,"column":12},"end":{"line":19,"column":59}},"type":"binary-expr","locations":[{"start":{"line":19,"column":12},"end":{"line":19,"column":35}},{"start":{"line":19,"column":39},"end":{"line":19,"column":59}}]}},"s":{"0":0,"1":0,"2":0,"3":0,"4":0,"5":0,"6":0,"7":0,"8":0,"9":0,"10":0,"11":2},"f":{"0":0,"1":0},"b":{"0":[0],"1":[0],"2":[0],"3":[0],"4":[0],"5":[0,0]}}
,"C:\\Users\\Usuario\\Desktop\\Practica Angular\\14-Clean-Architecture-Node-Express-Mongo\\src\\domain\\dtos\\customers\\create-city.dto.ts": {"path":"C:\\Users\\Usuario\\Desktop\\Practica Angular\\14-Clean-Architecture-Node-Express-Mongo\\src\\domain\\dtos\\customers\\create-city.dto.ts","statementMap":{"0":{"start":{"line":3,"column":15},"end":{"line":3,"column":27}},"1":{"start":{"line":4,"column":15},"end":{"line":4,"column":34}},"2":{"start":{"line":5,"column":15},"end":{"line":5,"column":35}},"3":{"start":{"line":10,"column":55},"end":{"line":10,"column":61}},"4":{"start":{"line":13,"column":8},"end":{"line":13,"column":58}},"5":{"start":{"line":13,"column":19},"end":{"line":13,"column":58}},"6":{"start":{"line":14,"column":8},"end":{"line":14,"column":89}},"7":{"start":{"line":14,"column":29},"end":{"line":14,"column":89}},"8":{"start":{"line":16,"column":8},"end":{"line":16,"column":73}},"9":{"start":{"line":16,"column":26},"end":{"line":16,"column":73}},"10":{"start":{"line":19,"column":8},"end":{"line":21,"column":9}},"11":{"start":{"line":20,"column":12},"end":{"line":20,"column":70}},"12":{"start":{"line":24,"column":8},"end":{"line":31,"column":10}},"13":{"start":{"line":1,"column":0},"end":{"line":1,"column":13}}},"fnMap":{"0":{"name":"(anonymous_0)","decl":{"start":{"line":2,"column":4},"end":{"line":2,"column":null}},"loc":{"start":{"line":5,"column":39},"end":{"line":6,"column":8}}},"1":{"name":"(anonymous_1)","decl":{"start":{"line":8,"column":4},"end":{"line":8,"column":10}},"loc":{"start":{"line":8,"column":44},"end":{"line":32,"column":5}}}},"branchMap":{"0":{"loc":{"start":{"line":5,"column":15},"end":{"line":5,"column":39}},"type":"default-arg","locations":[{"start":{"line":5,"column":35},"end":{"line":5,"column":39}}]},"1":{"loc":{"start":{"line":10,"column":35},"end":{"line":10,"column":50}},"type":"default-arg","locations":[{"start":{"line":10,"column":46},"end":{"line":10,"column":50}}]},"2":{"loc":{"start":{"line":13,"column":8},"end":{"line":13,"column":58}},"type":"if","locations":[{"start":{"line":13,"column":8},"end":{"line":13,"column":58}}]},"3":{"loc":{"start":{"line":14,"column":8},"end":{"line":14,"column":89}},"type":"if","locations":[{"start":{"line":14,"column":8},"end":{"line":14,"column":89}}]},"4":{"loc":{"start":{"line":16,"column":8},"end":{"line":16,"column":73}},"type":"if","locations":[{"start":{"line":16,"column":8},"end":{"line":16,"column":73}}]},"5":{"loc":{"start":{"line":19,"column":8},"end":{"line":21,"column":9}},"type":"if","locations":[{"start":{"line":19,"column":8},"end":{"line":21,"column":9}}]},"6":{"loc":{"start":{"line":19,"column":12},"end":{"line":19,"column":67}},"type":"binary-expr","locations":[{"start":{"line":19,"column":12},"end":{"line":19,"column":34}},{"start":{"line":19,"column":38},"end":{"line":19,"column":67}}]}},"s":{"0":2,"1":2,"2":2,"3":6,"4":6,"5":1,"6":5,"7":1,"8":4,"9":1,"10":3,"11":1,"12":2,"13":3},"f":{"0":2,"1":6},"b":{"0":[0],"1":[4],"2":[1],"3":[1],"4":[1],"5":[1],"6":[3,3]}}
,"C:\\Users\\Usuario\\Desktop\\Practica Angular\\14-Clean-Architecture-Node-Express-Mongo\\src\\domain\\dtos\\customers\\create-customer.dto.ts": {"path":"C:\\Users\\Usuario\\Desktop\\Practica Angular\\14-Clean-Architecture-Node-Express-Mongo\\src\\domain\\dtos\\customers\\create-customer.dto.ts","statementMap":{"0":{"start":{"line":1,"column":0},"end":{"line":1,"column":56}},"1":{"start":{"line":5,"column":15},"end":{"line":5,"column":27}},"2":{"start":{"line":6,"column":15},"end":{"line":6,"column":28}},"3":{"start":{"line":7,"column":15},"end":{"line":7,"column":28}},"4":{"start":{"line":8,"column":15},"end":{"line":8,"column":30}},"5":{"start":{"line":9,"column":15},"end":{"line":9,"column":37}},"6":{"start":{"line":10,"column":15},"end":{"line":10,"column":35}},"7":{"start":{"line":15,"column":81},"end":{"line":15,"column":87}},"8":{"start":{"line":18,"column":8},"end":{"line":18,"column":59}},"9":{"start":{"line":18,"column":19},"end":{"line":18,"column":59}},"10":{"start":{"line":19,"column":8},"end":{"line":19,"column":89}},"11":{"start":{"line":19,"column":29},"end":{"line":19,"column":89}},"12":{"start":{"line":21,"column":8},"end":{"line":21,"column":61}},"13":{"start":{"line":21,"column":20},"end":{"line":21,"column":61}},"14":{"start":{"line":22,"column":8},"end":{"line":22,"column":103}},"15":{"start":{"line":22,"column":48},"end":{"line":22,"column":103}},"16":{"start":{"line":24,"column":8},"end":{"line":24,"column":61}},"17":{"start":{"line":24,"column":20},"end":{"line":24,"column":61}},"18":{"start":{"line":26,"column":8},"end":{"line":28,"column":9}},"19":{"start":{"line":27,"column":12},"end":{"line":27,"column":67}},"20":{"start":{"line":30,"column":8},"end":{"line":30,"column":65}},"21":{"start":{"line":30,"column":22},"end":{"line":30,"column":65}},"22":{"start":{"line":31,"column":8},"end":{"line":31,"column":95}},"23":{"start":{"line":31,"column":32},"end":{"line":31,"column":95}},"24":{"start":{"line":33,"column":8},"end":{"line":33,"column":79}},"25":{"start":{"line":33,"column":29},"end":{"line":33,"column":79}},"26":{"start":{"line":35,"column":8},"end":{"line":37,"column":9}},"27":{"start":{"line":36,"column":12},"end":{"line":36,"column":84}},"28":{"start":{"line":40,"column":8},"end":{"line":42,"column":9}},"29":{"start":{"line":41,"column":12},"end":{"line":41,"column":69}},"30":{"start":{"line":45,"column":8},"end":{"line":55,"column":10}},"31":{"start":{"line":3,"column":0},"end":{"line":3,"column":13}}},"fnMap":{"0":{"name":"(anonymous_0)","decl":{"start":{"line":4,"column":4},"end":{"line":4,"column":null}},"loc":{"start":{"line":10,"column":39},"end":{"line":11,"column":8}}},"1":{"name":"(anonymous_1)","decl":{"start":{"line":13,"column":4},"end":{"line":13,"column":10}},"loc":{"start":{"line":13,"column":44},"end":{"line":56,"column":5}}}},"branchMap":{"0":{"loc":{"start":{"line":10,"column":15},"end":{"line":10,"column":39}},"type":"default-arg","locations":[{"start":{"line":10,"column":35},"end":{"line":10,"column":39}}]},"1":{"loc":{"start":{"line":15,"column":61},"end":{"line":15,"column":76}},"type":"default-arg","locations":[{"start":{"line":15,"column":72},"end":{"line":15,"column":76}}]},"2":{"loc":{"start":{"line":18,"column":8},"end":{"line":18,"column":59}},"type":"if","locations":[{"start":{"line":18,"column":8},"end":{"line":18,"column":59}}]},"3":{"loc":{"start":{"line":19,"column":8},"end":{"line":19,"column":89}},"type":"if","locations":[{"start":{"line":19,"column":8},"end":{"line":19,"column":89}}]},"4":{"loc":{"start":{"line":21,"column":8},"end":{"line":21,"column":61}},"type":"if","locations":[{"start":{"line":21,"column":8},"end":{"line":21,"column":61}}]},"5":{"loc":{"start":{"line":22,"column":8},"end":{"line":22,"column":103}},"type":"if","locations":[{"start":{"line":22,"column":8},"end":{"line":22,"column":103}}]},"6":{"loc":{"start":{"line":24,"column":8},"end":{"line":24,"column":61}},"type":"if","locations":[{"start":{"line":24,"column":8},"end":{"line":24,"column":61}}]},"7":{"loc":{"start":{"line":26,"column":8},"end":{"line":28,"column":9}},"type":"if","locations":[{"start":{"line":26,"column":8},"end":{"line":28,"column":9}}]},"8":{"loc":{"start":{"line":30,"column":8},"end":{"line":30,"column":65}},"type":"if","locations":[{"start":{"line":30,"column":8},"end":{"line":30,"column":65}}]},"9":{"loc":{"start":{"line":31,"column":8},"end":{"line":31,"column":95}},"type":"if","locations":[{"start":{"line":31,"column":8},"end":{"line":31,"column":95}}]},"10":{"loc":{"start":{"line":33,"column":8},"end":{"line":33,"column":79}},"type":"if","locations":[{"start":{"line":33,"column":8},"end":{"line":33,"column":79}}]},"11":{"loc":{"start":{"line":35,"column":8},"end":{"line":37,"column":9}},"type":"if","locations":[{"start":{"line":35,"column":8},"end":{"line":37,"column":9}}]},"12":{"loc":{"start":{"line":40,"column":8},"end":{"line":42,"column":9}},"type":"if","locations":[{"start":{"line":40,"column":8},"end":{"line":42,"column":9}}]},"13":{"loc":{"start":{"line":40,"column":12},"end":{"line":40,"column":67}},"type":"binary-expr","locations":[{"start":{"line":40,"column":12},"end":{"line":40,"column":34}},{"start":{"line":40,"column":38},"end":{"line":40,"column":67}}]}},"s":{"0":3,"1":2,"2":2,"3":2,"4":2,"5":2,"6":2,"7":13,"8":13,"9":1,"10":12,"11":1,"12":11,"13":1,"14":10,"15":1,"16":9,"17":1,"18":8,"19":1,"20":7,"21":1,"22":6,"23":1,"24":5,"25":1,"26":4,"27":1,"28":3,"29":1,"30":2,"31":3},"f":{"0":2,"1":13},"b":{"0":[0],"1":[11],"2":[1],"3":[1],"4":[1],"5":[1],"6":[1],"7":[1],"8":[1],"9":[1],"10":[1],"11":[1],"12":[1],"13":[3,3]}}
,"C:\\Users\\Usuario\\Desktop\\Practica Angular\\14-Clean-Architecture-Node-Express-Mongo\\src\\domain\\dtos\\customers\\create-neighborhood.dto.ts": {"path":"C:\\Users\\Usuario\\Desktop\\Practica Angular\\14-Clean-Architecture-Node-Express-Mongo\\src\\domain\\dtos\\customers\\create-neighborhood.dto.ts","statementMap":{"0":{"start":{"line":3,"column":15},"end":{"line":3,"column":27}},"1":{"start":{"line":4,"column":15},"end":{"line":4,"column":34}},"2":{"start":{"line":5,"column":15},"end":{"line":5,"column":29}},"3":{"start":{"line":6,"column":15},"end":{"line":6,"column":35}},"4":{"start":{"line":11,"column":63},"end":{"line":11,"column":69}},"5":{"start":{"line":14,"column":8},"end":{"line":14,"column":59}},"6":{"start":{"line":14,"column":19},"end":{"line":14,"column":59}},"7":{"start":{"line":15,"column":8},"end":{"line":15,"column":89}},"8":{"start":{"line":15,"column":29},"end":{"line":15,"column":89}},"9":{"start":{"line":17,"column":8},"end":{"line":17,"column":73}},"10":{"start":{"line":17,"column":26},"end":{"line":17,"column":73}},"11":{"start":{"line":19,"column":8},"end":{"line":19,"column":63}},"12":{"start":{"line":19,"column":21},"end":{"line":19,"column":63}},"13":{"start":{"line":22,"column":8},"end":{"line":24,"column":9}},"14":{"start":{"line":23,"column":12},"end":{"line":23,"column":76}},"15":{"start":{"line":27,"column":8},"end":{"line":29,"column":9}},"16":{"start":{"line":28,"column":12},"end":{"line":28,"column":69}},"17":{"start":{"line":32,"column":8},"end":{"line":40,"column":10}},"18":{"start":{"line":1,"column":0},"end":{"line":1,"column":13}}},"fnMap":{"0":{"name":"(anonymous_0)","decl":{"start":{"line":2,"column":4},"end":{"line":2,"column":null}},"loc":{"start":{"line":6,"column":39},"end":{"line":7,"column":8}}},"1":{"name":"(anonymous_1)","decl":{"start":{"line":9,"column":4},"end":{"line":9,"column":10}},"loc":{"start":{"line":9,"column":44},"end":{"line":41,"column":5}}}},"branchMap":{"0":{"loc":{"start":{"line":6,"column":15},"end":{"line":6,"column":39}},"type":"default-arg","locations":[{"start":{"line":6,"column":35},"end":{"line":6,"column":39}}]},"1":{"loc":{"start":{"line":11,"column":43},"end":{"line":11,"column":58}},"type":"default-arg","locations":[{"start":{"line":11,"column":54},"end":{"line":11,"column":58}}]},"2":{"loc":{"start":{"line":14,"column":8},"end":{"line":14,"column":59}},"type":"if","locations":[{"start":{"line":14,"column":8},"end":{"line":14,"column":59}}]},"3":{"loc":{"start":{"line":15,"column":8},"end":{"line":15,"column":89}},"type":"if","locations":[{"start":{"line":15,"column":8},"end":{"line":15,"column":89}}]},"4":{"loc":{"start":{"line":17,"column":8},"end":{"line":17,"column":73}},"type":"if","locations":[{"start":{"line":17,"column":8},"end":{"line":17,"column":73}}]},"5":{"loc":{"start":{"line":19,"column":8},"end":{"line":19,"column":63}},"type":"if","locations":[{"start":{"line":19,"column":8},"end":{"line":19,"column":63}}]},"6":{"loc":{"start":{"line":22,"column":8},"end":{"line":24,"column":9}},"type":"if","locations":[{"start":{"line":22,"column":8},"end":{"line":24,"column":9}}]},"7":{"loc":{"start":{"line":27,"column":8},"end":{"line":29,"column":9}},"type":"if","locations":[{"start":{"line":27,"column":8},"end":{"line":29,"column":9}}]},"8":{"loc":{"start":{"line":27,"column":12},"end":{"line":27,"column":67}},"type":"binary-expr","locations":[{"start":{"line":27,"column":12},"end":{"line":27,"column":34}},{"start":{"line":27,"column":38},"end":{"line":27,"column":67}}]}},"s":{"0":2,"1":2,"2":2,"3":2,"4":8,"5":8,"6":1,"7":7,"8":1,"9":6,"10":1,"11":5,"12":1,"13":4,"14":1,"15":3,"16":1,"17":2,"18":3},"f":{"0":2,"1":8},"b":{"0":[0],"1":[6],"2":[1],"3":[1],"4":[1],"5":[1],"6":[1],"7":[1],"8":[3,3]}}
,"C:\\Users\\Usuario\\Desktop\\Practica Angular\\14-Clean-Architecture-Node-Express-Mongo\\src\\domain\\dtos\\customers\\update-city.dto.ts": {"path":"C:\\Users\\Usuario\\Desktop\\Practica Angular\\14-Clean-Architecture-Node-Express-Mongo\\src\\domain\\dtos\\customers\\update-city.dto.ts","statementMap":{"0":{"start":{"line":3,"column":15},"end":{"line":3,"column":28}},"1":{"start":{"line":4,"column":15},"end":{"line":4,"column":35}},"2":{"start":{"line":5,"column":15},"end":{"line":5,"column":33}},"3":{"start":{"line":10,"column":8},"end":{"line":12,"column":9}},"4":{"start":{"line":11,"column":12},"end":{"line":11,"column":86}},"5":{"start":{"line":14,"column":48},"end":{"line":14,"column":54}},"6":{"start":{"line":15,"column":32},"end":{"line":15,"column":34}},"7":{"start":{"line":18,"column":8},"end":{"line":23,"column":9}},"8":{"start":{"line":19,"column":12},"end":{"line":21,"column":13}},"9":{"start":{"line":20,"column":16},"end":{"line":20,"column":81}},"10":{"start":{"line":22,"column":12},"end":{"line":22,"column":56}},"11":{"start":{"line":25,"column":8},"end":{"line":27,"column":9}},"12":{"start":{"line":26,"column":12},"end":{"line":26,"column":70}},"13":{"start":{"line":29,"column":8},"end":{"line":34,"column":9}},"14":{"start":{"line":30,"column":12},"end":{"line":32,"column":13}},"15":{"start":{"line":31,"column":16},"end":{"line":31,"column":74}},"16":{"start":{"line":33,"column":12},"end":{"line":33,"column":43}},"17":{"start":{"line":37,"column":8},"end":{"line":44,"column":10}},"18":{"start":{"line":1,"column":0},"end":{"line":1,"column":13}}},"fnMap":{"0":{"name":"(anonymous_0)","decl":{"start":{"line":2,"column":4},"end":{"line":2,"column":null}},"loc":{"start":{"line":5,"column":33},"end":{"line":6,"column":8}}},"1":{"name":"(anonymous_1)","decl":{"start":{"line":8,"column":4},"end":{"line":8,"column":10}},"loc":{"start":{"line":8,"column":44},"end":{"line":45,"column":5}}}},"branchMap":{"0":{"loc":{"start":{"line":10,"column":8},"end":{"line":12,"column":9}},"type":"if","locations":[{"start":{"line":10,"column":8},"end":{"line":12,"column":9}}]},"1":{"loc":{"start":{"line":18,"column":8},"end":{"line":23,"column":9}},"type":"if","locations":[{"start":{"line":18,"column":8},"end":{"line":23,"column":9}}]},"2":{"loc":{"start":{"line":19,"column":12},"end":{"line":21,"column":13}},"type":"if","locations":[{"start":{"line":19,"column":12},"end":{"line":21,"column":13}}]},"3":{"loc":{"start":{"line":25,"column":8},"end":{"line":27,"column":9}},"type":"if","locations":[{"start":{"line":25,"column":8},"end":{"line":27,"column":9}}]},"4":{"loc":{"start":{"line":29,"column":8},"end":{"line":34,"column":9}},"type":"if","locations":[{"start":{"line":29,"column":8},"end":{"line":34,"column":9}}]},"5":{"loc":{"start":{"line":30,"column":12},"end":{"line":32,"column":13}},"type":"if","locations":[{"start":{"line":30,"column":12},"end":{"line":32,"column":13}}]},"6":{"loc":{"start":{"line":40,"column":16},"end":{"line":40,"column":61}},"type":"cond-expr","locations":[{"start":{"line":40,"column":34},"end":{"line":40,"column":49}},{"start":{"line":40,"column":52},"end":{"line":40,"column":61}}]},"7":{"loc":{"start":{"line":41,"column":16},"end":{"line":41,"column":75}},"type":"cond-expr","locations":[{"start":{"line":41,"column":41},"end":{"line":41,"column":63}},{"start":{"line":41,"column":66},"end":{"line":41,"column":75}}]}},"s":{"0":2,"1":2,"2":2,"3":6,"4":1,"5":5,"6":5,"7":5,"8":4,"9":1,"10":3,"11":4,"12":2,"13":4,"14":3,"15":2,"16":1,"17":2,"18":3},"f":{"0":2,"1":6},"b":{"0":[1],"1":[4],"2":[1],"3":[2],"4":[3],"5":[2],"6":[2,0],"7":[1,1]}}
,"C:\\Users\\Usuario\\Desktop\\Practica Angular\\14-Clean-Architecture-Node-Express-Mongo\\src\\domain\\dtos\\customers\\update-customer.dto.ts": {"path":"C:\\Users\\Usuario\\Desktop\\Practica Angular\\14-Clean-Architecture-Node-Express-Mongo\\src\\domain\\dtos\\customers\\update-customer.dto.ts","statementMap":{"0":{"start":{"line":1,"column":0},"end":{"line":1,"column":56}},"1":{"start":{"line":5,"column":15},"end":{"line":5,"column":28}},"2":{"start":{"line":6,"column":15},"end":{"line":6,"column":29}},"3":{"start":{"line":7,"column":15},"end":{"line":7,"column":29}},"4":{"start":{"line":8,"column":15},"end":{"line":8,"column":31}},"5":{"start":{"line":9,"column":15},"end":{"line":9,"column":38}},"6":{"start":{"line":10,"column":15},"end":{"line":10,"column":33}},"7":{"start":{"line":16,"column":8},"end":{"line":18,"column":9}},"8":{"start":{"line":17,"column":12},"end":{"line":17,"column":86}},"9":{"start":{"line":20,"column":74},"end":{"line":20,"column":80}},"10":{"start":{"line":21,"column":32},"end":{"line":21,"column":34}},"11":{"start":{"line":24,"column":8},"end":{"line":29,"column":9}},"12":{"start":{"line":25,"column":12},"end":{"line":27,"column":13}},"13":{"start":{"line":26,"column":16},"end":{"line":26,"column":81}},"14":{"start":{"line":28,"column":12},"end":{"line":28,"column":56}},"15":{"start":{"line":31,"column":8},"end":{"line":36,"column":9}},"16":{"start":{"line":32,"column":12},"end":{"line":34,"column":13}},"17":{"start":{"line":33,"column":16},"end":{"line":33,"column":72}},"18":{"start":{"line":35,"column":12},"end":{"line":35,"column":58}},"19":{"start":{"line":38,"column":8},"end":{"line":43,"column":9}},"20":{"start":{"line":39,"column":12},"end":{"line":41,"column":13}},"21":{"start":{"line":40,"column":16},"end":{"line":40,"column":75}},"22":{"start":{"line":42,"column":12},"end":{"line":42,"column":44}},"23":{"start":{"line":45,"column":8},"end":{"line":50,"column":9}},"24":{"start":{"line":46,"column":12},"end":{"line":48,"column":13}},"25":{"start":{"line":47,"column":16},"end":{"line":47,"column":84}},"26":{"start":{"line":49,"column":12},"end":{"line":49,"column":62}},"27":{"start":{"line":52,"column":8},"end":{"line":57,"column":9}},"28":{"start":{"line":53,"column":12},"end":{"line":55,"column":13}},"29":{"start":{"line":54,"column":16},"end":{"line":54,"column":86}},"30":{"start":{"line":56,"column":12},"end":{"line":56,"column":55}},"31":{"start":{"line":59,"column":8},"end":{"line":64,"column":9}},"32":{"start":{"line":60,"column":12},"end":{"line":62,"column":13}},"33":{"start":{"line":61,"column":16},"end":{"line":61,"column":73}},"34":{"start":{"line":63,"column":12},"end":{"line":63,"column":43}},"35":{"start":{"line":67,"column":8},"end":{"line":77,"column":10}},"36":{"start":{"line":3,"column":0},"end":{"line":3,"column":13}}},"fnMap":{"0":{"name":"(anonymous_0)","decl":{"start":{"line":4,"column":4},"end":{"line":4,"column":null}},"loc":{"start":{"line":10,"column":33},"end":{"line":11,"column":8}}},"1":{"name":"(anonymous_1)","decl":{"start":{"line":13,"column":4},"end":{"line":13,"column":10}},"loc":{"start":{"line":13,"column":44},"end":{"line":78,"column":5}}}},"branchMap":{"0":{"loc":{"start":{"line":16,"column":8},"end":{"line":18,"column":9}},"type":"if","locations":[{"start":{"line":16,"column":8},"end":{"line":18,"column":9}}]},"1":{"loc":{"start":{"line":24,"column":8},"end":{"line":29,"column":9}},"type":"if","locations":[{"start":{"line":24,"column":8},"end":{"line":29,"column":9}}]},"2":{"loc":{"start":{"line":25,"column":12},"end":{"line":27,"column":13}},"type":"if","locations":[{"start":{"line":25,"column":12},"end":{"line":27,"column":13}}]},"3":{"loc":{"start":{"line":31,"column":8},"end":{"line":36,"column":9}},"type":"if","locations":[{"start":{"line":31,"column":8},"end":{"line":36,"column":9}}]},"4":{"loc":{"start":{"line":32,"column":12},"end":{"line":34,"column":13}},"type":"if","locations":[{"start":{"line":32,"column":12},"end":{"line":34,"column":13}}]},"5":{"loc":{"start":{"line":38,"column":8},"end":{"line":43,"column":9}},"type":"if","locations":[{"start":{"line":38,"column":8},"end":{"line":43,"column":9}}]},"6":{"loc":{"start":{"line":39,"column":12},"end":{"line":41,"column":13}},"type":"if","locations":[{"start":{"line":39,"column":12},"end":{"line":41,"column":13}}]},"7":{"loc":{"start":{"line":45,"column":8},"end":{"line":50,"column":9}},"type":"if","locations":[{"start":{"line":45,"column":8},"end":{"line":50,"column":9}}]},"8":{"loc":{"start":{"line":46,"column":12},"end":{"line":48,"column":13}},"type":"if","locations":[{"start":{"line":46,"column":12},"end":{"line":48,"column":13}}]},"9":{"loc":{"start":{"line":52,"column":8},"end":{"line":57,"column":9}},"type":"if","locations":[{"start":{"line":52,"column":8},"end":{"line":57,"column":9}}]},"10":{"loc":{"start":{"line":53,"column":12},"end":{"line":55,"column":13}},"type":"if","locations":[{"start":{"line":53,"column":12},"end":{"line":55,"column":13}}]},"11":{"loc":{"start":{"line":59,"column":8},"end":{"line":64,"column":9}},"type":"if","locations":[{"start":{"line":59,"column":8},"end":{"line":64,"column":9}}]},"12":{"loc":{"start":{"line":60,"column":12},"end":{"line":62,"column":13}},"type":"if","locations":[{"start":{"line":60,"column":12},"end":{"line":62,"column":13}}]}},"s":{"0":3,"1":3,"2":3,"3":3,"4":3,"5":3,"6":3,"7":6,"8":1,"9":5,"10":5,"11":5,"12":3,"13":1,"14":2,"15":4,"16":3,"17":1,"18":2,"19":3,"20":1,"21":0,"22":1,"23":3,"24":1,"25":0,"26":1,"27":3,"28":1,"29":0,"30":1,"31":3,"32":1,"33":0,"34":1,"35":3,"36":3},"f":{"0":3,"1":6},"b":{"0":[1],"1":[3],"2":[1],"3":[3],"4":[1],"5":[1],"6":[0],"7":[1],"8":[0],"9":[1],"10":[0],"11":[1],"12":[0]}}
,"C:\\Users\\Usuario\\Desktop\\Practica Angular\\14-Clean-Architecture-Node-Express-Mongo\\src\\domain\\dtos\\customers\\update-neighborhood.dto.ts": {"path":"C:\\Users\\Usuario\\Desktop\\Practica Angular\\14-Clean-Architecture-Node-Express-Mongo\\src\\domain\\dtos\\customers\\update-neighborhood.dto.ts","statementMap":{"0":{"start":{"line":3,"column":15},"end":{"line":3,"column":28}},"1":{"start":{"line":4,"column":15},"end":{"line":4,"column":35}},"2":{"start":{"line":5,"column":15},"end":{"line":5,"column":30}},"3":{"start":{"line":6,"column":15},"end":{"line":6,"column":33}},"4":{"start":{"line":11,"column":8},"end":{"line":13,"column":9}},"5":{"start":{"line":12,"column":12},"end":{"line":12,"column":86}},"6":{"start":{"line":15,"column":56},"end":{"line":15,"column":62}},"7":{"start":{"line":16,"column":32},"end":{"line":16,"column":34}},"8":{"start":{"line":19,"column":8},"end":{"line":24,"column":9}},"9":{"start":{"line":20,"column":12},"end":{"line":22,"column":13}},"10":{"start":{"line":21,"column":16},"end":{"line":21,"column":76}},"11":{"start":{"line":23,"column":12},"end":{"line":23,"column":56}},"12":{"start":{"line":26,"column":8},"end":{"line":28,"column":9}},"13":{"start":{"line":27,"column":12},"end":{"line":27,"column":70}},"14":{"start":{"line":30,"column":8},"end":{"line":35,"column":9}},"15":{"start":{"line":31,"column":12},"end":{"line":33,"column":13}},"16":{"start":{"line":32,"column":16},"end":{"line":32,"column":78}},"17":{"start":{"line":34,"column":12},"end":{"line":34,"column":39}},"18":{"start":{"line":37,"column":8},"end":{"line":42,"column":9}},"19":{"start":{"line":38,"column":12},"end":{"line":40,"column":13}},"20":{"start":{"line":39,"column":16},"end":{"line":39,"column":73}},"21":{"start":{"line":41,"column":12},"end":{"line":41,"column":43}},"22":{"start":{"line":45,"column":8},"end":{"line":53,"column":10}},"23":{"start":{"line":1,"column":0},"end":{"line":1,"column":13}}},"fnMap":{"0":{"name":"(anonymous_0)","decl":{"start":{"line":2,"column":4},"end":{"line":2,"column":null}},"loc":{"start":{"line":6,"column":33},"end":{"line":7,"column":8}}},"1":{"name":"(anonymous_1)","decl":{"start":{"line":9,"column":4},"end":{"line":9,"column":10}},"loc":{"start":{"line":9,"column":44},"end":{"line":54,"column":5}}}},"branchMap":{"0":{"loc":{"start":{"line":11,"column":8},"end":{"line":13,"column":9}},"type":"if","locations":[{"start":{"line":11,"column":8},"end":{"line":13,"column":9}}]},"1":{"loc":{"start":{"line":19,"column":8},"end":{"line":24,"column":9}},"type":"if","locations":[{"start":{"line":19,"column":8},"end":{"line":24,"column":9}}]},"2":{"loc":{"start":{"line":20,"column":12},"end":{"line":22,"column":13}},"type":"if","locations":[{"start":{"line":20,"column":12},"end":{"line":22,"column":13}}]},"3":{"loc":{"start":{"line":26,"column":8},"end":{"line":28,"column":9}},"type":"if","locations":[{"start":{"line":26,"column":8},"end":{"line":28,"column":9}}]},"4":{"loc":{"start":{"line":30,"column":8},"end":{"line":35,"column":9}},"type":"if","locations":[{"start":{"line":30,"column":8},"end":{"line":35,"column":9}}]},"5":{"loc":{"start":{"line":31,"column":12},"end":{"line":33,"column":13}},"type":"if","locations":[{"start":{"line":31,"column":12},"end":{"line":33,"column":13}}]},"6":{"loc":{"start":{"line":37,"column":8},"end":{"line":42,"column":9}},"type":"if","locations":[{"start":{"line":37,"column":8},"end":{"line":42,"column":9}}]},"7":{"loc":{"start":{"line":38,"column":12},"end":{"line":40,"column":13}},"type":"if","locations":[{"start":{"line":38,"column":12},"end":{"line":40,"column":13}}]}},"s":{"0":2,"1":2,"2":2,"3":2,"4":7,"5":1,"6":6,"7":6,"8":6,"9":4,"10":1,"11":3,"12":5,"13":2,"14":5,"15":3,"16":2,"17":1,"18":3,"19":2,"20":1,"21":1,"22":2,"23":3},"f":{"0":2,"1":7},"b":{"0":[1],"1":[4],"2":[1],"3":[2],"4":[3],"5":[2],"6":[2],"7":[1]}}
,"C:\\Users\\Usuario\\Desktop\\Practica Angular\\14-Clean-Architecture-Node-Express-Mongo\\src\\domain\\dtos\\payment\\create-payment.dto.ts": {"path":"C:\\Users\\Usuario\\Desktop\\Practica Angular\\14-Clean-Architecture-Node-Express-Mongo\\src\\domain\\dtos\\payment\\create-payment.dto.ts","statementMap":{"0":{"start":{"line":3,"column":0},"end":{"line":3,"column":87}},"1":{"start":{"line":9,"column":11},"end":{"line":9,"column":25}},"2":{"start":{"line":10,"column":11},"end":{"line":10,"column":29}},"3":{"start":{"line":11,"column":11},"end":{"line":11,"column":25}},"4":{"start":{"line":12,"column":11},"end":{"line":12,"column":36}},"5":{"start":{"line":13,"column":11},"end":{"line":13,"column":35}},"6":{"start":{"line":14,"column":11},"end":{"line":14,"column":34}},"7":{"start":{"line":15,"column":11},"end":{"line":15,"column":null}},"8":{"start":{"line":20,"column":11},"end":{"line":20,"column":34}},"9":{"start":{"line":21,"column":11},"end":{"line":21,"column":40}},"10":{"start":{"line":22,"column":11},"end":{"line":22,"column":37}},"11":{"start":{"line":23,"column":11},"end":{"line":23,"column":34}},"12":{"start":{"line":24,"column":11},"end":{"line":24,"column":25}},"13":{"start":{"line":41,"column":8},"end":{"line":41,"column":14}},"14":{"start":{"line":44,"column":4},"end":{"line":44,"column":59}},"15":{"start":{"line":44,"column":17},"end":{"line":44,"column":59}},"16":{"start":{"line":45,"column":4},"end":{"line":45,"column":67}},"17":{"start":{"line":45,"column":21},"end":{"line":45,"column":67}},"18":{"start":{"line":46,"column":4},"end":{"line":46,"column":80}},"19":{"start":{"line":46,"column":32},"end":{"line":46,"column":80}},"20":{"start":{"line":47,"column":4},"end":{"line":47,"column":118}},"21":{"start":{"line":47,"column":63},"end":{"line":47,"column":118}},"22":{"start":{"line":48,"column":4},"end":{"line":48,"column":57}},"23":{"start":{"line":48,"column":16},"end":{"line":48,"column":57}},"24":{"start":{"line":49,"column":4},"end":{"line":49,"column":75}},"25":{"start":{"line":49,"column":22},"end":{"line":49,"column":75}},"26":{"start":{"line":50,"column":4},"end":{"line":50,"column":63}},"27":{"start":{"line":50,"column":19},"end":{"line":50,"column":63}},"28":{"start":{"line":51,"column":4},"end":{"line":51,"column":79}},"29":{"start":{"line":51,"column":27},"end":{"line":51,"column":79}},"30":{"start":{"line":52,"column":4},"end":{"line":52,"column":79}},"31":{"start":{"line":52,"column":27},"end":{"line":52,"column":79}},"32":{"start":{"line":53,"column":4},"end":{"line":53,"column":83}},"33":{"start":{"line":53,"column":27},"end":{"line":53,"column":83}},"34":{"start":{"line":54,"column":4},"end":{"line":54,"column":77}},"35":{"start":{"line":54,"column":26},"end":{"line":54,"column":77}},"36":{"start":{"line":57,"column":4},"end":{"line":62,"column":5}},"37":{"start":{"line":58,"column":6},"end":{"line":58,"column":67}},"38":{"start":{"line":58,"column":20},"end":{"line":58,"column":67}},"39":{"start":{"line":59,"column":6},"end":{"line":59,"column":73}},"40":{"start":{"line":59,"column":23},"end":{"line":59,"column":73}},"41":{"start":{"line":60,"column":6},"end":{"line":60,"column":107}},"42":{"start":{"line":60,"column":48},"end":{"line":60,"column":107}},"43":{"start":{"line":61,"column":6},"end":{"line":61,"column":113}},"44":{"start":{"line":61,"column":52},"end":{"line":61,"column":113}},"45":{"start":{"line":65,"column":36},"end":{"line":65,"column":87}},"46":{"start":{"line":67,"column":4},"end":{"line":83,"column":6}},"47":{"start":{"line":7,"column":0},"end":{"line":7,"column":13}}},"fnMap":{"0":{"name":"(anonymous_0)","decl":{"start":{"line":8,"column":2},"end":{"line":8,"column":null}},"loc":{"start":{"line":24,"column":25},"end":{"line":25,"column":6}}},"1":{"name":"(anonymous_1)","decl":{"start":{"line":27,"column":2},"end":{"line":27,"column":8}},"loc":{"start":{"line":27,"column":46},"end":{"line":84,"column":3}}}},"branchMap":{"0":{"loc":{"start":{"line":32,"column":6},"end":{"line":32,"column":45}},"type":"default-arg","locations":[{"start":{"line":32,"column":17},"end":{"line":32,"column":45}}]},"1":{"loc":{"start":{"line":44,"column":4},"end":{"line":44,"column":59}},"type":"if","locations":[{"start":{"line":44,"column":4},"end":{"line":44,"column":59}}]},"2":{"loc":{"start":{"line":45,"column":4},"end":{"line":45,"column":67}},"type":"if","locations":[{"start":{"line":45,"column":4},"end":{"line":45,"column":67}}]},"3":{"loc":{"start":{"line":46,"column":4},"end":{"line":46,"column":80}},"type":"if","locations":[{"start":{"line":46,"column":4},"end":{"line":46,"column":80}}]},"4":{"loc":{"start":{"line":46,"column":8},"end":{"line":46,"column":30}},"type":"binary-expr","locations":[{"start":{"line":46,"column":8},"end":{"line":46,"column":15}},{"start":{"line":46,"column":19},"end":{"line":46,"column":30}}]},"5":{"loc":{"start":{"line":47,"column":4},"end":{"line":47,"column":118}},"type":"if","locations":[{"start":{"line":47,"column":4},"end":{"line":47,"column":118}}]},"6":{"loc":{"start":{"line":47,"column":8},"end":{"line":47,"column":61}},"type":"binary-expr","locations":[{"start":{"line":47,"column":8},"end":{"line":47,"column":14}},{"start":{"line":47,"column":18},"end":{"line":47,"column":39}},{"start":{"line":47,"column":43},"end":{"line":47,"column":61}}]},"7":{"loc":{"start":{"line":48,"column":4},"end":{"line":48,"column":57}},"type":"if","locations":[{"start":{"line":48,"column":4},"end":{"line":48,"column":57}}]},"8":{"loc":{"start":{"line":49,"column":4},"end":{"line":49,"column":75}},"type":"if","locations":[{"start":{"line":49,"column":4},"end":{"line":49,"column":75}}]},"9":{"loc":{"start":{"line":50,"column":4},"end":{"line":50,"column":63}},"type":"if","locations":[{"start":{"line":50,"column":4},"end":{"line":50,"column":63}}]},"10":{"loc":{"start":{"line":51,"column":4},"end":{"line":51,"column":79}},"type":"if","locations":[{"start":{"line":51,"column":4},"end":{"line":51,"column":79}}]},"11":{"loc":{"start":{"line":52,"column":4},"end":{"line":52,"column":79}},"type":"if","locations":[{"start":{"line":52,"column":4},"end":{"line":52,"column":79}}]},"12":{"loc":{"start":{"line":53,"column":4},"end":{"line":53,"column":83}},"type":"if","locations":[{"start":{"line":53,"column":4},"end":{"line":53,"column":83}}]},"13":{"loc":{"start":{"line":54,"column":4},"end":{"line":54,"column":77}},"type":"if","locations":[{"start":{"line":54,"column":4},"end":{"line":54,"column":77}}]},"14":{"loc":{"start":{"line":58,"column":6},"end":{"line":58,"column":67}},"type":"if","locations":[{"start":{"line":58,"column":6},"end":{"line":58,"column":67}}]},"15":{"loc":{"start":{"line":59,"column":6},"end":{"line":59,"column":73}},"type":"if","locations":[{"start":{"line":59,"column":6},"end":{"line":59,"column":73}}]},"16":{"loc":{"start":{"line":60,"column":6},"end":{"line":60,"column":107}},"type":"if","locations":[{"start":{"line":60,"column":6},"end":{"line":60,"column":107}}]},"17":{"loc":{"start":{"line":60,"column":10},"end":{"line":60,"column":46}},"type":"binary-expr","locations":[{"start":{"line":60,"column":10},"end":{"line":60,"column":24}},{"start":{"line":60,"column":28},"end":{"line":60,"column":46}}]},"18":{"loc":{"start":{"line":61,"column":6},"end":{"line":61,"column":113}},"type":"if","locations":[{"start":{"line":61,"column":6},"end":{"line":61,"column":113}}]},"19":{"loc":{"start":{"line":61,"column":10},"end":{"line":61,"column":50}},"type":"binary-expr","locations":[{"start":{"line":61,"column":10},"end":{"line":61,"column":26}},{"start":{"line":61,"column":30},"end":{"line":61,"column":50}}]},"20":{"loc":{"start":{"line":65,"column":36},"end":{"line":65,"column":87}},"type":"binary-expr","locations":[{"start":{"line":65,"column":36},"end":{"line":65,"column":50}},{"start":{"line":65,"column":54},"end":{"line":65,"column":87}}]},"21":{"loc":{"start":{"line":79,"column":8},"end":{"line":79,"column":45}},"type":"binary-expr","locations":[{"start":{"line":79,"column":8},"end":{"line":79,"column":25}},{"start":{"line":79,"column":29},"end":{"line":79,"column":45}}]}},"s":{"0":3,"1":5,"2":5,"3":5,"4":5,"5":5,"6":5,"7":5,"8":5,"9":5,"10":5,"11":5,"12":5,"13":21,"14":21,"15":1,"16":20,"17":1,"18":19,"19":1,"20":18,"21":2,"22":16,"23":1,"24":15,"25":1,"26":14,"27":1,"28":13,"29":1,"30":12,"31":1,"32":11,"33":1,"34":10,"35":1,"36":9,"37":9,"38":1,"39":8,"40":1,"41":7,"42":1,"43":6,"44":1,"45":5,"46":5,"47":3},"f":{"0":5,"1":21},"b":{"0":[0],"1":[1],"2":[1],"3":[1],"4":[19,18],"5":[2],"6":[18,17,17],"7":[1],"8":[1],"9":[1],"10":[1],"11":[1],"12":[1],"13":[1],"14":[1],"15":[1],"16":[1],"17":[7,6],"18":[1],"19":[6,5],"20":[5,4],"21":[5,4]}}
,"C:\\Users\\Usuario\\Desktop\\Practica Angular\\14-Clean-Architecture-Node-Express-Mongo\\src\\domain\\dtos\\payment\\process-webhook.dto.ts": {"path":"C:\\Users\\Usuario\\Desktop\\Practica Angular\\14-Clean-Architecture-Node-Express-Mongo\\src\\domain\\dtos\\payment\\process-webhook.dto.ts","statementMap":{"0":{"start":{"line":3,"column":13},"end":{"line":3,"column":25}},"1":{"start":{"line":4,"column":13},"end":{"line":4,"column":27}},"2":{"start":{"line":5,"column":13},"end":{"line":5,"column":null}},"3":{"start":{"line":11,"column":37},"end":{"line":11,"column":43}},"4":{"start":{"line":14,"column":6},"end":{"line":14,"column":57}},"5":{"start":{"line":14,"column":17},"end":{"line":14,"column":57}},"6":{"start":{"line":15,"column":6},"end":{"line":15,"column":61}},"7":{"start":{"line":15,"column":19},"end":{"line":15,"column":61}},"8":{"start":{"line":16,"column":6},"end":{"line":16,"column":57}},"9":{"start":{"line":16,"column":17},"end":{"line":16,"column":57}},"10":{"start":{"line":17,"column":6},"end":{"line":17,"column":63}},"11":{"start":{"line":17,"column":20},"end":{"line":17,"column":63}},"12":{"start":{"line":19,"column":6},"end":{"line":26,"column":8}},"13":{"start":{"line":1,"column":0},"end":{"line":1,"column":13}}},"fnMap":{"0":{"name":"(anonymous_0)","decl":{"start":{"line":2,"column":4},"end":{"line":2,"column":null}},"loc":{"start":{"line":7,"column":7},"end":{"line":8,"column":8}}},"1":{"name":"(anonymous_1)","decl":{"start":{"line":10,"column":4},"end":{"line":10,"column":10}},"loc":{"start":{"line":10,"column":48},"end":{"line":27,"column":5}}}},"branchMap":{"0":{"loc":{"start":{"line":14,"column":6},"end":{"line":14,"column":57}},"type":"if","locations":[{"start":{"line":14,"column":6},"end":{"line":14,"column":57}}]},"1":{"loc":{"start":{"line":15,"column":6},"end":{"line":15,"column":61}},"type":"if","locations":[{"start":{"line":15,"column":6},"end":{"line":15,"column":61}}]},"2":{"loc":{"start":{"line":16,"column":6},"end":{"line":16,"column":57}},"type":"if","locations":[{"start":{"line":16,"column":6},"end":{"line":16,"column":57}}]},"3":{"loc":{"start":{"line":17,"column":6},"end":{"line":17,"column":63}},"type":"if","locations":[{"start":{"line":17,"column":6},"end":{"line":17,"column":63}}]}},"s":{"0":12,"1":12,"2":12,"3":16,"4":16,"5":1,"6":15,"7":1,"8":14,"9":1,"10":13,"11":1,"12":12,"13":1},"f":{"0":12,"1":16},"b":{"0":[1],"1":[1],"2":[1],"3":[1]}}
,"C:\\Users\\Usuario\\Desktop\\Practica Angular\\14-Clean-Architecture-Node-Express-Mongo\\src\\domain\\dtos\\payment\\update-payment-status.dto.ts": {"path":"C:\\Users\\Usuario\\Desktop\\Practica Angular\\14-Clean-Architecture-Node-Express-Mongo\\src\\domain\\dtos\\payment\\update-payment-status.dto.ts","statementMap":{"0":{"start":{"line":1,"column":0},"end":{"line":1,"column":91}},"1":{"start":{"line":5,"column":11},"end":{"line":5,"column":28}},"2":{"start":{"line":6,"column":11},"end":{"line":6,"column":43}},"3":{"start":{"line":7,"column":11},"end":{"line":7,"column":36}},"4":{"start":{"line":8,"column":11},"end":{"line":8,"column":25}},"5":{"start":{"line":12,"column":63},"end":{"line":12,"column":69}},"6":{"start":{"line":15,"column":4},"end":{"line":15,"column":65}},"7":{"start":{"line":15,"column":20},"end":{"line":15,"column":65}},"8":{"start":{"line":16,"column":4},"end":{"line":16,"column":59}},"9":{"start":{"line":16,"column":17},"end":{"line":16,"column":59}},"10":{"start":{"line":17,"column":4},"end":{"line":19,"column":5}},"11":{"start":{"line":18,"column":6},"end":{"line":18,"column":129}},"12":{"start":{"line":20,"column":4},"end":{"line":20,"column":81}},"13":{"start":{"line":20,"column":28},"end":{"line":20,"column":81}},"14":{"start":{"line":22,"column":4},"end":{"line":30,"column":6}},"15":{"start":{"line":3,"column":0},"end":{"line":3,"column":13}}},"fnMap":{"0":{"name":"(anonymous_0)","decl":{"start":{"line":4,"column":2},"end":{"line":4,"column":null}},"loc":{"start":{"line":8,"column":25},"end":{"line":9,"column":6}}},"1":{"name":"(anonymous_1)","decl":{"start":{"line":11,"column":2},"end":{"line":11,"column":8}},"loc":{"start":{"line":11,"column":46},"end":{"line":31,"column":3}}}},"branchMap":{"0":{"loc":{"start":{"line":15,"column":4},"end":{"line":15,"column":65}},"type":"if","locations":[{"start":{"line":15,"column":4},"end":{"line":15,"column":65}}]},"1":{"loc":{"start":{"line":16,"column":4},"end":{"line":16,"column":59}},"type":"if","locations":[{"start":{"line":16,"column":4},"end":{"line":16,"column":59}}]},"2":{"loc":{"start":{"line":17,"column":4},"end":{"line":19,"column":5}},"type":"if","locations":[{"start":{"line":17,"column":4},"end":{"line":19,"column":5}}]},"3":{"loc":{"start":{"line":20,"column":4},"end":{"line":20,"column":81}},"type":"if","locations":[{"start":{"line":20,"column":4},"end":{"line":20,"column":81}}]}},"s":{"0":3,"1":14,"2":14,"3":14,"4":14,"5":18,"6":18,"7":1,"8":17,"9":1,"10":16,"11":1,"12":15,"13":1,"14":14,"15":3},"f":{"0":14,"1":18},"b":{"0":[1],"1":[1],"2":[1],"3":[1]}}
,"C:\\Users\\Usuario\\Desktop\\Practica Angular\\14-Clean-Architecture-Node-Express-Mongo\\src\\domain\\dtos\\payment\\verify-payment.dto.ts": {"path":"C:\\Users\\Usuario\\Desktop\\Practica Angular\\14-Clean-Architecture-Node-Express-Mongo\\src\\domain\\dtos\\payment\\verify-payment.dto.ts","statementMap":{"0":{"start":{"line":3,"column":13},"end":{"line":3,"column":30}},"1":{"start":{"line":4,"column":13},"end":{"line":4,"column":38}},"2":{"start":{"line":8,"column":47},"end":{"line":8,"column":53}},"3":{"start":{"line":11,"column":6},"end":{"line":11,"column":67}},"4":{"start":{"line":11,"column":22},"end":{"line":11,"column":67}},"5":{"start":{"line":12,"column":6},"end":{"line":12,"column":83}},"6":{"start":{"line":12,"column":30},"end":{"line":12,"column":83}},"7":{"start":{"line":14,"column":6},"end":{"line":20,"column":8}},"8":{"start":{"line":1,"column":0},"end":{"line":1,"column":13}}},"fnMap":{"0":{"name":"(anonymous_0)","decl":{"start":{"line":2,"column":4},"end":{"line":2,"column":null}},"loc":{"start":{"line":4,"column":38},"end":{"line":5,"column":8}}},"1":{"name":"(anonymous_1)","decl":{"start":{"line":7,"column":4},"end":{"line":7,"column":10}},"loc":{"start":{"line":7,"column":48},"end":{"line":21,"column":5}}}},"branchMap":{"0":{"loc":{"start":{"line":11,"column":6},"end":{"line":11,"column":67}},"type":"if","locations":[{"start":{"line":11,"column":6},"end":{"line":11,"column":67}}]},"1":{"loc":{"start":{"line":12,"column":6},"end":{"line":12,"column":83}},"type":"if","locations":[{"start":{"line":12,"column":6},"end":{"line":12,"column":83}}]}},"s":{"0":9,"1":9,"2":13,"3":13,"4":2,"5":11,"6":2,"7":9,"8":3},"f":{"0":9,"1":13},"b":{"0":[2],"1":[2]}}
,"C:\\Users\\Usuario\\Desktop\\Practica Angular\\14-Clean-Architecture-Node-Express-Mongo\\src\\domain\\dtos\\products\\create-category.ts": {"path":"C:\\Users\\Usuario\\Desktop\\Practica Angular\\14-Clean-Architecture-Node-Express-Mongo\\src\\domain\\dtos\\products\\create-category.ts","statementMap":{"0":{"start":{"line":5,"column":15},"end":{"line":5,"column":27}},"1":{"start":{"line":6,"column":15},"end":{"line":6,"column":34}},"2":{"start":{"line":7,"column":15},"end":{"line":7,"column":35}},"3":{"start":{"line":16,"column":48},"end":{"line":16,"column":54}},"4":{"start":{"line":19,"column":8},"end":{"line":19,"column":null}},"5":{"start":{"line":19,"column":19},"end":{"line":19,"column":null}},"6":{"start":{"line":20,"column":8},"end":{"line":20,"column":null}},"7":{"start":{"line":20,"column":26},"end":{"line":20,"column":null}},"8":{"start":{"line":23,"column":8},"end":{"line":23,"column":null}},"9":{"start":{"line":23,"column":36},"end":{"line":23,"column":null}},"10":{"start":{"line":24,"column":8},"end":{"line":24,"column":null}},"11":{"start":{"line":24,"column":43},"end":{"line":24,"column":null}},"12":{"start":{"line":27,"column":8},"end":{"line":27,"column":null}},"13":{"start":{"line":2,"column":0},"end":{"line":2,"column":13}}},"fnMap":{"0":{"name":"(anonymous_0)","decl":{"start":{"line":4,"column":4},"end":{"line":4,"column":null}},"loc":{"start":{"line":7,"column":39},"end":{"line":8,"column":9}}},"1":{"name":"(anonymous_1)","decl":{"start":{"line":12,"column":4},"end":{"line":12,"column":10}},"loc":{"start":{"line":12,"column":44},"end":{"line":28,"column":5}}}},"branchMap":{"0":{"loc":{"start":{"line":7,"column":15},"end":{"line":7,"column":39}},"type":"default-arg","locations":[{"start":{"line":7,"column":35},"end":{"line":7,"column":39}}]},"1":{"loc":{"start":{"line":19,"column":8},"end":{"line":19,"column":null}},"type":"if","locations":[{"start":{"line":19,"column":8},"end":{"line":19,"column":null}}]},"2":{"loc":{"start":{"line":20,"column":8},"end":{"line":20,"column":null}},"type":"if","locations":[{"start":{"line":20,"column":8},"end":{"line":20,"column":null}}]},"3":{"loc":{"start":{"line":23,"column":8},"end":{"line":23,"column":null}},"type":"if","locations":[{"start":{"line":23,"column":8},"end":{"line":23,"column":null}}]},"4":{"loc":{"start":{"line":24,"column":8},"end":{"line":24,"column":null}},"type":"if","locations":[{"start":{"line":24,"column":8},"end":{"line":24,"column":null}}]}},"s":{"0":2,"1":2,"2":2,"3":7,"4":7,"5":2,"6":5,"7":1,"8":4,"9":1,"10":3,"11":1,"12":2,"13":3},"f":{"0":2,"1":7},"b":{"0":[0],"1":[2],"2":[1],"3":[1],"4":[1]}}
,"C:\\Users\\Usuario\\Desktop\\Practica Angular\\14-Clean-Architecture-Node-Express-Mongo\\src\\domain\\dtos\\products\\create-product.dto.ts": {"path":"C:\\Users\\Usuario\\Desktop\\Practica Angular\\14-Clean-Architecture-Node-Express-Mongo\\src\\domain\\dtos\\products\\create-product.dto.ts","statementMap":{"0":{"start":{"line":6,"column":15},"end":{"line":6,"column":27}},"1":{"start":{"line":7,"column":15},"end":{"line":7,"column":34}},"2":{"start":{"line":8,"column":15},"end":{"line":8,"column":28}},"3":{"start":{"line":9,"column":15},"end":{"line":9,"column":28}},"4":{"start":{"line":10,"column":15},"end":{"line":10,"column":31}},"5":{"start":{"line":11,"column":15},"end":{"line":11,"column":27}},"6":{"start":{"line":12,"column":15},"end":{"line":12,"column":29}},"7":{"start":{"line":13,"column":15},"end":{"line":13,"column":35}},"8":{"start":{"line":23,"column":86},"end":{"line":23,"column":92}},"9":{"start":{"line":27,"column":8},"end":{"line":27,"column":46}},"10":{"start":{"line":27,"column":18},"end":{"line":27,"column":46}},"11":{"start":{"line":28,"column":8},"end":{"line":28,"column":60}},"12":{"start":{"line":28,"column":25},"end":{"line":28,"column":60}},"13":{"start":{"line":29,"column":8},"end":{"line":29,"column":81}},"14":{"start":{"line":29,"column":33},"end":{"line":29,"column":81}},"15":{"start":{"line":30,"column":8},"end":{"line":30,"column":81}},"16":{"start":{"line":30,"column":33},"end":{"line":30,"column":81}},"17":{"start":{"line":31,"column":8},"end":{"line":31,"column":54}},"18":{"start":{"line":31,"column":22},"end":{"line":31,"column":54}},"19":{"start":{"line":32,"column":8},"end":{"line":32,"column":46}},"20":{"start":{"line":32,"column":18},"end":{"line":32,"column":46}},"21":{"start":{"line":33,"column":8},"end":{"line":33,"column":50}},"22":{"start":{"line":33,"column":20},"end":{"line":33,"column":50}},"23":{"start":{"line":34,"column":8},"end":{"line":34,"column":54}},"24":{"start":{"line":34,"column":22},"end":{"line":34,"column":54}},"25":{"start":{"line":40,"column":8},"end":{"line":40,"column":144}},"26":{"start":{"line":3,"column":0},"end":{"line":3,"column":13}}},"fnMap":{"0":{"name":"(anonymous_0)","decl":{"start":{"line":5,"column":4},"end":{"line":5,"column":null}},"loc":{"start":{"line":13,"column":39},"end":{"line":14,"column":7}}},"1":{"name":"(anonymous_1)","decl":{"start":{"line":18,"column":4},"end":{"line":18,"column":10}},"loc":{"start":{"line":18,"column":46},"end":{"line":41,"column":5}}}},"branchMap":{"0":{"loc":{"start":{"line":13,"column":15},"end":{"line":13,"column":39}},"type":"default-arg","locations":[{"start":{"line":13,"column":35},"end":{"line":13,"column":39}}]},"1":{"loc":{"start":{"line":27,"column":8},"end":{"line":27,"column":46}},"type":"if","locations":[{"start":{"line":27,"column":8},"end":{"line":27,"column":46}}]},"2":{"loc":{"start":{"line":28,"column":8},"end":{"line":28,"column":60}},"type":"if","locations":[{"start":{"line":28,"column":8},"end":{"line":28,"column":60}}]},"3":{"loc":{"start":{"line":29,"column":8},"end":{"line":29,"column":81}},"type":"if","locations":[{"start":{"line":29,"column":8},"end":{"line":29,"column":81}}]},"4":{"loc":{"start":{"line":29,"column":11},"end":{"line":29,"column":30}},"type":"binary-expr","locations":[{"start":{"line":29,"column":11},"end":{"line":29,"column":17}},{"start":{"line":29,"column":21},"end":{"line":29,"column":30}}]},"5":{"loc":{"start":{"line":30,"column":8},"end":{"line":30,"column":81}},"type":"if","locations":[{"start":{"line":30,"column":8},"end":{"line":30,"column":81}}]},"6":{"loc":{"start":{"line":30,"column":11},"end":{"line":30,"column":30}},"type":"binary-expr","locations":[{"start":{"line":30,"column":11},"end":{"line":30,"column":17}},{"start":{"line":30,"column":21},"end":{"line":30,"column":30}}]},"7":{"loc":{"start":{"line":31,"column":8},"end":{"line":31,"column":54}},"type":"if","locations":[{"start":{"line":31,"column":8},"end":{"line":31,"column":54}}]},"8":{"loc":{"start":{"line":32,"column":8},"end":{"line":32,"column":46}},"type":"if","locations":[{"start":{"line":32,"column":8},"end":{"line":32,"column":46}}]},"9":{"loc":{"start":{"line":33,"column":8},"end":{"line":33,"column":50}},"type":"if","locations":[{"start":{"line":33,"column":8},"end":{"line":33,"column":50}}]},"10":{"loc":{"start":{"line":34,"column":8},"end":{"line":34,"column":54}},"type":"if","locations":[{"start":{"line":34,"column":8},"end":{"line":34,"column":54}}]}},"s":{"0":5,"1":5,"2":5,"3":5,"4":5,"5":5,"6":5,"7":5,"8":17,"9":17,"10":3,"11":14,"12":1,"13":13,"14":2,"15":11,"16":2,"17":9,"18":1,"19":8,"20":1,"21":7,"22":1,"23":6,"24":1,"25":5,"26":5},"f":{"0":5,"1":17},"b":{"0":[0],"1":[3],"2":[1],"3":[2],"4":[13,12],"5":[2],"6":[11,10],"7":[1],"8":[1],"9":[1],"10":[1]}}
,"C:\\Users\\Usuario\\Desktop\\Practica Angular\\14-Clean-Architecture-Node-Express-Mongo\\src\\domain\\dtos\\products\\create-unit.dto.ts": {"path":"C:\\Users\\Usuario\\Desktop\\Practica Angular\\14-Clean-Architecture-Node-Express-Mongo\\src\\domain\\dtos\\products\\create-unit.dto.ts","statementMap":{"0":{"start":{"line":6,"column":15},"end":{"line":6,"column":27}},"1":{"start":{"line":7,"column":15},"end":{"line":7,"column":34}},"2":{"start":{"line":8,"column":15},"end":{"line":8,"column":35}},"3":{"start":{"line":17,"column":46},"end":{"line":17,"column":52}},"4":{"start":{"line":20,"column":8},"end":{"line":20,"column":null}},"5":{"start":{"line":20,"column":18},"end":{"line":20,"column":null}},"6":{"start":{"line":21,"column":8},"end":{"line":21,"column":null}},"7":{"start":{"line":21,"column":25},"end":{"line":21,"column":null}},"8":{"start":{"line":24,"column":8},"end":{"line":24,"column":null}},"9":{"start":{"line":24,"column":35},"end":{"line":24,"column":null}},"10":{"start":{"line":25,"column":8},"end":{"line":25,"column":null}},"11":{"start":{"line":25,"column":42},"end":{"line":25,"column":null}},"12":{"start":{"line":28,"column":8},"end":{"line":28,"column":null}},"13":{"start":{"line":3,"column":0},"end":{"line":3,"column":13}}},"fnMap":{"0":{"name":"(anonymous_0)","decl":{"start":{"line":5,"column":4},"end":{"line":5,"column":null}},"loc":{"start":{"line":8,"column":39},"end":{"line":9,"column":7}}},"1":{"name":"(anonymous_1)","decl":{"start":{"line":13,"column":4},"end":{"line":13,"column":10}},"loc":{"start":{"line":13,"column":45},"end":{"line":29,"column":5}}}},"branchMap":{"0":{"loc":{"start":{"line":8,"column":15},"end":{"line":8,"column":39}},"type":"default-arg","locations":[{"start":{"line":8,"column":35},"end":{"line":8,"column":39}}]},"1":{"loc":{"start":{"line":20,"column":8},"end":{"line":20,"column":null}},"type":"if","locations":[{"start":{"line":20,"column":8},"end":{"line":20,"column":null}}]},"2":{"loc":{"start":{"line":21,"column":8},"end":{"line":21,"column":null}},"type":"if","locations":[{"start":{"line":21,"column":8},"end":{"line":21,"column":null}}]},"3":{"loc":{"start":{"line":24,"column":8},"end":{"line":24,"column":null}},"type":"if","locations":[{"start":{"line":24,"column":8},"end":{"line":24,"column":null}}]},"4":{"loc":{"start":{"line":25,"column":8},"end":{"line":25,"column":null}},"type":"if","locations":[{"start":{"line":25,"column":8},"end":{"line":25,"column":null}}]}},"s":{"0":3,"1":3,"2":3,"3":9,"4":9,"5":2,"6":7,"7":2,"8":5,"9":1,"10":4,"11":1,"12":3,"13":3},"f":{"0":3,"1":9},"b":{"0":[0],"1":[2],"2":[2],"3":[1],"4":[1]}}
,"C:\\Users\\Usuario\\Desktop\\Practica Angular\\14-Clean-Architecture-Node-Express-Mongo\\src\\domain\\dtos\\products\\udpate-unit.dto.ts": {"path":"C:\\Users\\Usuario\\Desktop\\Practica Angular\\14-Clean-Architecture-Node-Express-Mongo\\src\\domain\\dtos\\products\\udpate-unit.dto.ts","statementMap":{"0":{"start":{"line":5,"column":15},"end":{"line":5,"column":28}},"1":{"start":{"line":6,"column":15},"end":{"line":6,"column":35}},"2":{"start":{"line":7,"column":15},"end":{"line":7,"column":33}},"3":{"start":{"line":12,"column":8},"end":{"line":14,"column":9}},"4":{"start":{"line":13,"column":12},"end":{"line":13,"column":86}},"5":{"start":{"line":16,"column":48},"end":{"line":16,"column":54}},"6":{"start":{"line":19,"column":32},"end":{"line":19,"column":34}},"7":{"start":{"line":24,"column":8},"end":{"line":29,"column":9}},"8":{"start":{"line":25,"column":12},"end":{"line":27,"column":13}},"9":{"start":{"line":26,"column":16},"end":{"line":26,"column":81}},"10":{"start":{"line":28,"column":12},"end":{"line":28,"column":49}},"11":{"start":{"line":32,"column":8},"end":{"line":34,"column":9}},"12":{"start":{"line":33,"column":12},"end":{"line":33,"column":63}},"13":{"start":{"line":37,"column":8},"end":{"line":42,"column":9}},"14":{"start":{"line":38,"column":12},"end":{"line":40,"column":13}},"15":{"start":{"line":39,"column":16},"end":{"line":39,"column":74}},"16":{"start":{"line":41,"column":12},"end":{"line":41,"column":43}},"17":{"start":{"line":45,"column":8},"end":{"line":49,"column":11}},"18":{"start":{"line":3,"column":0},"end":{"line":3,"column":13}}},"fnMap":{"0":{"name":"(anonymous_0)","decl":{"start":{"line":4,"column":4},"end":{"line":4,"column":null}},"loc":{"start":{"line":7,"column":33},"end":{"line":8,"column":7}}},"1":{"name":"(anonymous_1)","decl":{"start":{"line":10,"column":4},"end":{"line":10,"column":10}},"loc":{"start":{"line":10,"column":45},"end":{"line":50,"column":5}}}},"branchMap":{"0":{"loc":{"start":{"line":12,"column":8},"end":{"line":14,"column":9}},"type":"if","locations":[{"start":{"line":12,"column":8},"end":{"line":14,"column":9}}]},"1":{"loc":{"start":{"line":24,"column":8},"end":{"line":29,"column":9}},"type":"if","locations":[{"start":{"line":24,"column":8},"end":{"line":29,"column":9}}]},"2":{"loc":{"start":{"line":25,"column":12},"end":{"line":27,"column":13}},"type":"if","locations":[{"start":{"line":25,"column":12},"end":{"line":27,"column":13}}]},"3":{"loc":{"start":{"line":32,"column":8},"end":{"line":34,"column":9}},"type":"if","locations":[{"start":{"line":32,"column":8},"end":{"line":34,"column":9}}]},"4":{"loc":{"start":{"line":37,"column":8},"end":{"line":42,"column":9}},"type":"if","locations":[{"start":{"line":37,"column":8},"end":{"line":42,"column":9}}]},"5":{"loc":{"start":{"line":38,"column":12},"end":{"line":40,"column":13}},"type":"if","locations":[{"start":{"line":38,"column":12},"end":{"line":40,"column":13}}]}},"s":{"0":5,"1":5,"2":5,"3":9,"4":1,"5":8,"6":8,"7":8,"8":5,"9":1,"10":4,"11":7,"12":3,"13":7,"14":5,"15":2,"16":3,"17":5,"18":3},"f":{"0":5,"1":9},"b":{"0":[1],"1":[5],"2":[1],"3":[3],"4":[5],"5":[2]}}
,"C:\\Users\\Usuario\\Desktop\\Practica Angular\\14-Clean-Architecture-Node-Express-Mongo\\src\\domain\\dtos\\products\\update-category.dto.ts": {"path":"C:\\Users\\Usuario\\Desktop\\Practica Angular\\14-Clean-Architecture-Node-Express-Mongo\\src\\domain\\dtos\\products\\update-category.dto.ts","statementMap":{"0":{"start":{"line":5,"column":15},"end":{"line":5,"column":28}},"1":{"start":{"line":6,"column":15},"end":{"line":6,"column":35}},"2":{"start":{"line":7,"column":15},"end":{"line":7,"column":33}},"3":{"start":{"line":12,"column":8},"end":{"line":14,"column":9}},"4":{"start":{"line":13,"column":12},"end":{"line":13,"column":86}},"5":{"start":{"line":16,"column":48},"end":{"line":16,"column":54}},"6":{"start":{"line":19,"column":8},"end":{"line":21,"column":9}},"7":{"start":{"line":20,"column":12},"end":{"line":20,"column":70}},"8":{"start":{"line":24,"column":8},"end":{"line":26,"column":9}},"9":{"start":{"line":25,"column":12},"end":{"line":25,"column":77}},"10":{"start":{"line":29,"column":32},"end":{"line":29,"column":34}},"11":{"start":{"line":31,"column":8},"end":{"line":31,"column":69}},"12":{"start":{"line":31,"column":32},"end":{"line":31,"column":69}},"13":{"start":{"line":32,"column":8},"end":{"line":32,"column":90}},"14":{"start":{"line":32,"column":39},"end":{"line":32,"column":90}},"15":{"start":{"line":33,"column":8},"end":{"line":33,"column":67}},"16":{"start":{"line":33,"column":36},"end":{"line":33,"column":67}},"17":{"start":{"line":35,"column":8},"end":{"line":39,"column":11}},"18":{"start":{"line":3,"column":0},"end":{"line":3,"column":13}}},"fnMap":{"0":{"name":"(anonymous_0)","decl":{"start":{"line":4,"column":4},"end":{"line":4,"column":null}},"loc":{"start":{"line":7,"column":33},"end":{"line":8,"column":7}}},"1":{"name":"(anonymous_1)","decl":{"start":{"line":10,"column":4},"end":{"line":10,"column":10}},"loc":{"start":{"line":10,"column":45},"end":{"line":40,"column":5}}}},"branchMap":{"0":{"loc":{"start":{"line":12,"column":8},"end":{"line":14,"column":9}},"type":"if","locations":[{"start":{"line":12,"column":8},"end":{"line":14,"column":9}}]},"1":{"loc":{"start":{"line":19,"column":8},"end":{"line":21,"column":9}},"type":"if","locations":[{"start":{"line":19,"column":8},"end":{"line":21,"column":9}}]},"2":{"loc":{"start":{"line":19,"column":12},"end":{"line":19,"column":65}},"type":"binary-expr","locations":[{"start":{"line":19,"column":12},"end":{"line":19,"column":32}},{"start":{"line":19,"column":36},"end":{"line":19,"column":65}}]},"3":{"loc":{"start":{"line":24,"column":8},"end":{"line":26,"column":9}},"type":"if","locations":[{"start":{"line":24,"column":8},"end":{"line":26,"column":9}}]},"4":{"loc":{"start":{"line":24,"column":12},"end":{"line":24,"column":49}},"type":"binary-expr","locations":[{"start":{"line":24,"column":12},"end":{"line":24,"column":30}},{"start":{"line":24,"column":34},"end":{"line":24,"column":49}}]},"5":{"loc":{"start":{"line":31,"column":8},"end":{"line":31,"column":69}},"type":"if","locations":[{"start":{"line":31,"column":8},"end":{"line":31,"column":69}}]},"6":{"loc":{"start":{"line":32,"column":8},"end":{"line":32,"column":90}},"type":"if","locations":[{"start":{"line":32,"column":8},"end":{"line":32,"column":90}}]},"7":{"loc":{"start":{"line":33,"column":8},"end":{"line":33,"column":67}},"type":"if","locations":[{"start":{"line":33,"column":8},"end":{"line":33,"column":67}}]}},"s":{"0":4,"1":4,"2":4,"3":8,"4":1,"5":7,"6":7,"7":2,"8":5,"9":1,"10":4,"11":4,"12":2,"13":4,"14":2,"15":4,"16":2,"17":4,"18":3},"f":{"0":4,"1":8},"b":{"0":[1],"1":[2],"2":[7,4],"3":[1],"4":[5,3],"5":[2],"6":[2],"7":[2]}}
[...]
ine":17,"column":35},"end":{"line":17,"column":68}},"9":{"start":{"line":19,"column":34},"end":{"line":19,"column":78}},"10":{"start":{"line":20,"column":35},"end":{"line":20,"column":81}},"11":{"start":{"line":22,"column":27},"end":{"line":22,"column":87}},"12":{"start":{"line":25,"column":8},"end":{"line":27,"column":11}},"13":{"start":{"line":26,"column":12},"end":{"line":26,"column":55}},"14":{"start":{"line":30,"column":8},"end":{"line":32,"column":11}},"15":{"start":{"line":31,"column":12},"end":{"line":31,"column":48}},"16":{"start":{"line":36,"column":8},"end":{"line":40,"column":11}},"17":{"start":{"line":39,"column":12},"end":{"line":39,"column":48}},"18":{"start":{"line":42,"column":8},"end":{"line":44,"column":11}},"19":{"start":{"line":43,"column":12},"end":{"line":43,"column":47}},"20":{"start":{"line":46,"column":8},"end":{"line":48,"column":11}},"21":{"start":{"line":47,"column":12},"end":{"line":47,"column":47}},"22":{"start":{"line":51,"column":8},"end":{"line":53,"column":11}},"23":{"start":{"line":52,"column":12},"end":{"line":52,"column":47}},"24":{"start":{"line":55,"column":8},"end":{"line":55,"column":22}},"25":{"start":{"line":11,"column":0},"end":{"line":11,"column":13}}},"fnMap":{"0":{"name":"(anonymous_0)","decl":{"start":{"line":12,"column":4},"end":{"line":12,"column":10}},"loc":{"start":{"line":12,"column":31},"end":{"line":56,"column":5}}},"1":{"name":"(anonymous_1)","decl":{"start":{"line":25,"column":47},"end":{"line":25,"column":48}},"loc":{"start":{"line":25,"column":79},"end":{"line":27,"column":9}}},"2":{"name":"(anonymous_2)","decl":{"start":{"line":30,"column":24},"end":{"line":30,"column":25}},"loc":{"start":{"line":30,"column":56},"end":{"line":32,"column":9}}},"3":{"name":"(anonymous_3)","decl":{"start":{"line":36,"column":27},"end":{"line":36,"column":28}},"loc":{"start":{"line":36,"column":59},"end":{"line":40,"column":9}}},"4":{"name":"(anonymous_4)","decl":{"start":{"line":42,"column":25},"end":{"line":42,"column":26}},"loc":{"start":{"line":42,"column":57},"end":{"line":44,"column":9}}},"5":{"name":"(anonymous_5)","decl":{"start":{"line":46,"column":27},"end":{"line":46,"column":28}},"loc":{"start":{"line":46,"column":59},"end":{"line":48,"column":9}}},"6":{"name":"(anonymous_6)","decl":{"start":{"line":51,"column":30},"end":{"line":51,"column":31}},"loc":{"start":{"line":51,"column":62},"end":{"line":53,"column":9}}}},"branchMap":{},"s":{"0":2,"1":2,"2":2,"3":2,"4":2,"5":2,"6":4,"7":4,"8":4,"9":4,"10":4,"11":4,"12":4,"13":2,"14":4,"15":2,"16":4,"17":0,"18":4,"19":2,"20":4,"21":2,"22":4,"23":2,"24":4,"25":2},"f":{"0":4,"1":2,"2":2,"3":0,"4":2,"5":2,"6":2},"b":{}}
,"C:\\Users\\Usuario\\Desktop\\Practica Angular\\14-Clean-Architecture-Node-Express-Mongo\\src\\presentation\\products\\routes.unit.ts": {"path":"C:\\Users\\Usuario\\Desktop\\Practica Angular\\14-Clean-Architecture-Node-Express-Mongo\\src\\presentation\\products\\routes.unit.ts","statementMap":{"0":{"start":{"line":1,"column":0},"end":{"line":1,"column":33}},"1":{"start":{"line":2,"column":0},"end":{"line":2,"column":111}},"2":{"start":{"line":3,"column":0},"end":{"line":3,"column":101}},"3":{"start":{"line":4,"column":0},"end":{"line":4,"column":51}},"4":{"start":{"line":8,"column":23},"end":{"line":8,"column":31}},"5":{"start":{"line":11,"column":27},"end":{"line":11,"column":56}},"6":{"start":{"line":12,"column":31},"end":{"line":12,"column":65}},"7":{"start":{"line":13,"column":27},"end":{"line":13,"column":61}},"8":{"start":{"line":16,"column":8},"end":{"line":16,"column":48}},"9":{"start":{"line":17,"column":8},"end":{"line":17,"column":51}},"10":{"start":{"line":18,"column":8},"end":{"line":18,"column":48}},"11":{"start":{"line":19,"column":8},"end":{"line":19,"column":51}},"12":{"start":{"line":20,"column":8},"end":{"line":20,"column":54}},"13":{"start":{"line":22,"column":8},"end":{"line":22,"column":22}},"14":{"start":{"line":6,"column":0},"end":{"line":6,"column":13}}},"fnMap":{"0":{"name":"(anonymous_0)","decl":{"start":{"line":7,"column":4},"end":{"line":7,"column":10}},"loc":{"start":{"line":7,"column":28},"end":{"line":23,"column":5}}}},"branchMap":{},"s":{"0":2,"1":2,"2":2,"3":2,"4":4,"5":4,"6":4,"7":4,"8":4,"9":4,"10":4,"11":4,"12":4,"13":4,"14":2},"f":{"0":4},"b":{}}
,"C:\\Users\\Usuario\\Desktop\\Practica Angular\\14-Clean-Architecture-Node-Express-Mongo\\src\\presentation\\sales\\controller.sale.ts": {"path":"C:\\Users\\Usuario\\Desktop\\Practica Angular\\14-Clean-Architecture-Node-Express-Mongo\\src\\presentation\\sales\\controller.sale.ts","statementMap":{"0":{"start":{"line":2,"column":0},"end":{"line":2,"column":72}},"1":{"start":{"line":3,"column":0},"end":{"line":3,"column":85}},"2":{"start":{"line":4,"column":0},"end":{"line":4,"column":72}},"3":{"start":{"line":5,"column":0},"end":{"line":5,"column":63}},"4":{"start":{"line":9,"column":0},"end":{"line":9,"column":86}},"5":{"start":{"line":10,"column":0},"end":{"line":10,"column":106}},"6":{"start":{"line":11,"column":0},"end":{"line":11,"column":109}},"7":{"start":{"line":12,"column":0},"end":{"line":12,"column":89}},"8":{"start":{"line":13,"column":0},"end":{"line":13,"column":90}},"9":{"start":{"line":14,"column":0},"end":{"line":14,"column":99}},"10":{"start":{"line":19,"column":25},"end":{"line":19,"column":55}},"11":{"start":{"line":20,"column":25},"end":{"line":20,"column":63}},"12":{"start":{"line":21,"column":25},"end":{"line":21,"column":61}},"13":{"start":{"line":24,"column":12},"end":{"line":31,"column":6}},"14":{"start":{"line":25,"column":8},"end":{"line":27,"column":9}},"15":{"start":{"line":26,"column":12},"end":{"line":26,"column":79}},"16":{"start":{"line":29,"column":8},"end":{"line":29,"column":55}},"17":{"start":{"line":30,"column":8},"end":{"line":30,"column":77}},"18":{"start":{"line":33,"column":4},"end":{"line":50,"column":6}},"19":{"start":{"line":34,"column":39},"end":{"line":34,"column":69}},"20":{"start":{"line":36,"column":8},"end":{"line":40,"column":9}},"21":{"start":{"line":37,"column":12},"end":{"line":37,"column":44}},"22":{"start":{"line":38,"column":12},"end":{"line":38,"column":70}},"23":{"start":{"line":39,"column":12},"end":{"line":39,"column":19}},"24":{"start":{"line":42,"column":8},"end":{"line":49,"column":54}},"25":{"start":{"line":48,"column":26},"end":{"line":48,"column":40}},"26":{"start":{"line":49,"column":26},"end":{"line":49,"column":52}},"27":{"start":{"line":52,"column":4},"end":{"line":67,"column":6}},"28":{"start":{"line":53,"column":41},"end":{"line":53,"column":50}},"29":{"start":{"line":55,"column":39},"end":{"line":55,"column":74}},"30":{"start":{"line":57,"column":8},"end":{"line":61,"column":9}},"31":{"start":{"line":58,"column":12},"end":{"line":58,"column":44}},"32":{"start":{"line":59,"column":12},"end":{"line":59,"column":71}},"33":{"start":{"line":60,"column":12},"end":{"line":60,"column":19}},"34":{"start":{"line":63,"column":8},"end":{"line":66,"column":54}},"35":{"start":{"line":65,"column":26},"end":{"line":65,"column":40}},"36":{"start":{"line":66,"column":26},"end":{"line":66,"column":52}},"37":{"start":{"line":69,"column":4},"end":{"line":76,"column":6}},"38":{"start":{"line":70,"column":23},"end":{"line":70,"column":33}},"39":{"start":{"line":72,"column":8},"end":{"line":75,"column":54}},"40":{"start":{"line":74,"column":26},"end":{"line":74,"column":40}},"41":{"start":{"line":75,"column":26},"end":{"line":75,"column":52}},"42":{"start":{"line":78,"column":4},"end":{"line":93,"column":6}},"43":{"start":{"line":79,"column":23},"end":{"line":79,"column":33}},"44":{"start":{"line":81,"column":45},"end":{"line":81,"column":81}},"45":{"start":{"line":83,"column":8},"end":{"line":87,"column":9}},"46":{"start":{"line":84,"column":12},"end":{"line":84,"column":44}},"47":{"start":{"line":85,"column":12},"end":{"line":85,"column":76}},"48":{"start":{"line":86,"column":12},"end":{"line":86,"column":19}},"49":{"start":{"line":89,"column":8},"end":{"line":92,"column":54}},"50":{"start":{"line":91,"column":26},"end":{"line":91,"column":40}},"51":{"start":{"line":92,"column":26},"end":{"line":92,"column":52}},"52":{"start":{"line":95,"column":4},"end":{"line":114,"column":6}},"53":{"start":{"line":96,"column":31},"end":{"line":96,"column":41}},"54":{"start":{"line":97,"column":41},"end":{"line":97,"column":50}},"55":{"start":{"line":99,"column":39},"end":{"line":99,"column":74}},"56":{"start":{"line":101,"column":8},"end":{"line":105,"column":9}},"57":{"start":{"line":102,"column":12},"end":{"line":102,"column":44}},"58":{"start":{"line":103,"column":12},"end":{"line":103,"column":78}},"59":{"start":{"line":104,"column":12},"end":{"line":104,"column":19}},"60":{"start":{"line":107,"column":8},"end":{"line":113,"column":54}},"61":{"start":{"line":112,"column":26},"end":{"line":112,"column":40}},"62":{"start":{"line":113,"column":26},"end":{"line":113,"column":52}},"63":{"start":{"line":116,"column":4},"end":{"line":158,"column":6}},"64":{"start":{"line":117,"column":39},"end":{"line":117,"column":47}},"65":{"start":{"line":118,"column":41},"end":{"line":118,"column":50}},"66":{"start":{"line":120,"column":8},"end":{"line":123,"column":9}},"67":{"start":{"line":121,"column":12},"end":{"line":121,"column":88}},"68":{"start":{"line":122,"column":12},"end":{"line":122,"column":19}},"69":{"start":{"line":127,"column":8},"end":{"line":157,"column":9}},"70":{"start":{"line":129,"column":26},"end":{"line":129,"column":45}},"71":{"start":{"line":130,"column":24},"end":{"line":130,"column":41}},"72":{"start":{"line":134,"column":12},"end":{"line":137,"column":13}},"73":{"start":{"line":135,"column":16},"end":{"line":135,"column":77}},"74":{"start":{"line":136,"column":16},"end":{"line":136,"column":23}},"75":{"start":{"line":139,"column":43},"end":{"line":139,"column":78}},"76":{"start":{"line":141,"column":12},"end":{"line":145,"column":13}},"77":{"start":{"line":142,"column":16},"end":{"line":142,"column":48}},"78":{"start":{"line":143,"column":16},"end":{"line":143,"column":83}},"79":{"start":{"line":144,"column":16},"end":{"line":144,"column":23}},"80":{"start":{"line":148,"column":12},"end":{"line":154,"column":58}},"81":{"start":{"line":151,"column":20},"end":{"line":151,"column":73}},"82":{"start":{"line":152,"column":20},"end":{"line":152,"column":35}},"83":{"start":{"line":154,"column":30},"end":{"line":154,"column":56}},"84":{"start":{"line":156,"column":12},"end":{"line":156,"column":41}},"85":{"start":{"line":16,"column":0},"end":{"line":16,"column":13}}},"fnMap":{"0":{"name":"(anonymous_0)","decl":{"start":{"line":18,"column":4},"end":{"line":18,"column":null}},"loc":{"start":{"line":21,"column":61},"end":{"line":22,"column":8}}},"1":{"name":"(anonymous_1)","decl":{"start":{"line":24,"column":26},"end":{"line":24,"column":27}},"loc":{"start":{"line":24,"column":60},"end":{"line":31,"column":5}}},"2":{"name":"(anonymous_2)","decl":{"start":{"line":33,"column":17},"end":{"line":33,"column":18}},"loc":{"start":{"line":33,"column":55},"end":{"line":50,"column":5}}},"3":{"name":"(anonymous_3)","decl":{"start":{"line":48,"column":18},"end":{"line":48,"column":22}},"loc":{"start":{"line":48,"column":26},"end":{"line":48,"column":40}}},"4":{"name":"(anonymous_4)","decl":{"start":{"line":49,"column":19},"end":{"line":49,"column":22}},"loc":{"start":{"line":49,"column":26},"end":{"line":49,"column":52}}},"5":{"name":"(anonymous_5)","decl":{"start":{"line":52,"column":18},"end":{"line":52,"column":19}},"loc":{"start":{"line":52,"column":56},"end":{"line":67,"column":5}}},"6":{"name":"(anonymous_6)","decl":{"start":{"line":65,"column":18},"end":{"line":65,"column":22}},"loc":{"start":{"line":65,"column":26},"end":{"line":65,"column":40}}},"7":{"name":"(anonymous_7)","decl":{"start":{"line":66,"column":19},"end":{"line":66,"column":22}},"loc":{"start":{"line":66,"column":26},"end":{"line":66,"column":52}}},"8":{"name":"(anonymous_8)","decl":{"start":{"line":69,"column":18},"end":{"line":69,"column":19}},"loc":{"start":{"line":69,"column":56},"end":{"line":76,"column":5}}},"9":{"name":"(anonymous_9)","decl":{"start":{"line":74,"column":18},"end":{"line":74,"column":22}},"loc":{"start":{"line":74,"column":26},"end":{"line":74,"column":40}}},"10":{"name":"(anonymous_10)","decl":{"start":{"line":75,"column":19},"end":{"line":75,"column":22}},"loc":{"start":{"line":75,"column":26},"end":{"line":75,"column":52}}},"11":{"name":"(anonymous_11)","decl":{"start":{"line":78,"column":23},"end":{"line":78,"column":24}},"loc":{"start":{"line":78,"column":61},"end":{"line":93,"column":5}}},"12":{"name":"(anonymous_12)","decl":{"start":{"line":91,"column":18},"end":{"line":91,"column":22}},"loc":{"start":{"line":91,"column":26},"end":{"line":91,"column":40}}},"13":{"name":"(anonymous_13)","decl":{"start":{"line":92,"column":19},"end":{"line":92,"column":22}},"loc":{"start":{"line":92,"column":26},"end":{"line":92,"column":52}}},"14":{"name":"(anonymous_14)","decl":{"start":{"line":95,"column":25},"end":{"line":95,"column":26}},"loc":{"start":{"line":95,"column":63},"end":{"line":114,"column":5}}},"15":{"name":"(anonymous_15)","decl":{"start":{"line":112,"column":18},"end":{"line":112,"column":22}},"loc":{"start":{"line":112,"column":26},"end":{"line":112,"column":40}}},"16":{"name":"(anonymous_16)","decl":{"start":{"line":113,"column":19},"end":{"line":113,"column":22}},"loc":{"start":{"line":113,"column":26},"end":{"line":113,"column":52}}},"17":{"name":"(anonymous_17)","decl":{"start":{"line":116,"column":26},"end":{"line":116,"column":27}},"loc":{"start":{"line":116,"column":64},"end":{"line":158,"column":5}}},"18":{"name":"(anonymous_18)","decl":{"start":{"line":150,"column":22},"end":{"line":150,"column":26}},"loc":{"start":{"line":150,"column":29},"end":{"line":153,"column":17}}},"19":{"name":"(anonymous_19)","decl":{"start":{"line":154,"column":23},"end":{"line":154,"column":26}},"loc":{"start":{"line":154,"column":30},"end":{"line":154,"column":56}}}},"branchMap":{"0":{"loc":{"start":{"line":25,"column":8},"end":{"line":27,"column":9}},"type":"if","locations":[{"start":{"line":25,"column":8},"end":{"line":27,"column":9}}]},"1":{"loc":{"start":{"line":36,"column":8},"end":{"line":40,"column":9}},"type":"if","locations":[{"start":{"line":36,"column":8},"end":{"line":40,"column":9}}]},"2":{"loc":{"start":{"line":53,"column":16},"end":{"line":53,"column":24}},"type":"default-arg","locations":[{"start":{"line":53,"column":23},"end":{"line":53,"column":24}}]},"3":{"loc":{"start":{"line":53,"column":26},"end":{"line":53,"column":36}},"type":"default-arg","locations":[{"start":{"line":53,"column":34},"end":{"line":53,"column":36}}]},"4":{"loc":{"start":{"line":57,"column":8},"end":{"line":61,"column":9}},"type":"if","locations":[{"start":{"line":57,"column":8},"end":{"line":61,"column":9}}]},"5":{"loc":{"start":{"line":83,"column":8},"end":{"line":87,"column":9}},"type":"if","locations":[{"start":{"line":83,"column":8},"end":{"line":87,"column":9}}]},"6":{"loc":{"start":{"line":97,"column":16},"end":{"line":97,"column":24}},"type":"default-arg","locations":[{"start":{"line":97,"column":23},"end":{"line":97,"column":24}}]},"7":{"loc":{"start":{"line":97,"column":26},"end":{"line":97,"column":36}},"type":"default-arg","locations":[{"start":{"line":97,"column":34},"end":{"line":97,"column":36}}]},"8":{"loc":{"start":{"line":101,"column":8},"end":{"line":105,"column":9}},"type":"if","locations":[{"start":{"line":101,"column":8},"end":{"line":105,"column":9}}]},"9":{"loc":{"start":{"line":118,"column":16},"end":{"line":118,"column":24}},"type":"default-arg","locations":[{"start":{"line":118,"column":23},"end":{"line":118,"column":24}}]},"10":{"loc":{"start":{"line":118,"column":26},"end":{"line":118,"column":36}},"type":"default-arg","locations":[{"start":{"line":118,"column":34},"end":{"line":118,"column":36}}]},"11":{"loc":{"start":{"line":120,"column":8},"end":{"line":123,"column":9}},"type":"if","locations":[{"start":{"line":120,"column":8},"end":{"line":123,"column":9}}]},"12":{"loc":{"start":{"line":120,"column":12},"end":{"line":120,"column":34}},"type":"binary-expr","locations":[{"start":{"line":120,"column":12},"end":{"line":120,"column":22}},{"start":{"line":120,"column":26},"end":{"line":120,"column":34}}]},"13":{"loc":{"start":{"line":134,"column":12},"end":{"line":137,"column":13}},"type":"if","locations":[{"start":{"line":134,"column":12},"end":{"line":137,"column":13}}]},"14":{"loc":{"start":{"line":134,"column":16},"end":{"line":134,"column":62}},"type":"binary-expr","locations":[{"start":{"line":134,"column":16},"end":{"line":134,"column":38}},{"start":{"line":134,"column":42},"end":{"line":134,"column":62}}]},"15":{"loc":{"start":{"line":141,"column":12},"end":{"line":145,"column":13}},"type":"if","locations":[{"start":{"line":141,"column":12},"end":{"line":145,"column":13}}]}},"s":{"0":2,"1":2,"2":2,"3":2,"4":2,"5":2,"6":2,"7":2,"8":2,"9":2,"10":4,"11":4,"12":4,"13":4,"14":0,"15":0,"16":0,"17":0,"18":4,"19":0,"20":0,"21":0,"22":0,"23":0,"24":0,"25":0,"26":0,"27":4,"28":0,"29":0,"30":0,"31":0,"32":0,"33":0,"34":0,"35":0,"36":0,"37":4,"38":0,"39":0,"40":0,"41":0,"42":4,"43":0,"44":0,"45":0,"46":0,"47":0,"48":0,"49":0,"50":0,"51":0,"52":4,"53":0,"54":0,"55":0,"56":0,"57":0,"58":0,"59":0,"60":0,"61":0,"62":0,"63":4,"64":0,"65":0,"66":0,"67":0,"68":0,"69":0,"70":0,"71":0,"72":0,"73":0,"74":0,"75":0,"76":0,"77":0,"78":0,"79":0,"80":0,"81":0,"82":0,"83":0,"84":0,"85":2},"f":{"0":4,"1":0,"2":0,"3":0,"4":0,"5":0,"6":0,"7":0,"8":0,"9":0,"10":0,"11":0,"12":0,"13":0,"14":0,"15":0,"16":0,"17":0,"18":0,"19":0},"b":{"0":[0],"1":[0],"2":[0],"3":[0],"4":[0],"5":[0],"6":[0],"7":[0],"8":[0],"9":[0],"10":[0],"11":[0],"12":[0,0],"13":[0],"14":[0,0],"15":[0]}}
,"C:\\Users\\Usuario\\Desktop\\Practica Angular\\14-Clean-Architecture-Node-Express-Mongo\\src\\presentation\\sales\\routes.sale.ts": {"path":"C:\\Users\\Usuario\\Desktop\\Practica Angular\\14-Clean-Architecture-Node-Express-Mongo\\src\\presentation\\sales\\routes.sale.ts","statementMap":{"0":{"start":{"line":1,"column":0},"end":{"line":1,"column":33}},"1":{"start":{"line":2,"column":0},"end":{"line":2,"column":51}},"2":{"start":{"line":3,"column":0},"end":{"line":3,"column":108}},"3":{"start":{"line":4,"column":0},"end":{"line":4,"column":98}},"4":{"start":{"line":5,"column":0},"end":{"line":5,"column":120}},"5":{"start":{"line":6,"column":0},"end":{"line":6,"column":110}},"6":{"start":{"line":7,"column":0},"end":{"line":7,"column":117}},"7":{"start":{"line":8,"column":0},"end":{"line":8,"column":107}},"8":{"start":{"line":13,"column":23},"end":{"line":13,"column":31}},"9":{"start":{"line":16,"column":31},"end":{"line":16,"column":60}},"10":{"start":{"line":17,"column":35},"end":{"line":17,"column":68}},"11":{"start":{"line":18,"column":34},"end":{"line":18,"column":66}},"12":{"start":{"line":20,"column":31},"end":{"line":20,"column":69}},"13":{"start":{"line":21,"column":35},"end":{"line":21,"column":81}},"14":{"start":{"line":22,"column":34},"end":{"line":22,"column":78}},"15":{"start":{"line":24,"column":27},"end":{"line":24,"column":100}},"16":{"start":{"line":31,"column":8},"end":{"line":31,"column":48}},"17":{"start":{"line":32,"column":8},"end":{"line":32,"column":51}},"18":{"start":{"line":33,"column":8},"end":{"line":33,"column":48}},"19":{"start":{"line":34,"column":8},"end":{"line":34,"column":65}},"20":{"start":{"line":37,"column":8},"end":{"line":37,"column":78}},"21":{"start":{"line":38,"column":8},"end":{"line":38,"column":70}},"22":{"start":{"line":40,"column":8},"end":{"line":40,"column":22}},"23":{"start":{"line":11,"column":0},"end":{"line":11,"column":13}}},"fnMap":{"0":{"name":"(anonymous_0)","decl":{"start":{"line":12,"column":4},"end":{"line":12,"column":10}},"loc":{"start":{"line":12,"column":28},"end":{"line":41,"column":5}}}},"branchMap":{},"s":{"0":2,"1":2,"2":2,"3":2,"4":2,"5":2,"6":2,"7":2,"8":4,"9":4,"10":4,"11":4,"12":4,"13":4,"14":4,"15":4,"16":4,"17":4,"18":4,"19":4,"20":4,"21":4,"22":4,"23":2},"f":{"0":4},"b":{}}
}
