TN:
SF:src\configs\bcrypt.ts
FN:5,(anonymous_0)
FN:10,(anonymous_1)
FNF:2
FNH:2
FNDA:3,(anonymous_0)
FNDA:1,(anonymous_1)
DA:2,2
DA:4,2
DA:7,3
DA:12,1
DA:13,1
DA:14,1
LF:6
LH:6
BRF:0
BRH:0
end_of_record
TN:
SF:src\configs\envs.ts
FNF:0
FNH:0
DA:1,5
DA:2,5
DA:6,5
LF:3
LH:3
BRF:0
BRH:0
end_of_record
TN:
SF:src\configs\jwt.ts
FN:9,(anonymous_8)
FN:9,(anonymous_9)
FN:11,(anonymous_10)
FN:13,(anonymous_11)
FN:24,(anonymous_12)
FN:25,(anonymous_13)
FN:26,(anonymous_14)
FNF:7
FNH:4
FNDA:4,(anonymous_8)
FNDA:4,(anonymous_9)
FNDA:4,(anonymous_10)
FNDA:4,(anonymous_11)
FNDA:0,(anonymous_12)
FNDA:0,(anonymous_13)
FNDA:0,(anonymous_14)
DA:1,5
DA:2,5
DA:4,5
DA:6,5
DA:9,4
DA:11,4
DA:13,4
DA:15,4
DA:17,4
DA:25,0
DA:26,0
DA:29,0
DA:32,0
LF:13
LH:9
BRDA:9,0,0,1
BRDA:15,1,0,0
BRDA:29,2,0,0
BRF:3
BRH:1
end_of_record
TN:
SF:src\configs\validator.ts
FN:3,(anonymous_0)
FNF:1
FNH:1
FNDA:25,(anonymous_0)
DA:1,7
DA:6,25
LF:2
LH:2
BRF:0
BRH:0
end_of_record
TN:
SF:src\data\mongodb\models\user.model.ts
FNF:0
FNH:0
DA:1,3
DA:3,3
DA:40,3
LF:3
LH:3
BRF:0
BRH:0
end_of_record
TN:
SF:src\data\mongodb\models\chatbot\chat-models.ts
FNF:0
FNH:0
DA:2,2
DA:5,2
DA:33,2
DA:54,2
DA:81,2
DA:84,2
DA:85,2
DA:86,2
LF:8
LH:8
BRF:0
BRH:0
end_of_record
TN:
SF:src\data\mongodb\models\customers\city.model.ts
FNF:0
FNH:0
DA:1,2
DA:3,2
DA:26,2
LF:3
LH:3
BRF:0
BRH:0
end_of_record
TN:
SF:src\data\mongodb\models\customers\customer.model.ts
FNF:0
FNH:0
DA:1,2
DA:3,2
DA:43,2
LF:3
LH:3
BRF:0
BRH:0
end_of_record
TN:
SF:src\data\mongodb\models\customers\neighborhood.model.ts
FNF:0
FNH:0
DA:1,2
DA:3,2
DA:31,2
DA:33,2
LF:4
LH:4
BRF:0
BRH:0
end_of_record
TN:
SF:src\data\mongodb\models\payment\payment.model.ts
FNF:0
FNH:0
DA:2,2
DA:3,2
DA:4,2
DA:6,2
DA:66,2
DA:67,2
DA:68,2
DA:74,2
LF:8
LH:8
BRF:0
BRH:0
end_of_record
TN:
SF:src\data\mongodb\models\products\category.model.ts
FNF:0
FNH:0
DA:2,2
DA:4,2
DA:26,2
LF:3
LH:3
BRF:0
BRH:0
end_of_record
TN:
SF:src\data\mongodb\models\products\product.model.ts
FNF:0
FNH:0
DA:1,2
DA:4,2
DA:52,2
LF:3
LH:3
BRF:0
BRH:0
end_of_record
TN:
SF:src\data\mongodb\models\products\unit.model.ts
FNF:0
FNH:0
DA:2,2
DA:4,2
DA:24,2
LF:3
LH:3
BRF:0
BRH:0
end_of_record
TN:
SF:src\data\mongodb\models\sales\sale.model.ts
FN:34,(anonymous_1)
FNF:1
FNH:0
FNDA:0,(anonymous_1)
DA:1,2
DA:3,2
DA:25,2
DA:35,0
DA:85,2
LF:5
LH:4
BRF:0
BRH:0
end_of_record
TN:
SF:src\domain\datasources\customers\city.datasource.ts
FNF:0
FNH:0
DA:6,2
LF:1
LH:1
BRF:0
BRH:0
end_of_record
TN:
SF:src\domain\datasources\customers\customer.datasource.ts
FNF:0
FNH:0
DA:6,2
LF:1
LH:1
BRF:0
BRH:0
end_of_record
TN:
SF:src\domain\datasources\customers\neighborhood.datasource.ts
FNF:0
FNH:0
DA:6,2
LF:1
LH:1
BRF:0
BRH:0
end_of_record
TN:
SF:src\domain\datasources\products\category.datasource.ts
FNF:0
FNH:0
DA:8,2
LF:1
LH:1
BRF:0
BRH:0
end_of_record
TN:
SF:src\domain\datasources\products\product.datasource.ts
FNF:0
FNH:0
DA:9,2
LF:1
LH:1
BRF:0
BRH:0
end_of_record
TN:
SF:src\domain\dtos\auth\login-user.dto.ts
FN:6,(anonymous_0)
FN:13,(anonymous_1)
FNF:2
FNH:2
FNDA:3,(anonymous_0)
FNDA:4,(anonymous_1)
DA:1,3
DA:4,3
DA:7,3
DA:8,3
DA:15,4
DA:17,4
DA:18,3
DA:19,3
DA:22,3
LF:9
LH:9
BRDA:17,0,0,1
BRDA:18,1,0,0
BRDA:19,2,0,0
BRF:3
BRH:1
end_of_record
TN:
SF:src\domain\dtos\auth\register-user.dto.ts
FN:13,(anonymous_0)
FN:20,(anonymous_1)
FNF:2
FNH:2
FNDA:6,(anonymous_0)
FNDA:12,(anonymous_1)
DA:6,5
DA:8,5
DA:14,6
DA:15,6
DA:16,6
DA:25,12
DA:29,12
DA:30,11
DA:33,9
DA:34,8
DA:35,7
DA:39,6
LF:12
LH:12
BRDA:29,0,0,1
BRDA:30,1,0,2
BRDA:33,2,0,1
BRDA:34,3,0,1
BRDA:35,4,0,1
BRF:5
BRH:5
end_of_record
TN:
SF:src\domain\dtos\chatbot\chat-query.dto.ts
FN:5,(anonymous_0)
FN:11,(anonymous_1)
FNF:2
FNH:0
FNDA:0,(anonymous_0)
FNDA:0,(anonymous_1)
DA:4,2
DA:6,0
DA:7,0
DA:8,0
DA:12,0
DA:15,0
DA:16,0
DA:19,0
DA:20,0
DA:23,0
LF:10
LH:1
BRDA:8,0,0,0
BRDA:12,1,0,0
BRDA:15,2,0,0
BRDA:16,3,0,0
BRDA:19,4,0,0
BRDA:19,5,0,0
BRDA:19,5,1,0
BRF:7
BRH:0
end_of_record
TN:
SF:src\domain\dtos\customers\create-city.dto.ts
FN:2,(anonymous_0)
FN:8,(anonymous_1)
FNF:2
FNH:2
FNDA:2,(anonymous_0)
FNDA:6,(anonymous_1)
DA:1,3
DA:3,2
DA:4,2
DA:5,2
DA:10,6
DA:13,6
DA:14,5
DA:16,4
DA:19,3
DA:20,1
DA:24,2
LF:11
LH:11
BRDA:5,0,0,0
BRDA:10,1,0,4
BRDA:13,2,0,1
BRDA:14,3,0,1
BRDA:16,4,0,1
BRDA:19,5,0,1
BRDA:19,6,0,3
BRDA:19,6,1,3
BRF:8
BRH:7
end_of_record
TN:
SF:src\domain\dtos\customers\create-customer.dto.ts
FN:4,(anonymous_0)
FN:13,(anonymous_1)
FNF:2
FNH:2
FNDA:2,(anonymous_0)
FNDA:13,(anonymous_1)
DA:1,3
DA:3,3
DA:5,2
DA:6,2
DA:7,2
DA:8,2
DA:9,2
DA:10,2
DA:15,13
DA:18,13
DA:19,12
DA:21,11
DA:22,10
DA:24,9
DA:26,8
DA:27,1
DA:30,7
DA:31,6
DA:33,5
DA:35,4
DA:36,1
DA:40,3
DA:41,1
DA:45,2
LF:24
LH:24
BRDA:10,0,0,0
BRDA:15,1,0,11
BRDA:18,2,0,1
BRDA:19,3,0,1
BRDA:21,4,0,1
BRDA:22,5,0,1
BRDA:24,6,0,1
BRDA:26,7,0,1
BRDA:30,8,0,1
BRDA:31,9,0,1
BRDA:33,10,0,1
BRDA:35,11,0,1
BRDA:40,12,0,1
BRDA:40,13,0,3
BRDA:40,13,1,3
BRF:15
BRH:14
end_of_record
TN:
SF:src\domain\dtos\customers\create-neighborhood.dto.ts
FN:2,(anonymous_0)
FN:9,(anonymous_1)
FNF:2
FNH:2
FNDA:2,(anonymous_0)
FNDA:8,(anonymous_1)
DA:1,3
DA:3,2
DA:4,2
DA:5,2
DA:6,2
DA:11,8
DA:14,8
DA:15,7
DA:17,6
DA:19,5
DA:22,4
DA:23,1
DA:27,3
DA:28,1
DA:32,2
LF:15
LH:15
BRDA:6,0,0,0
BRDA:11,1,0,6
BRDA:14,2,0,1
BRDA:15,3,0,1
BRDA:17,4,0,1
BRDA:19,5,0,1
BRDA:22,6,0,1
BRDA:27,7,0,1
BRDA:27,8,0,3
BRDA:27,8,1,3
BRF:10
BRH:9
end_of_record
TN:
SF:src\domain\dtos\customers\update-city.dto.ts
FN:2,(anonymous_0)
FN:8,(anonymous_1)
FNF:2
FNH:2
FNDA:2,(anonymous_0)
FNDA:6,(anonymous_1)
DA:1,3
DA:3,2
DA:4,2
DA:5,2
DA:10,6
DA:11,1
DA:14,5
DA:15,5
DA:18,5
DA:19,4
DA:20,1
DA:22,3
DA:25,4
DA:26,2
DA:29,4
DA:30,3
DA:31,2
DA:33,1
DA:37,2
LF:19
LH:19
BRDA:10,0,0,1
BRDA:18,1,0,4
BRDA:19,2,0,1
BRDA:25,3,0,2
BRDA:29,4,0,3
BRDA:30,5,0,2
BRDA:40,6,0,2
BRDA:40,6,1,0
BRDA:41,7,0,1
BRDA:41,7,1,1
BRF:10
BRH:9
end_of_record
TN:
SF:src\domain\dtos\customers\update-customer.dto.ts
FN:4,(anonymous_0)
FN:13,(anonymous_1)
FNF:2
FNH:2
FNDA:3,(anonymous_0)
FNDA:6,(anonymous_1)
DA:1,3
DA:3,3
DA:5,3
DA:6,3
DA:7,3
DA:8,3
DA:9,3
DA:10,3
DA:16,6
DA:17,1
DA:20,5
DA:21,5
DA:24,5
DA:25,3
DA:26,1
DA:28,2
DA:31,4
DA:32,3
DA:33,1
DA:35,2
DA:38,3
DA:39,1
DA:40,0
DA:42,1
DA:45,3
DA:46,1
DA:47,0
DA:49,1
DA:52,3
DA:53,1
DA:54,0
DA:56,1
DA:59,3
DA:60,1
DA:61,0
DA:63,1
DA:67,3
LF:37
LH:33
BRDA:16,0,0,1
BRDA:24,1,0,3
BRDA:25,2,0,1
BRDA:31,3,0,3
BRDA:32,4,0,1
BRDA:38,5,0,1
BRDA:39,6,0,0
BRDA:45,7,0,1
BRDA:46,8,0,0
BRDA:52,9,0,1
BRDA:53,10,0,0
BRDA:59,11,0,1
BRDA:60,12,0,0
BRF:13
BRH:9
end_of_record
TN:
SF:src\domain\dtos\customers\update-neighborhood.dto.ts
FN:2,(anonymous_0)
FN:9,(anonymous_1)
FNF:2
FNH:2
FNDA:2,(anonymous_0)
FNDA:7,(anonymous_1)
DA:1,3
DA:3,2
DA:4,2
DA:5,2
DA:6,2
DA:11,7
DA:12,1
DA:15,6
DA:16,6
DA:19,6
DA:20,4
DA:21,1
DA:23,3
DA:26,5
DA:27,2
DA:30,5
DA:31,3
DA:32,2
DA:34,1
DA:37,3
DA:38,2
DA:39,1
DA:41,1
DA:45,2
LF:24
LH:24
BRDA:11,0,0,1
BRDA:19,1,0,4
BRDA:20,2,0,1
BRDA:26,3,0,2
BRDA:30,4,0,3
BRDA:31,5,0,2
BRDA:37,6,0,2
BRDA:38,7,0,1
BRF:8
BRH:8
end_of_record
TN:
SF:src\domain\dtos\payment\create-payment.dto.ts
FN:8,(anonymous_0)
FN:27,(anonymous_1)
FNF:2
FNH:2
FNDA:5,(anonymous_0)
FNDA:21,(anonymous_1)
DA:3,3
DA:7,3
DA:9,5
DA:10,5
DA:11,5
DA:12,5
DA:13,5
DA:14,5
DA:15,5
DA:20,5
DA:21,5
DA:22,5
DA:23,5
DA:24,5
DA:41,21
DA:44,21
DA:45,20
DA:46,19
DA:47,18
DA:48,16
DA:49,15
DA:50,14
DA:51,13
DA:52,12
DA:53,11
DA:54,10
DA:57,9
DA:58,9
DA:59,8
DA:60,7
DA:61,6
DA:65,5
DA:67,5
LF:33
LH:33
BRDA:32,0,0,0
BRDA:44,1,0,1
BRDA:45,2,0,1
BRDA:46,3,0,1
BRDA:46,4,0,19
BRDA:46,4,1,18
BRDA:47,5,0,2
BRDA:47,6,0,18
BRDA:47,6,1,17
BRDA:47,6,2,17
BRDA:48,7,0,1
BRDA:49,8,0,1
BRDA:50,9,0,1
BRDA:51,10,0,1
BRDA:52,11,0,1
BRDA:53,12,0,1
BRDA:54,13,0,1
BRDA:58,14,0,1
BRDA:59,15,0,1
BRDA:60,16,0,1
BRDA:60,17,0,7
BRDA:60,17,1,6
BRDA:61,18,0,1
BRDA:61,19,0,6
BRDA:61,19,1,5
BRDA:65,20,0,5
BRDA:65,20,1,4
BRDA:79,21,0,5
BRDA:79,21,1,4
BRF:29
BRH:28
end_of_record
TN:
SF:src\domain\dtos\payment\process-webhook.dto.ts
FN:2,(anonymous_0)
FN:10,(anonymous_1)
FNF:2
FNH:2
FNDA:12,(anonymous_0)
FNDA:16,(anonymous_1)
DA:1,1
DA:3,12
DA:4,12
DA:5,12
DA:11,16
DA:14,16
DA:15,15
DA:16,14
DA:17,13
DA:19,12
LF:10
LH:10
BRDA:14,0,0,1
BRDA:15,1,0,1
BRDA:16,2,0,1
BRDA:17,3,0,1
BRF:4
BRH:4
end_of_record
TN:
SF:src\domain\dtos\payment\update-payment-status.dto.ts
FN:4,(anonymous_0)
FN:11,(anonymous_1)
FNF:2
FNH:2
FNDA:14,(anonymous_0)
FNDA:18,(anonymous_1)
DA:1,3
DA:3,3
DA:5,14
DA:6,14
DA:7,14
DA:8,14
DA:12,18
DA:15,18
DA:16,17
DA:17,16
DA:18,1
DA:20,15
DA:22,14
LF:13
LH:13
BRDA:15,0,0,1
BRDA:16,1,0,1
BRDA:17,2,0,1
BRDA:20,3,0,1
BRF:4
BRH:4
end_of_record
TN:
SF:src\domain\dtos\payment\verify-payment.dto.ts
FN:2,(anonymous_0)
FN:7,(anonymous_1)
FNF:2
FNH:2
FNDA:9,(anonymous_0)
FNDA:13,(anonymous_1)
DA:1,3
DA:3,9
DA:4,9
DA:8,13
DA:11,13
DA:12,11
DA:14,9
LF:7
LH:7
BRDA:11,0,0,2
BRDA:12,1,0,2
BRF:2
BRH:2
end_of_record
TN:
SF:src\domain\dtos\products\create-category.ts
FN:4,(anonymous_0)
FN:12,(anonymous_1)
FNF:2
FNH:2
FNDA:2,(anonymous_0)
FNDA:7,(anonymous_1)
DA:2,3
DA:5,2
DA:6,2
DA:7,2
DA:16,7
DA:19,7
DA:20,5
DA:23,4
DA:24,3
DA:27,2
LF:10
LH:10
BRDA:7,0,0,0
BRDA:19,1,0,2
BRDA:20,2,0,1
BRDA:23,3,0,1
BRDA:24,4,0,1
BRF:5
BRH:4
end_of_record
TN:
SF:src\domain\dtos\products\create-product.dto.ts
FN:5,(anonymous_0)
FN:18,(anonymous_1)
FNF:2
FNH:2
FNDA:5,(anonymous_0)
FNDA:17,(anonymous_1)
DA:3,5
DA:6,5
DA:7,5
DA:8,5
DA:9,5
DA:10,5
DA:11,5
DA:12,5
DA:13,5
DA:23,17
DA:27,17
DA:28,14
DA:29,13
DA:30,11
DA:31,9
DA:32,8
DA:33,7
DA:34,6
DA:40,5
LF:19
LH:19
BRDA:13,0,0,0
BRDA:27,1,0,3
BRDA:28,2,0,1
BRDA:29,3,0,2
BRDA:29,4,0,13
BRDA:29,4,1,12
BRDA:30,5,0,2
BRDA:30,6,0,11
BRDA:30,6,1,10
BRDA:31,7,0,1
BRDA:32,8,0,1
BRDA:33,9,0,1
BRDA:34,10,0,1
BRF:13
BRH:12
end_of_record
TN:
SF:src\domain\dtos\products\create-unit.dto.ts
FN:5,(anonymous_0)
FN:13,(anonymous_1)
FNF:2
FNH:2
FNDA:3,(anonymous_0)
FNDA:9,(anonymous_1)
DA:3,3
DA:6,3
DA:7,3
DA:8,3
DA:17,9
DA:20,9
DA:21,7
DA:24,5
DA:25,4
DA:28,3
LF:10
LH:10
BRDA:8,0,0,0
BRDA:20,1,0,2
BRDA:21,2,0,2
BRDA:24,3,0,1
BRDA:25,4,0,1
BRF:5
BRH:4
end_of_record
TN:
SF:src\domain\dtos\products\udpate-unit.dto.ts
FN:4,(anonymous_0)
FN:10,(anonymous_1)
FNF:2
FNH:2
FNDA:5,(anonymous_0)
FNDA:9,(anonymous_1)
DA:3,3
DA:5,5
DA:6,5
DA:7,5
DA:12,9
DA:13,1
DA:16,8
DA:19,8
DA:24,8
DA:25,5
DA:26,1
DA:28,4
DA:32,7
DA:33,3
DA:37,7
DA:38,5
DA:39,2
DA:41,3
DA:45,5
LF:19
LH:19
BRDA:12,0,0,1
BRDA:24,1,0,5
BRDA:25,2,0,1
BRDA:32,3,0,3
BRDA:37,4,0,5
BRDA:38,5,0,2
BRF:6
BRH:6
end_of_record
TN:
SF:src\domain\dtos\products\update-category.dto.ts
FN:4,(anonymous_0)
FN:10,(anonymous_1)
FNF:2
FNH:2
FNDA:4,(anonymous_0)
FNDA:8,(anonymous_1)
DA:3,3
DA:5,4
DA:6,4
DA:7,4
DA:12,8
DA:13,1
DA:16,7
DA:19,7
DA:20,2
DA:24,5
DA:25,1
DA:29,4
DA:31,4
DA:32,4
DA:33,4
DA:35,4
LF:16
LH:16
BRDA:12,0,0,1
BRDA:19,1,0,2
BRDA:19,2,0,7
BRDA:19,2,1,4
BRDA:24,3,0,1
BRDA:24,4,0,5
BRDA:24,4,1,3
BRDA:31,5,0,2
BRDA:32,6,0,2
BRDA:33,7,0,2
BRF:10
BRH:10
end_of_record
TN:
SF:src\domain\dtos\products\update-product.dto.ts
FN:4,(anonymous_0)
FN:15,(anonymous_1)
FNF:2
FNH:2
FNDA:6,(anonymous_0)
FNDA:10,(anonymous_1)
DA:3,4
DA:5,6
DA:6,6
DA:7,6
DA:8,6
DA:9,6
DA:10,6
DA:11,6
DA:12,6
DA:16,10
DA:19,10
DA:20,1
DA:24,9
DA:25,2
DA:28,7
DA:29,1
DA:33,6
DA:36,6
DA:37,6
DA:38,6
DA:39,6
DA:40,6
DA:41,6
DA:42,6
DA:43,6
DA:45,6
LF:26
LH:26
BRDA:19,0,0,1
BRDA:24,1,0,2
BRDA:24,2,0,9
BRDA:24,2,1,7
BRDA:28,3,0,1
BRDA:28,4,0,7
BRDA:28,4,1,5
BRDA:36,5,0,4
BRDA:37,6,0,2
BRDA:38,7,0,5
BRDA:39,8,0,4
BRDA:40,9,0,2
BRDA:41,10,0,2
BRDA:42,11,0,2
BRDA:43,12,0,3
BRF:15
BRH:15
end_of_record
TN:
SF:src\domain\dtos\sales\create-sale.dto.ts
FN:3,(anonymous_0)
FN:15,(anonymous_1)
FNF:2
FNH:0
FNDA:0,(anonymous_0)
FNDA:0,(anonymous_1)
DA:2,2
DA:4,0
DA:5,0
DA:10,0
DA:11,0
DA:12,0
DA:16,0
DA:19,0
DA:20,0
DA:21,0
DA:24,0
DA:25,0
DA:29,0
DA:30,0
DA:31,0
DA:33,0
DA:34,0
DA:36,0
DA:37,0
DA:39,0
DA:40,0
DA:45,0
DA:46,0
DA:49,0
DA:50,0
DA:53,0
LF:26
LH:1
BRDA:10,0,0,0
BRDA:11,1,0,0
BRDA:12,2,0,0
BRDA:16,3,0,0
BRDA:16,4,0,0
BRDA:16,5,0,0
BRDA:19,6,0,0
BRDA:20,7,0,0
BRDA:24,8,0,0
BRDA:24,9,0,0
BRDA:24,9,1,0
BRDA:24,9,2,0
BRDA:30,10,0,0
BRDA:33,11,0,0
BRDA:36,12,0,0
BRDA:36,13,0,0
BRDA:36,13,1,0
BRDA:39,14,0,0
BRDA:39,15,0,0
BRDA:39,15,1,0
BRDA:45,16,0,0
BRDA:45,17,0,0
BRDA:45,17,1,0
BRDA:49,18,0,0
BRDA:49,19,0,0
BRDA:49,19,1,0
BRF:26
BRH:0
end_of_record
TN:
SF:src\domain\dtos\sales\update-sale-status.dto.ts
FN:2,(anonymous_0)
FN:7,(anonymous_1)
FNF:2
FNH:0
FNDA:0,(anonymous_0)
FNDA:0,(anonymous_1)
DA:1,2
DA:3,0
DA:4,0
DA:8,0
DA:11,0
DA:12,0
DA:13,0
DA:16,0
LF:8
LH:1
BRDA:11,0,0,0
BRDA:12,1,0,0
BRF:2
BRH:0
end_of_record
TN:
SF:src\domain\dtos\shared\pagination.dto.ts
FN:6,(anonymous_0)
FN:12,(anonymous_1)
FNF:2
FNH:2
FNDA:13,(anonymous_0)
FNDA:17,(anonymous_1)
DA:2,5
DA:7,13
DA:8,13
DA:17,17
DA:18,17
DA:21,17
DA:24,15
DA:25,13
DA:28,13
LF:9
LH:9
BRDA:12,0,0,0
BRDA:12,1,0,0
BRDA:21,2,0,2
BRDA:21,3,0,17
BRDA:21,3,1,16
BRDA:24,4,0,2
BRDA:24,5,0,15
BRDA:24,5,1,14
BRDA:25,6,0,0
BRDA:25,7,0,13
BRDA:25,7,1,13
BRF:11
BRH:8
end_of_record
TN:
SF:src\domain\entities\user.entity.ts
FN:8,(anonymous_0)
FNF:1
FNH:1
FNDA:4,(anonymous_0)
DA:6,5
DA:9,4
DA:10,4
DA:11,4
DA:12,4
DA:13,4
DA:14,4
LF:7
LH:7
BRF:0
BRH:0
end_of_record
TN:
SF:src\domain\entities\chatbot\chat-message.entity.ts
FN:2,(anonymous_0)
FN:9,(anonymous_1)
FN:20,(anonymous_2)
FNF:3
FNH:1
FNDA:2,(anonymous_0)
FNDA:0,(anonymous_1)
FNDA:0,(anonymous_2)
DA:2,2
DA:3,2
DA:4,2
DA:5,2
DA:8,2
DA:10,0
DA:11,0
DA:12,0
DA:13,0
DA:14,0
DA:15,0
DA:19,2
DA:21,0
DA:22,0
DA:23,0
DA:24,0
DA:25,0
LF:17
LH:6
BRDA:2,0,0,2
BRDA:2,0,1,2
BRF:2
BRH:2
end_of_record
TN:
SF:src\domain\entities\customers\citiy.ts
FN:4,(anonymous_0)
FNF:1
FNH:1
FNDA:9,(anonymous_0)
DA:3,5
DA:5,9
DA:6,9
DA:7,9
DA:8,9
LF:5
LH:5
BRDA:8,0,0,0
BRF:1
BRH:0
end_of_record
TN:
SF:src\domain\entities\customers\customer.ts
FN:5,(anonymous_0)
FNF:1
FNH:1
FNDA:5,(anonymous_0)
DA:3,3
DA:6,5
DA:7,5
DA:8,5
DA:9,5
DA:10,5
DA:11,5
DA:12,5
LF:8
LH:8
BRDA:12,0,0,1
BRF:1
BRH:1
end_of_record
TN:
SF:src\domain\entities\customers\neighborhood.ts
FN:5,(anonymous_0)
FNF:1
FNH:1
FNDA:8,(anonymous_0)
DA:3,4
DA:6,8
DA:7,8
DA:8,8
DA:9,8
DA:10,8
LF:6
LH:6
BRF:0
BRH:0
end_of_record
TN:
SF:src\domain\entities\payment\payment.entity.ts
FN:7,(anonymous_0)
FN:12,(anonymous_1)
FN:22,(anonymous_2)
FNF:3
FNH:2
FNDA:3,(anonymous_0)
FNDA:3,(anonymous_1)
FNDA:0,(anonymous_2)
DA:7,3
DA:8,3
DA:12,3
DA:13,3
DA:14,3
DA:15,3
DA:16,3
DA:17,3
DA:18,3
DA:21,3
DA:23,0
DA:24,0
DA:25,0
DA:26,0
DA:27,0
DA:28,0
DA:29,0
DA:30,0
DA:31,0
DA:32,0
DA:33,0
DA:34,0
DA:35,0
DA:36,0
DA:37,0
DA:38,0
LF:26
LH:10
BRDA:7,0,0,3
BRDA:7,0,1,3
BRDA:12,1,0,3
BRDA:12,1,1,3
BRF:4
BRH:4
end_of_record
TN:
SF:src\domain\entities\products\category.entity.ts
FN:2,(anonymous_0)
FNF:1
FNH:1
FNDA:3,(anonymous_0)
DA:1,4
DA:3,3
DA:4,3
DA:5,3
DA:6,3
LF:5
LH:5
BRDA:6,0,0,0
BRF:1
BRH:0
end_of_record
TN:
SF:src\domain\entities\products\product.entity.ts
FN:6,(anonymous_0)
FNF:1
FNH:1
FNDA:10,(anonymous_0)
DA:5,4
DA:7,10
DA:8,10
DA:9,10
DA:10,10
DA:11,10
DA:12,10
DA:13,10
DA:14,10
DA:15,10
LF:10
LH:10
BRDA:10,0,0,0
BRDA:14,1,0,0
BRDA:15,2,0,0
BRF:3
BRH:0
end_of_record
TN:
SF:src\domain\entities\products\unit.entity.ts
FN:4,(anonymous_0)
FNF:1
FNH:1
FNDA:2,(anonymous_0)
DA:2,4
DA:5,2
DA:6,2
DA:7,2
DA:8,2
LF:5
LH:5
BRDA:8,0,0,0
BRF:1
BRH:0
end_of_record
TN:
SF:src\domain\entities\sales\sale.entity.ts
FN:13,(anonymous_0)
FNF:1
FNH:0
FNDA:0,(anonymous_0)
DA:12,2
DA:14,0
DA:15,0
DA:16,0
DA:17,0
DA:18,0
DA:19,0
DA:20,0
DA:21,0
DA:22,0
DA:23,0
DA:24,0
DA:25,0
LF:13
LH:1
BRF:0
BRH:0
end_of_record
TN:
SF:src\domain\errors\custom.error.ts
FN:4,(anonymous_0)
FN:11,(anonymous_1)
FN:15,(anonymous_2)
FN:19,(anonymous_3)
FN:23,(anonymous_4)
FN:27,(anonymous_5)
FN:31,(anonymous_6)
FNF:7
FNH:5
FNDA:18,(anonymous_0)
FNDA:5,(anonymous_1)
FNDA:1,(anonymous_2)
FNDA:0,(anonymous_3)
FNDA:4,(anonymous_4)
FNDA:0,(anonymous_5)
FNDA:7,(anonymous_6)
DA:2,6
DA:5,18
DA:6,18
DA:8,18
DA:12,5
DA:16,1
DA:20,0
DA:24,4
DA:28,0
DA:32,7
DA:33,7
LF:11
LH:9
BRDA:31,0,0,0
BRF:1
BRH:0
end_of_record
TN:
SF:src\domain\interfaces\payment\mercado-pago.interface.ts
FN:78,(anonymous_0)
FNF:1
FNH:1
FNDA:3,(anonymous_0)
DA:78,3
DA:79,3
DA:80,3
DA:81,3
DA:82,3
DA:83,3
DA:84,3
DA:85,3
DA:86,3
DA:87,3
LF:10
LH:10
BRDA:78,0,0,3
BRDA:78,0,1,3
BRF:2
BRH:2
end_of_record
TN:
SF:src\domain\use-cases\auth\login-user.use-case.ts
FN:33,(anonymous_7)
FN:43,(anonymous_8)
FNF:2
FNH:2
FNDA:1,(anonymous_7)
FNDA:1,(anonymous_8)
DA:1,2
DA:4,2
DA:29,2
DA:34,1
DA:38,1
DA:45,1
DA:47,1
DA:51,1
DA:53,1
DA:57,1
DA:72,0
DA:73,0
DA:75,0
LF:13
LH:10
BRDA:38,0,0,1
BRDA:53,1,0,0
BRDA:72,2,0,0
BRF:3
BRH:1
end_of_record
TN:
SF:src\domain\use-cases\auth\register-user.use-case.ts
FN:34,(anonymous_7)
FN:42,(anonymous_8)
FNF:2
FNH:2
FNDA:6,(anonymous_7)
FNDA:8,(anonymous_8)
DA:1,3
DA:3,3
DA:29,3
DA:35,6
DA:39,6
DA:44,8
DA:46,8
DA:50,5
DA:52,5
DA:56,3
DA:70,5
DA:71,3
DA:73,2
LF:13
LH:13
BRDA:39,0,0,2
BRDA:52,1,0,2
BRDA:70,2,0,3
BRF:3
BRH:3
end_of_record
TN:
SF:src\domain\use-cases\chatbot\generate-embeddings.use-case.ts
FN:6,(anonymous_7)
FN:10,(anonymous_8)
FNF:2
FNH:0
FNDA:0,(anonymous_7)
FNDA:0,(anonymous_8)
DA:2,2
DA:5,2
DA:7,0
DA:11,0
DA:12,0
DA:14,0
DA:15,0
DA:17,0
DA:18,0
LF:9
LH:2
BRDA:14,0,0,0
BRF:1
BRH:0
end_of_record
TN:
SF:src\domain\use-cases\chatbot\query-chatbot.use-case.ts
FN:13,(anonymous_7)
FN:17,(anonymous_8)
FNF:2
FNH:0
FNDA:0,(anonymous_7)
FNDA:0,(anonymous_8)
DA:4,2
DA:12,2
DA:14,0
DA:18,0
DA:19,0
DA:20,0
DA:23,0
DA:24,0
DA:25,0
DA:28,0
DA:29,0
DA:30,0
DA:31,0
DA:36,0
DA:39,0
DA:45,0
DA:47,0
DA:52,0
DA:53,0
DA:55,0
DA:56,0
LF:21
LH:2
BRDA:23,0,0,0
BRDA:23,0,1,0
BRDA:29,1,0,0
BRDA:52,2,0,0
BRF:4
BRH:0
end_of_record
TN:
SF:src\domain\use-cases\customers\create-city.use-case.ts
FN:14,(anonymous_7)
FN:16,(anonymous_8)
FNF:2
FNH:0
FNDA:0,(anonymous_7)
FNDA:0,(anonymous_8)
DA:3,2
DA:5,2
DA:12,2
DA:14,0
DA:17,0
DA:19,0
DA:20,0
DA:24,0
DA:25,0
DA:27,0
DA:32,0
DA:33,0
DA:37,0
DA:39,0
DA:40,0
DA:42,0
LF:16
LH:3
BRDA:19,0,0,0
BRDA:25,1,0,0
BRDA:32,2,0,0
BRDA:39,3,0,0
BRF:4
BRH:0
end_of_record
TN:
SF:src\domain\use-cases\customers\create-customer.use-case.ts
FN:12,(anonymous_7)
FN:17,(anonymous_8)
FNF:2
FNH:0
FNDA:0,(anonymous_7)
FNDA:0,(anonymous_8)
DA:3,2
DA:11,2
DA:13,0
DA:14,0
DA:18,0
DA:20,0
DA:21,0
DA:25,0
DA:28,0
DA:29,0
DA:30,0
DA:34,0
DA:36,0
DA:37,0
DA:39,0
LF:15
LH:2
BRDA:20,0,0,0
BRDA:29,1,0,0
BRDA:36,2,0,0
BRF:3
BRH:0
end_of_record
TN:
SF:src\domain\use-cases\customers\create-neighborhood.use-case.ts
FN:13,(anonymous_7)
FN:18,(anonymous_8)
FNF:2
FNH:0
FNDA:0,(anonymous_7)
FNDA:0,(anonymous_8)
DA:2,2
DA:4,2
DA:12,2
DA:14,0
DA:15,0
DA:19,0
DA:21,0
DA:22,0
DA:26,0
DA:29,0
DA:30,0
DA:32,0
DA:38,0
DA:39,0
DA:43,0
DA:45,0
DA:46,0
DA:48,0
LF:18
LH:3
BRDA:21,0,0,0
BRDA:30,1,0,0
BRDA:38,2,0,0
BRDA:45,3,0,0
BRF:4
BRH:0
end_of_record
TN:
SF:src\domain\use-cases\customers\delete-city.use-case.ts
FN:10,(anonymous_7)
FN:14,(anonymous_8)
FNF:2
FNH:0
FNDA:0,(anonymous_7)
FNDA:0,(anonymous_8)
DA:2,2
DA:9,2
DA:11,0
DA:15,0
DA:17,0
DA:20,0
DA:21,0
DA:25,0
DA:27,0
DA:29,0
DA:30,0
DA:32,0
LF:12
LH:2
BRDA:20,0,0,0
BRDA:29,1,0,0
BRF:2
BRH:0
end_of_record
TN:
SF:src\domain\use-cases\customers\delete-customer.use-case.ts
FN:10,(anonymous_7)
FN:14,(anonymous_8)
FNF:2
FNH:0
FNDA:0,(anonymous_7)
FNDA:0,(anonymous_8)
DA:2,2
DA:9,2
DA:11,0
DA:15,0
DA:17,0
DA:20,0
DA:21,0
DA:25,0
DA:27,0
DA:29,0
DA:30,0
DA:32,0
LF:12
LH:2
BRDA:20,0,0,0
BRDA:29,1,0,0
BRF:2
BRH:0
end_of_record
TN:
SF:src\domain\use-cases\customers\delete-neighborhood.use-case.ts
FN:10,(anonymous_7)
FN:14,(anonymous_8)
FNF:2
FNH:0
FNDA:0,(anonymous_7)
FNDA:0,(anonymous_8)
DA:2,2
DA:9,2
DA:11,0
DA:15,0
DA:17,0
DA:20,0
DA:21,0
DA:25,0
DA:27,0
DA:29,0
DA:30,0
DA:32,0
LF:12
LH:2
BRDA:20,0,0,0
BRDA:29,1,0,0
BRF:2
BRH:0
end_of_record
TN:
SF:src\domain\use-cases\customers\find-city-by-name.use-case.ts
FN:11,(anonymous_7)
FN:15,(anonymous_8)
FNF:2
FNH:0
FNDA:0,(anonymous_7)
FNDA:0,(anonymous_8)
DA:1,2
DA:3,2
DA:10,2
DA:12,0
DA:16,0
DA:18,0
DA:19,0
DA:20,0
DA:21,0
DA:25,0
DA:29,0
DA:31,0
DA:32,0
DA:34,0
LF:14
LH:3
BRDA:18,0,0,0
BRDA:20,1,0,0
BRDA:31,2,0,0
BRF:3
BRH:0
end_of_record
TN:
SF:src\domain\use-cases\customers\find-customers-by-neighborhood.use-case.ts
FN:12,(anonymous_7)
FN:17,(anonymous_8)
FNF:2
FNH:0
FNDA:0,(anonymous_7)
FNDA:0,(anonymous_8)
DA:1,2
DA:3,2
DA:11,2
DA:13,0
DA:14,0
DA:18,0
DA:20,0
DA:23,0
DA:24,0
DA:25,0
DA:26,0
DA:30,0
DA:32,0
DA:34,0
DA:35,0
DA:37,0
LF:16
LH:3
BRDA:23,0,0,0
BRDA:25,1,0,0
BRDA:34,2,0,0
BRF:3
BRH:0
end_of_record
TN:
SF:src\domain\use-cases\customers\find-neighborhoods-by-city.use-case.ts
FN:12,(anonymous_7)
FN:17,(anonymous_8)
FNF:2
FNH:0
FNDA:0,(anonymous_7)
FNDA:0,(anonymous_8)
DA:1,2
DA:3,2
DA:11,2
DA:13,0
DA:14,0
DA:18,0
DA:20,0
DA:23,0
DA:24,0
DA:25,0
DA:26,0
DA:30,0
DA:32,0
DA:34,0
DA:35,0
DA:37,0
LF:16
LH:3
BRDA:23,0,0,0
BRDA:25,1,0,0
BRDA:34,2,0,0
BRF:3
BRH:0
end_of_record
TN:
SF:src\domain\use-cases\customers\get-all-cities.use-case.ts
FN:11,(anonymous_7)
FN:15,(anonymous_8)
FNF:2
FNH:0
FNDA:0,(anonymous_7)
FNDA:0,(anonymous_8)
DA:1,2
DA:3,2
DA:10,2
DA:12,0
DA:16,0
DA:18,0
DA:19,0
DA:20,0
DA:21,0
DA:25,0
DA:28,0
DA:30,0
DA:31,0
DA:33,0
LF:14
LH:3
BRDA:18,0,0,0
BRDA:20,1,0,0
BRDA:30,2,0,0
BRF:3
BRH:0
end_of_record
TN:
SF:src\domain\use-cases\customers\get-all-customers.use-case.ts
FN:11,(anonymous_7)
FN:15,(anonymous_8)
FNF:2
FNH:0
FNDA:0,(anonymous_7)
FNDA:0,(anonymous_8)
DA:1,2
DA:3,2
DA:10,2
DA:12,0
DA:16,0
DA:18,0
DA:19,0
DA:20,0
DA:21,0
DA:25,0
DA:28,0
DA:30,0
DA:31,0
DA:33,0
LF:14
LH:3
BRDA:18,0,0,0
BRDA:20,1,0,0
BRDA:30,2,0,0
BRF:3
BRH:0
end_of_record
TN:
SF:src\domain\use-cases\customers\get-all-neighborhoods.use-case.ts
FN:11,(anonymous_7)
FN:15,(anonymous_8)
FNF:2
FNH:0
FNDA:0,(anonymous_7)
FNDA:0,(anonymous_8)
DA:1,2
DA:3,2
DA:10,2
DA:12,0
DA:16,0
DA:18,0
DA:19,0
DA:20,0
DA:21,0
DA:25,0
DA:28,0
DA:30,0
DA:31,0
DA:33,0
LF:14
LH:3
BRDA:18,0,0,0
BRDA:20,1,0,0
BRDA:30,2,0,0
BRF:3
BRH:0
end_of_record
TN:
SF:src\domain\use-cases\customers\get-city-by-id..use-case.ts
FN:10,(anonymous_7)
FN:14,(anonymous_8)
FNF:2
FNH:0
FNDA:0,(anonymous_7)
FNDA:0,(anonymous_8)
DA:2,2
DA:9,2
DA:11,0
DA:15,0
DA:17,0
DA:20,0
DA:21,0
DA:24,0
DA:26,0
DA:27,0
DA:29,0
LF:11
LH:2
BRDA:20,0,0,0
BRDA:26,1,0,0
BRF:2
BRH:0
end_of_record
TN:
SF:src\domain\use-cases\customers\get-customer-by-email.use-case.ts
FN:10,(anonymous_7)
FN:14,(anonymous_8)
FNF:2
FNH:0
FNDA:0,(anonymous_7)
FNDA:0,(anonymous_8)
DA:2,2
DA:9,2
DA:11,0
DA:15,0
DA:17,0
DA:18,0
DA:19,0
DA:23,0
DA:26,0
DA:28,0
DA:29,0
DA:31,0
LF:12
LH:2
BRDA:18,0,0,0
BRDA:28,1,0,0
BRF:2
BRH:0
end_of_record
TN:
SF:src\domain\use-cases\customers\get-customer-by-id.use-case.ts
FN:10,(anonymous_7)
FN:14,(anonymous_8)
FNF:2
FNH:0
FNDA:0,(anonymous_7)
FNDA:0,(anonymous_8)
DA:2,2
DA:9,2
DA:11,0
DA:15,0
DA:17,0
DA:20,0
DA:21,0
DA:24,0
DA:26,0
DA:27,0
DA:29,0
LF:11
LH:2
BRDA:20,0,0,0
BRDA:26,1,0,0
BRF:2
BRH:0
end_of_record
TN:
SF:src\domain\use-cases\customers\get-neighborhood-by-id.use-case.ts
FN:10,(anonymous_7)
FN:14,(anonymous_8)
FNF:2
FNH:0
FNDA:0,(anonymous_7)
FNDA:0,(anonymous_8)
DA:2,2
DA:9,2
DA:11,0
DA:15,0
DA:17,0
DA:20,0
DA:21,0
DA:24,0
DA:26,0
DA:27,0
DA:29,0
LF:11
LH:2
BRDA:20,0,0,0
BRDA:26,1,0,0
BRF:2
BRH:0
end_of_record
TN:
SF:src\domain\use-cases\customers\update-city.use-case.ts
FN:11,(anonymous_7)
FN:15,(anonymous_8)
FNF:2
FNH:0
FNDA:0,(anonymous_7)
FNDA:0,(anonymous_8)
DA:3,2
DA:10,2
DA:12,0
DA:16,0
DA:18,0
DA:19,0
DA:20,0
DA:24,0
DA:25,0
DA:27,0
DA:28,0
DA:30,0
LF:12
LH:2
BRDA:19,0,0,0
BRDA:27,1,0,0
BRF:2
BRH:0
end_of_record
TN:
SF:src\domain\use-cases\customers\update-customer.use-case.ts
FN:12,(anonymous_7)
FN:17,(anonymous_8)
FNF:2
FNH:0
FNDA:0,(anonymous_7)
FNDA:0,(anonymous_8)
DA:3,2
DA:11,2
DA:13,0
DA:14,0
DA:18,0
DA:20,0
DA:21,0
DA:22,0
DA:26,0
DA:27,0
DA:31,0
DA:32,0
DA:33,0
DA:34,0
DA:39,0
DA:40,0
DA:42,0
DA:43,0
DA:45,0
LF:19
LH:2
BRDA:21,0,0,0
BRDA:26,1,0,0
BRDA:31,2,0,0
BRDA:31,3,0,0
BRDA:31,3,1,0
BRDA:33,4,0,0
BRDA:33,5,0,0
BRDA:33,5,1,0
BRDA:42,6,0,0
BRF:9
BRH:0
end_of_record
TN:
SF:src\domain\use-cases\customers\update-neighborhood.use-case.ts
FN:12,(anonymous_7)
FN:17,(anonymous_8)
FNF:2
FNH:0
FNDA:0,(anonymous_7)
FNDA:0,(anonymous_8)
DA:3,2
DA:11,2
DA:13,0
DA:14,0
DA:18,0
DA:20,0
DA:21,0
DA:22,0
DA:26,0
DA:27,0
DA:31,0
DA:32,0
DA:34,0
DA:35,0
DA:37,0
LF:15
LH:2
BRDA:21,0,0,0
BRDA:26,1,0,0
BRDA:34,2,0,0
BRF:3
BRH:0
end_of_record
TN:
SF:src\domain\use-cases\payment\create-payment.use-case.ts
FN:17,(anonymous_7)
FN:23,(anonymous_8)
FNF:2
FNH:0
FNDA:0,(anonymous_7)
FNDA:0,(anonymous_8)
DA:3,2
DA:16,2
DA:18,0
DA:19,0
DA:20,0
DA:27,0
DA:29,0
DA:30,0
DA:34,0
DA:36,0
DA:37,0
DA:45,0
DA:46,0
DA:47,0
DA:51,0
DA:52,0
DA:53,0
DA:57,0
DA:58,0
DA:64,0
DA:65,0
DA:71,0
DA:74,0
DA:76,0
DA:81,0
DA:82,0
DA:84,0
LF:27
LH:2
BRDA:29,0,0,0
BRDA:34,1,0,0
BRDA:46,2,0,0
BRDA:52,3,0,0
BRDA:57,4,0,0
BRDA:64,5,0,0
BRDA:81,6,0,0
BRF:7
BRH:0
end_of_record
TN:
SF:src\domain\use-cases\payment\get-all-payments.use-case.ts
FN:11,(anonymous_7)
FN:13,(anonymous_8)
FNF:2
FNH:0
FNDA:0,(anonymous_7)
FNDA:0,(anonymous_8)
DA:3,2
DA:10,2
DA:11,0
DA:14,0
DA:15,0
DA:16,0
DA:18,0
DA:19,0
DA:21,0
LF:9
LH:2
BRDA:18,0,0,0
BRF:1
BRH:0
end_of_record
TN:
SF:src\domain\use-cases\payment\get-payment-by-sale.use-case.ts
FN:13,(anonymous_7)
FN:18,(anonymous_8)
FNF:2
FNH:0
FNDA:0,(anonymous_7)
FNDA:0,(anonymous_8)
DA:4,2
DA:12,2
DA:14,0
DA:15,0
DA:19,0
DA:21,0
DA:22,0
DA:23,0
DA:27,0
DA:28,0
DA:30,0
DA:31,0
DA:33,0
LF:13
LH:2
BRDA:22,0,0,0
BRDA:30,1,0,0
BRF:2
BRH:0
end_of_record
TN:
SF:src\domain\use-cases\payment\get-payment.use-case.ts
FN:10,(anonymous_7)
FN:12,(anonymous_8)
FNF:2
FNH:0
FNDA:0,(anonymous_7)
FNDA:0,(anonymous_8)
DA:2,2
DA:9,2
DA:10,0
DA:13,0
DA:14,0
DA:15,0
DA:17,0
DA:18,0
DA:20,0
LF:9
LH:2
BRDA:17,0,0,0
BRF:1
BRH:0
end_of_record
TN:
SF:src\domain\use-cases\payment\verify-payment.use-case.ts
FN:17,(anonymous_7)
FN:22,(anonymous_8)
FNF:2
FNH:0
FNDA:0,(anonymous_7)
FNDA:0,(anonymous_8)
DA:2,2
DA:4,2
DA:5,2
DA:16,2
DA:18,0
DA:19,0
DA:26,0
DA:28,0
DA:31,0
DA:34,0
DA:39,0
DA:46,0
DA:47,0
DA:51,0
DA:54,0
DA:55,0
DA:61,0
DA:67,0
DA:72,0
DA:73,0
DA:75,0
LF:21
LH:4
BRDA:34,0,0,0
BRDA:35,1,0,0
BRDA:35,1,1,0
BRDA:46,2,0,0
BRDA:54,3,0,0
BRDA:72,4,0,0
BRF:6
BRH:0
end_of_record
TN:
SF:src\domain\use-cases\product\create-category.use-case.ts
FN:13,(anonymous_7)
FN:17,(anonymous_8)
FNF:2
FNH:0
FNDA:0,(anonymous_7)
FNDA:0,(anonymous_8)
DA:2,2
DA:4,2
DA:11,2
DA:14,0
DA:19,0
DA:22,0
DA:23,0
DA:28,0
DA:29,0
DA:32,0
DA:33,0
DA:36,0
DA:37,0
DA:40,0
DA:42,0
DA:45,0
DA:46,0
DA:48,0
LF:18
LH:3
BRDA:22,0,0,0
BRDA:29,1,0,0
BRDA:33,2,0,0
BRDA:45,3,0,0
BRF:4
BRH:0
end_of_record
TN:
SF:src\domain\use-cases\product\create-product.use-case.ts
FN:17,(anonymous_7)
FN:22,(anonymous_8)
FNF:2
FNH:2
FNDA:5,(anonymous_7)
FNDA:7,(anonymous_8)
DA:2,3
DA:4,3
DA:15,3
DA:18,5
DA:24,7
DA:27,7
DA:30,7
DA:33,4
DA:36,2
DA:37,2
DA:40,2
DA:42,2
DA:45,5
DA:46,3
DA:48,2
LF:15
LH:15
BRDA:33,0,0,2
BRDA:45,1,0,3
BRF:2
BRH:2
end_of_record
TN:
SF:src\domain\use-cases\product\create-unit.use-case.ts
FN:14,(anonymous_7)
FN:16,(anonymous_8)
FNF:2
FNH:0
FNDA:0,(anonymous_7)
FNDA:0,(anonymous_8)
DA:2,2
DA:4,2
DA:12,2
DA:14,0
DA:17,0
DA:20,0
DA:21,0
DA:26,0
DA:27,0
DA:30,0
DA:31,0
DA:34,0
DA:35,0
DA:38,0
DA:39,0
DA:42,0
DA:43,0
DA:45,0
LF:18
LH:3
BRDA:20,0,0,0
BRDA:27,1,0,0
BRDA:31,2,0,0
BRDA:42,3,0,0
BRF:4
BRH:0
end_of_record
TN:
SF:src\domain\use-cases\product\delete-category.use-case.ts
FN:11,(anonymous_7)
FN:15,(anonymous_8)
FNF:2
FNH:0
FNDA:0,(anonymous_7)
FNDA:0,(anonymous_8)
DA:2,2
DA:9,2
DA:12,0
DA:16,0
DA:18,0
DA:21,0
DA:22,0
DA:26,0
DA:28,0
DA:31,0
DA:32,0
DA:34,0
LF:12
LH:2
BRDA:21,0,0,0
BRDA:31,1,0,0
BRF:2
BRH:0
end_of_record
TN:
SF:src\domain\use-cases\product\delete-unit.use-case.ts
FN:12,(anonymous_7)
FN:16,(anonymous_8)
FNF:2
FNH:0
FNDA:0,(anonymous_7)
FNDA:0,(anonymous_8)
DA:2,2
DA:10,2
DA:13,0
DA:17,0
DA:19,0
DA:22,0
DA:23,0
DA:27,0
DA:30,0
DA:33,0
DA:34,0
DA:36,0
LF:12
LH:2
BRDA:22,0,0,0
BRDA:33,1,0,0
BRF:2
BRH:0
end_of_record
TN:
SF:src\domain\use-cases\product\get-all-category.use-case.ts
FN:13,(anonymous_7)
FN:17,(anonymous_8)
FNF:2
FNH:0
FNDA:0,(anonymous_7)
FNDA:0,(anonymous_8)
DA:1,2
DA:3,2
DA:11,2
DA:14,0
DA:18,0
DA:20,0
DA:21,0
DA:22,0
DA:23,0
DA:27,0
DA:30,0
DA:33,0
DA:34,0
DA:36,0
LF:14
LH:3
BRDA:20,0,0,0
BRDA:22,1,0,0
BRDA:33,2,0,0
BRF:3
BRH:0
end_of_record
TN:
SF:src\domain\use-cases\product\get-all-products.use-case.ts
FN:13,(anonymous_7)
FN:18,(anonymous_8)
FNF:2
FNH:2
FNDA:2,(anonymous_7)
FNDA:2,(anonymous_8)
DA:1,2
DA:3,2
DA:11,2
DA:14,2
DA:20,2
DA:24,2
DA:25,0
DA:26,0
DA:27,0
DA:31,2
DA:34,2
DA:37,0
DA:38,0
DA:40,0
LF:14
LH:8
BRDA:24,0,0,0
BRDA:26,1,0,0
BRDA:37,2,0,0
BRF:3
BRH:0
end_of_record
TN:
SF:src\domain\use-cases\product\get-all-unit.use-case.ts
FN:13,(anonymous_7)
FN:17,(anonymous_8)
FNF:2
FNH:0
FNDA:0,(anonymous_7)
FNDA:0,(anonymous_8)
DA:1,2
DA:3,2
DA:11,2
DA:14,0
DA:18,0
DA:20,0
DA:21,0
DA:22,0
DA:23,0
DA:27,0
DA:30,0
DA:33,0
DA:34,0
DA:36,0
LF:14
LH:3
BRDA:20,0,0,0
BRDA:22,1,0,0
BRDA:33,2,0,0
BRF:3
BRH:0
end_of_record
TN:
SF:src\domain\use-cases\product\get-category-by-id.use-case.ts
FN:10,(anonymous_7)
FN:14,(anonymous_8)
FNF:2
FNH:0
FNDA:0,(anonymous_7)
FNDA:0,(anonymous_8)
DA:2,2
DA:9,2
DA:11,0
DA:15,0
DA:17,0
DA:20,0
DA:21,0
DA:24,0
DA:26,0
DA:27,0
DA:29,0
LF:11
LH:2
BRDA:20,0,0,0
BRDA:26,1,0,0
BRF:2
BRH:0
end_of_record
TN:
SF:src\domain\use-cases\product\get-product-by-category.use-case.ts
FN:15,(anonymous_7)
FN:20,(anonymous_8)
FNF:2
FNH:2
FNDA:2,(anonymous_7)
FNDA:2,(anonymous_8)
DA:3,2
DA:13,2
DA:16,2
DA:17,2
DA:21,2
DA:23,2
DA:24,1
DA:27,1
DA:29,1
DA:31,1
DA:32,1
DA:34,0
LF:12
LH:11
BRDA:24,0,0,0
BRDA:31,1,0,1
BRF:2
BRH:1
end_of_record
TN:
SF:src\domain\use-cases\product\get-unit-by-id.use-case.ts
FN:11,(anonymous_7)
FN:15,(anonymous_8)
FNF:2
FNH:0
FNDA:0,(anonymous_7)
FNDA:0,(anonymous_8)
DA:3,2
DA:10,2
DA:12,0
DA:16,0
DA:18,0
DA:21,0
DA:22,0
DA:25,0
DA:27,0
DA:28,0
DA:30,0
LF:11
LH:2
BRDA:21,0,0,0
BRDA:27,1,0,0
BRF:2
BRH:0
end_of_record
TN:
SF:src\domain\use-cases\product\update-category.use-case.ts
FN:13,(anonymous_7)
FN:17,(anonymous_8)
FNF:2
FNH:0
FNDA:0,(anonymous_7)
FNDA:0,(anonymous_8)
DA:3,2
DA:11,2
DA:14,0
DA:18,0
DA:20,0
DA:21,0
DA:22,0
DA:26,0
DA:27,0
DA:30,0
DA:31,0
DA:33,0
LF:12
LH:2
BRDA:21,0,0,0
BRDA:30,1,0,0
BRF:2
BRH:0
end_of_record
TN:
SF:src\domain\use-cases\product\update-product.use-case.ts
FN:14,(anonymous_7)
FN:18,(anonymous_8)
FNF:2
FNH:2
FNDA:1,(anonymous_7)
FNDA:1,(anonymous_8)
DA:5,2
DA:12,2
DA:15,1
DA:19,1
DA:21,1
DA:22,1
DA:23,0
DA:27,1
DA:28,1
DA:32,0
DA:33,0
DA:37,0
DA:38,0
LF:13
LH:8
BRDA:22,0,0,0
BRDA:32,1,0,0
BRF:2
BRH:0
end_of_record
TN:
SF:src\domain\use-cases\product\update-unit.use-case.ts
FN:12,(anonymous_7)
FN:16,(anonymous_8)
FNF:2
FNH:0
FNDA:0,(anonymous_7)
FNDA:0,(anonymous_8)
DA:3,2
DA:10,2
DA:13,0
DA:17,0
DA:19,0
DA:20,0
DA:21,0
DA:25,0
DA:26,0
DA:29,0
DA:30,0
DA:32,0
LF:12
LH:2
BRDA:20,0,0,0
BRDA:29,1,0,0
BRF:2
BRH:0
end_of_record
TN:
SF:src\domain\use-cases\sales\create-sale.use-case.ts
FN:13,(anonymous_7)
FN:19,(anonymous_8)
FNF:2
FNH:0
FNDA:0,(anonymous_7)
FNDA:0,(anonymous_8)
DA:3,2
DA:12,2
DA:14,0
DA:15,0
DA:16,0
DA:20,0
DA:22,0
DA:23,0
DA:24,0
DA:28,0
DA:29,0
DA:30,0
DA:31,0
DA:34,0
DA:35,0
DA:40,0
DA:42,0
DA:43,0
DA:45,0
LF:19
LH:2
BRDA:23,0,0,0
BRDA:30,1,0,0
BRDA:34,2,0,0
BRDA:42,3,0,0
BRF:4
BRH:0
end_of_record
TN:
SF:src\domain\use-cases\sales\find-sales-by-customer.use-case.ts
FN:12,(anonymous_7)
FN:17,(anonymous_8)
FNF:2
FNH:0
FNDA:0,(anonymous_7)
FNDA:0,(anonymous_8)
DA:1,2
DA:3,2
DA:11,2
DA:13,0
DA:14,0
DA:18,0
DA:20,0
DA:23,0
DA:24,0
DA:25,0
DA:26,0
DA:30,0
DA:32,0
DA:34,0
DA:35,0
DA:37,0
LF:16
LH:3
BRDA:23,0,0,0
BRDA:25,1,0,0
BRDA:34,2,0,0
BRF:3
BRH:0
end_of_record
TN:
SF:src\domain\use-cases\sales\find-sales-by-date-range.use-case.ts
FN:11,(anonymous_7)
FN:15,(anonymous_8)
FNF:2
FNH:0
FNDA:0,(anonymous_7)
FNDA:0,(anonymous_8)
DA:1,2
DA:3,2
DA:10,2
DA:12,0
DA:16,0
DA:18,0
DA:19,0
DA:23,0
DA:24,0
DA:25,0
DA:26,0
DA:30,0
DA:32,0
DA:34,0
DA:35,0
DA:37,0
LF:16
LH:3
BRDA:18,0,0,0
BRDA:23,1,0,0
BRDA:25,2,0,0
BRDA:34,3,0,0
BRF:4
BRH:0
end_of_record
TN:
SF:src\domain\use-cases\sales\get-all-sales.use-case.ts
FN:11,(anonymous_7)
FN:15,(anonymous_8)
FNF:2
FNH:0
FNDA:0,(anonymous_7)
FNDA:0,(anonymous_8)
DA:1,2
DA:3,2
DA:10,2
DA:12,0
DA:16,0
DA:18,0
DA:19,0
DA:20,0
DA:21,0
DA:25,0
DA:28,0
DA:30,0
DA:31,0
DA:33,0
LF:14
LH:3
BRDA:18,0,0,0
BRDA:20,1,0,0
BRDA:30,2,0,0
BRF:3
BRH:0
end_of_record
TN:
SF:src\domain\use-cases\sales\get-sale-by-id.use-case.ts
FN:10,(anonymous_7)
FN:14,(anonymous_8)
FNF:2
FNH:0
FNDA:0,(anonymous_7)
FNDA:0,(anonymous_8)
DA:2,2
DA:9,2
DA:11,0
DA:15,0
DA:17,0
DA:20,0
DA:21,0
DA:24,0
DA:26,0
DA:27,0
DA:29,0
LF:11
LH:2
BRDA:20,0,0,0
BRDA:26,1,0,0
BRF:2
BRH:0
end_of_record
TN:
SF:src\domain\use-cases\sales\update-sale-status.use-case.ts
FN:11,(anonymous_7)
FN:15,(anonymous_8)
FNF:2
FNH:0
FNDA:0,(anonymous_7)
FNDA:0,(anonymous_8)
DA:3,2
DA:10,2
DA:12,0
DA:16,0
DA:18,0
DA:19,0
DA:20,0
DA:24,0
DA:25,0
DA:29,0
DA:30,0
DA:33,0
DA:34,0
DA:36,0
LF:14
LH:2
BRDA:19,0,0,0
BRDA:24,1,0,0
BRDA:33,2,0,0
BRF:3
BRH:0
end_of_record
TN:
SF:src\infrastructure\adapters\langchain.adapter.ts
FN:26,(anonymous_7)
FN:31,(anonymous_8)
FN:39,(anonymous_9)
FN:39,(anonymous_10)
FN:71,(anonymous_11)
FN:83,(anonymous_12)
FN:84,(anonymous_13)
FN:103,(anonymous_14)
FN:139,(anonymous_15)
FN:158,(anonymous_16)
FNF:10
FNH:2
FNDA:2,(anonymous_7)
FNDA:4,(anonymous_8)
FNDA:0,(anonymous_9)
FNDA:0,(anonymous_10)
FNDA:0,(anonymous_11)
FNDA:0,(anonymous_12)
FNDA:0,(anonymous_13)
FNDA:0,(anonymous_14)
FNDA:0,(anonymous_15)
FNDA:0,(anonymous_16)
DA:4,2
DA:9,2
DA:10,2
DA:11,2
DA:12,2
DA:21,2
DA:27,2
DA:28,2
DA:32,4
DA:33,2
DA:35,4
DA:39,0
DA:40,0
DA:42,0
DA:45,0
DA:50,0
DA:71,0
DA:77,0
DA:78,0
DA:84,0
DA:89,0
DA:91,0
DA:94,0
DA:95,0
DA:99,0
DA:102,0
DA:103,0
DA:107,0
DA:129,0
DA:131,0
DA:132,0
DA:134,0
DA:135,0
DA:140,0
DA:159,0
LF:35
LH:11
BRDA:32,0,0,2
BRDA:39,1,0,0
BRDA:45,2,0,0
BRDA:45,2,1,0
BRDA:86,3,0,0
BRDA:87,4,0,0
BRDA:94,5,0,0
BRDA:103,6,0,0
BRDA:103,6,1,0
BRDA:107,7,0,0
BRDA:107,7,1,0
BRF:11
BRH:1
end_of_record
TN:
SF:src\infrastructure\adapters\llm.adapter.ts
FN:9,(anonymous_8)
FN:21,(anonymous_9)
FN:23,(anonymous_10)
FN:30,(anonymous_11)
FN:37,(anonymous_12)
FN:41,(anonymous_13)
FN:51,(anonymous_15)
FN:51,(anonymous_16)
FN:74,(anonymous_17)
FNF:9
FNH:3
FNDA:2,(anonymous_8)
FNDA:2,(anonymous_9)
FNDA:6,(anonymous_10)
FNDA:0,(anonymous_11)
FNDA:0,(anonymous_12)
FNDA:0,(anonymous_13)
FNDA:0,(anonymous_15)
FNDA:0,(anonymous_16)
FNDA:0,(anonymous_17)
DA:2,2
DA:3,2
DA:5,2
DA:6,2
DA:9,2
DA:10,2
DA:11,2
DA:12,2
DA:13,2
DA:16,2
DA:18,2
DA:19,2
DA:24,6
DA:25,2
DA:27,6
DA:31,0
DA:32,0
DA:34,0
DA:38,0
DA:42,0
DA:43,0
DA:48,0
DA:50,0
DA:51,0
DA:53,0
DA:56,0
DA:57,0
DA:59,0
DA:64,0
DA:67,0
DA:70,0
DA:71,0
DA:75,0
DA:76,0
DA:77,0
DA:81,0
DA:82,0
DA:83,0
DA:84,0
DA:86,0
DA:87,0
DA:88,0
DA:89,0
DA:92,0
DA:97,0
DA:98,0
DA:101,0
DA:117,0
DA:119,0
DA:120,0
LF:50
LH:15
BRDA:9,0,0,2
BRDA:9,0,1,2
BRDA:24,1,0,2
BRDA:31,2,0,0
BRDA:42,3,0,0
BRDA:48,4,0,0
BRDA:48,4,1,0
BRDA:48,4,2,0
BRDA:56,5,0,0
BRDA:76,6,0,0
BRDA:82,7,0,0
BRDA:82,7,1,0
BRDA:84,8,0,0
BRDA:84,9,0,0
BRDA:84,9,1,0
BRDA:86,10,0,0
BRDA:86,10,1,0
BRDA:86,11,0,0
BRDA:86,11,1,0
BRDA:88,12,0,0
BRDA:88,12,1,0
BRDA:97,13,0,0
BRF:22
BRH:3
end_of_record
TN:
SF:src\infrastructure\adapters\mercado-pago.adapter.ts
FN:14,(anonymous_8)
FN:19,(anonymous_9)
FN:26,(anonymous_10)
FN:59,(anonymous_12)
FN:112,(anonymous_14)
FN:132,(anonymous_16)
FN:153,(anonymous_18)
FN:160,(anonymous_19)
FN:165,(anonymous_20)
FNF:9
FNH:2
FNDA:2,(anonymous_8)
FNDA:4,(anonymous_9)
FNDA:0,(anonymous_10)
FNDA:0,(anonymous_12)
FNDA:0,(anonymous_14)
FNDA:0,(anonymous_16)
FNDA:0,(anonymous_18)
FNDA:0,(anonymous_19)
FNDA:0,(anonymous_20)
DA:4,2
DA:5,2
DA:6,2
DA:7,2
DA:9,2
DA:11,2
DA:15,2
DA:16,2
DA:20,4
DA:21,2
DA:23,4
DA:30,0
DA:32,0
DA:37,0
DA:38,0
DA:43,0
DA:48,0
DA:51,0
DA:52,0
DA:63,0
DA:65,0
DA:70,0
DA:71,0
DA:75,0
DA:95,0
DA:98,0
DA:100,0
DA:102,0
DA:105,0
DA:106,0
DA:113,0
DA:114,0
DA:123,0
DA:125,0
DA:126,0
DA:133,0
DA:134,0
DA:143,0
DA:145,0
DA:146,0
DA:154,0
DA:155,0
DA:157,0
DA:162,0
DA:166,0
LF:45
LH:11
BRDA:20,0,0,2
BRDA:37,1,0,0
BRDA:37,2,0,0
BRDA:37,2,1,0
BRDA:37,3,0,0
BRDA:37,3,1,0
BRDA:70,4,0,0
BRDA:70,5,0,0
BRDA:70,5,1,0
BRDA:70,6,0,0
BRDA:70,6,1,0
BRDA:154,7,0,0
BRDA:154,8,0,0
BRDA:154,8,1,0
BRDA:157,9,0,0
BRDA:157,9,1,0
BRF:16
BRH:1
end_of_record
TN:
SF:src\infrastructure\adapters\transformers.adapter.ts
FN:9,(anonymous_8)
FN:17,(anonymous_9)
FN:24,(anonymous_10)
FN:52,(anonymous_12)
FN:70,(anonymous_14)
FNF:5
FNH:2
FNDA:2,(anonymous_8)
FNDA:6,(anonymous_9)
FNDA:0,(anonymous_10)
FNDA:0,(anonymous_12)
FNDA:0,(anonymous_14)
DA:1,2
DA:2,2
DA:4,2
DA:6,2
DA:10,2
DA:12,2
DA:13,0
DA:18,6
DA:19,2
DA:21,6
DA:25,0
DA:26,0
DA:27,0
DA:28,0
DA:31,0
DA:32,0
DA:34,0
DA:35,0
DA:37,0
DA:43,0
DA:45,0
DA:46,0
DA:49,0
DA:53,0
DA:54,0
DA:55,0
DA:57,0
DA:62,0
DA:63,0
DA:65,0
DA:66,0
DA:71,0
DA:72,0
DA:73,0
DA:75,0
LF:35
LH:9
BRDA:12,0,0,0
BRDA:18,1,0,2
BRDA:25,2,0,0
BRF:3
BRH:1
end_of_record
TN:
SF:src\infrastructure\datasources\auth.mongo.datasource.impl.ts
FN:17,(anonymous_7)
FN:22,(anonymous_8)
FN:52,(anonymous_10)
FNF:3
FNH:3
FNDA:4,(anonymous_7)
FNDA:1,(anonymous_8)
FNDA:2,(anonymous_10)
DA:2,2
DA:3,2
DA:8,2
DA:9,2
DA:15,2
DA:18,4
DA:19,4
DA:23,1
DA:25,1
DA:27,1
DA:29,1
DA:30,0
DA:34,1
DA:36,1
DA:37,0
DA:40,1
DA:43,0
DA:44,0
DA:47,0
DA:48,0
DA:53,2
DA:55,2
DA:57,2
DA:59,2
DA:60,0
DA:64,2
DA:67,2
DA:75,2
DA:78,2
DA:81,0
DA:82,0
DA:83,0
DA:86,0
DA:87,0
LF:34
LH:22
BRDA:18,0,0,4
BRDA:19,1,0,4
BRDA:29,2,0,0
BRDA:36,3,0,0
BRDA:43,4,0,0
BRDA:59,5,0,0
BRDA:81,6,0,0
BRF:7
BRH:2
end_of_record
TN:
SF:src\infrastructure\datasources\chatbot\chat.mongo.datasource.impl.ts
FN:24,(anonymous_7)
FN:29,(anonymous_8)
FN:51,(anonymous_10)
FN:80,(anonymous_11)
FN:109,(anonymous_13)
FN:120,(anonymous_15)
FN:137,(anonymous_16)
FN:177,(anonymous_18)
FN:188,(anonymous_20)
FN:208,(anonymous_21)
FN:247,(anonymous_23)
FN:281,(anonymous_25)
FN:307,(anonymous_27)
FN:328,(anonymous_29)
FN:365,(anonymous_30)
FN:404,(anonymous_32)
FN:433,(anonymous_34)
FN:465,(anonymous_36)
FN:494,(anonymous_38)
FN:538,(anonymous_40)
FN:559,(anonymous_42)
FNF:21
FNH:1
FNDA:4,(anonymous_7)
FNDA:0,(anonymous_8)
FNDA:0,(anonymous_10)
FNDA:0,(anonymous_11)
FNDA:0,(anonymous_13)
FNDA:0,(anonymous_15)
FNDA:0,(anonymous_16)
FNDA:0,(anonymous_18)
FNDA:0,(anonymous_20)
FNDA:0,(anonymous_21)
FNDA:0,(anonymous_23)
FNDA:0,(anonymous_25)
FNDA:0,(anonymous_27)
FNDA:0,(anonymous_29)
FNDA:0,(anonymous_30)
FNDA:0,(anonymous_32)
FNDA:0,(anonymous_34)
FNDA:0,(anonymous_36)
FNDA:0,(anonymous_38)
FNDA:0,(anonymous_40)
FNDA:0,(anonymous_42)
DA:4,2
DA:6,2
DA:7,2
DA:8,2
DA:9,2
DA:10,2
DA:11,2
DA:12,2
DA:13,2
DA:15,2
DA:16,2
DA:17,2
DA:18,2
DA:20,2
DA:25,4
DA:26,4
DA:30,0
DA:31,0
DA:34,0
DA:35,0
DA:39,0
DA:40,0
DA:41,0
DA:42,0
DA:43,0
DA:48,0
DA:49,0
DA:51,0
DA:52,0
DA:55,0
DA:56,0
DA:58,0
DA:60,0
DA:61,0
DA:62,0
DA:66,0
DA:67,0
DA:68,0
DA:69,0
DA:70,0
DA:73,0
DA:74,0
DA:76,0
DA:81,0
DA:82,0
DA:90,0
DA:95,0
DA:104,0
DA:105,0
DA:110,0
DA:111,0
DA:112,0
DA:115,0
DA:117,0
DA:120,0
DA:132,0
DA:133,0
DA:138,0
DA:139,0
DA:146,0
DA:151,0
DA:158,0
DA:172,0
DA:173,0
DA:178,0
DA:179,0
DA:181,0
DA:182,0
DA:183,0
DA:185,0
DA:188,0
DA:201,0
DA:203,0
DA:204,0
DA:209,0
DA:210,0
DA:213,0
DA:216,0
DA:219,0
DA:222,0
DA:225,0
DA:229,0
DA:230,0
DA:231,0
DA:232,0
DA:234,0
DA:237,0
DA:240,0
DA:241,0
DA:248,0
DA:250,0
DA:252,0
DA:260,0
DA:263,0
DA:278,0
DA:282,0
DA:284,0
DA:286,0
DA:289,0
DA:292,0
DA:304,0
DA:308,0
DA:326,0
DA:328,0
DA:329,0
DA:333,0
DA:342,0
DA:345,0
DA:360,0
DA:366,0
DA:372,0
DA:374,0
DA:382,0
DA:385,0
DA:399,0
DA:405,0
DA:407,0
DA:409,0
DA:413,0
DA:416,0
DA:429,0
DA:434,0
DA:437,0
DA:439,0
DA:444,0
DA:447,0
DA:461,0
DA:466,0
DA:468,0
DA:470,0
DA:474,0
DA:477,0
DA:490,0
DA:495,0
DA:506,0
DA:508,0
DA:517,0
DA:520,0
DA:536,0
DA:539,0
DA:541,0
DA:544,0
DA:545,0
DA:546,0
DA:547,0
DA:548,0
DA:549,0
DA:550,0
DA:551,0
DA:554,0
DA:559,0
DA:560,0
DA:564,0
DA:565,0
DA:566,0
DA:568,0
DA:569,0
DA:571,0
DA:572,0
DA:574,0
DA:575,0
DA:577,0
DA:578,0
DA:580,0
DA:581,0
DA:585,0
DA:586,0
DA:587,0
DA:589,0
DA:593,0
DA:595,0
DA:596,0
LF:172
LH:16
BRDA:34,0,0,0
BRDA:34,1,0,0
BRDA:34,1,1,0
BRDA:40,2,0,0
BRDA:42,3,0,0
BRDA:61,4,0,0
BRDA:66,5,0,0
BRDA:66,6,0,0
BRDA:66,6,1,0
BRDA:73,7,0,0
BRDA:74,8,0,0
BRDA:74,8,1,0
BRDA:112,9,0,0
BRDA:146,10,0,0
BRDA:146,10,1,0
BRDA:253,11,0,0
BRDA:253,11,1,0
BRDA:256,12,0,0
BRDA:256,12,1,0
BRDA:256,12,2,0
BRDA:257,13,0,0
BRDA:257,13,1,0
BRDA:257,13,2,0
BRDA:272,14,0,0
BRDA:272,14,1,0
BRDA:272,14,2,0
BRDA:273,15,0,0
BRDA:273,15,1,0
BRDA:273,15,2,0
BRDA:286,16,0,0
BRDA:286,16,1,0
BRDA:329,17,0,0
BRDA:329,17,1,0
BRDA:329,17,2,0
BRDA:335,18,0,0
BRDA:335,18,1,0
BRDA:335,18,2,0
BRDA:352,19,0,0
BRDA:352,19,1,0
BRDA:378,20,0,0
BRDA:378,20,1,0
BRDA:378,20,2,0
BRDA:379,21,0,0
BRDA:379,21,1,0
BRDA:379,21,2,0
BRDA:393,22,0,0
BRDA:393,22,1,0
BRDA:394,23,0,0
BRDA:394,23,1,0
BRDA:410,24,0,0
BRDA:410,24,1,0
BRDA:440,25,0,0
BRDA:440,25,1,0
BRDA:441,26,0,0
BRDA:441,26,1,0
BRDA:441,26,2,0
BRDA:455,27,0,0
BRDA:455,27,1,0
BRDA:471,28,0,0
BRDA:471,28,1,0
BRDA:512,29,0,0
BRDA:512,29,1,0
BRDA:512,29,2,0
BRDA:513,30,0,0
BRDA:513,30,1,0
BRDA:513,30,2,0
BRDA:529,31,0,0
BRDA:529,31,1,0
BRDA:530,32,0,0
BRDA:530,32,1,0
BRDA:565,33,0,0
BRDA:565,34,0,0
BRDA:565,34,1,0
BRDA:566,35,0,0
BRDA:566,35,1,0
BRDA:568,36,0,0
BRDA:568,37,0,0
BRDA:568,37,1,0
BRDA:569,38,0,0
BRDA:569,38,1,0
BRDA:571,39,0,0
BRDA:571,40,0,0
BRDA:571,40,1,0
BRDA:572,41,0,0
BRDA:572,41,1,0
BRDA:574,42,0,0
BRDA:574,43,0,0
BRDA:574,43,1,0
BRDA:575,44,0,0
BRDA:575,44,1,0
BRDA:577,45,0,0
BRDA:577,46,0,0
BRDA:577,46,1,0
BRDA:578,47,0,0
BRDA:578,47,1,0
BRDA:580,48,0,0
BRDA:580,49,0,0
BRDA:580,49,1,0
BRDA:581,50,0,0
BRDA:581,50,1,0
BRDA:586,51,0,0
BRDA:586,51,1,0
BRF:102
BRH:0
end_of_record
TN:
SF:src\infrastructure\datasources\customers\city.mongo.datasource.impl.ts
FN:13,(anonymous_7)
FN:24,(anonymous_9)
FN:35,(anonymous_11)
FN:56,(anonymous_13)
FN:66,(anonymous_15)
FN:73,(anonymous_16)
FN:85,(anonymous_18)
FN:108,(anonymous_20)
FNF:8
FNH:0
FNDA:0,(anonymous_7)
FNDA:0,(anonymous_9)
FNDA:0,(anonymous_11)
FNDA:0,(anonymous_13)
FNDA:0,(anonymous_15)
FNDA:0,(anonymous_16)
FNDA:0,(anonymous_18)
FNDA:0,(anonymous_20)
DA:2,2
DA:3,2
DA:8,2
DA:9,2
DA:11,2
DA:14,0
DA:15,0
DA:16,0
DA:17,0
DA:19,0
DA:20,0
DA:25,0
DA:26,0
DA:27,0
DA:28,0
DA:30,0
DA:31,0
DA:36,0
DA:38,0
DA:44,0
DA:47,0
DA:48,0
DA:51,0
DA:52,0
DA:57,0
DA:59,0
DA:60,0
DA:66,0
DA:68,0
DA:69,0
DA:74,0
DA:75,0
DA:76,0
DA:78,0
DA:80,0
DA:81,0
DA:86,0
DA:88,0
DA:89,0
DA:90,0
DA:91,0
DA:93,0
DA:99,0
DA:101,0
DA:103,0
DA:104,0
DA:109,0
DA:110,0
DA:111,0
DA:113,0
DA:115,0
DA:116,0
LF:52
LH:5
BRDA:16,0,0,0
BRDA:19,1,0,0
BRDA:27,2,0,0
BRDA:30,3,0,0
BRDA:47,4,0,0
BRDA:51,5,0,0
BRDA:68,6,0,0
BRDA:76,7,0,0
BRDA:80,8,0,0
BRDA:89,9,0,0
BRDA:90,10,0,0
BRDA:91,11,0,0
BRDA:99,12,0,0
BRDA:103,13,0,0
BRDA:111,14,0,0
BRDA:115,15,0,0
BRF:16
BRH:0
end_of_record
TN:
SF:src\infrastructure\datasources\customers\customer.mongo.datasource.impl.ts
FN:13,(anonymous_7)
FN:45,(anonymous_9)
FN:60,(anonymous_11)
FN:69,(anonymous_12)
FN:88,(anonymous_14)
FN:124,(anonymous_16)
FN:143,(anonymous_18)
FN:162,(anonymous_20)
FN:177,(anonymous_22)
FNF:9
FNH:0
FNDA:0,(anonymous_7)
FNDA:0,(anonymous_9)
FNDA:0,(anonymous_11)
FNDA:0,(anonymous_12)
FNDA:0,(anonymous_14)
FNDA:0,(anonymous_16)
FNDA:0,(anonymous_18)
FNDA:0,(anonymous_20)
FNDA:0,(anonymous_22)
DA:2,2
DA:3,2
DA:8,2
DA:9,2
DA:11,2
DA:14,0
DA:16,0
DA:26,0
DA:33,0
DA:36,0
DA:37,0
DA:40,0
DA:41,0
DA:46,0
DA:48,0
DA:49,0
DA:60,0
DA:61,0
DA:64,0
DA:65,0
DA:70,0
DA:71,0
DA:79,0
DA:81,0
DA:83,0
DA:84,0
DA:89,0
DA:91,0
DA:92,0
DA:93,0
DA:94,0
DA:95,0
DA:96,0
DA:97,0
DA:99,0
DA:110,0
DA:112,0
DA:115,0
DA:116,0
DA:119,0
DA:120,0
DA:125,0
DA:126,0
DA:134,0
DA:136,0
DA:138,0
DA:139,0
DA:144,0
DA:145,0
DA:153,0
DA:155,0
DA:157,0
DA:158,0
DA:163,0
DA:165,0
DA:166,0
DA:177,0
DA:178,0
DA:181,0
DA:182,0
LF:60
LH:5
BRDA:36,0,0,0
BRDA:40,1,0,0
BRDA:64,2,0,0
BRDA:79,3,0,0
BRDA:83,4,0,0
BRDA:92,5,0,0
BRDA:93,6,0,0
BRDA:94,7,0,0
BRDA:95,8,0,0
BRDA:96,9,0,0
BRDA:97,10,0,0
BRDA:110,11,0,0
BRDA:115,12,0,0
BRDA:119,13,0,0
BRDA:134,14,0,0
BRDA:138,15,0,0
BRDA:153,16,0,0
BRDA:157,17,0,0
BRDA:181,18,0,0
BRF:19
BRH:0
end_of_record
TN:
SF:src\infrastructure\datasources\customers\neighborhood.mongo.datasource.impl.ts
FN:13,(anonymous_7)
FN:30,(anonymous_9)
FN:46,(anonymous_11)
FN:71,(anonymous_13)
FN:81,(anonymous_15)
FN:90,(anonymous_16)
FN:102,(anonymous_18)
FN:126,(anonymous_20)
FN:138,(anonymous_22)
FN:151,(anonymous_24)
FNF:10
FNH:0
FNDA:0,(anonymous_7)
FNDA:0,(anonymous_9)
FNDA:0,(anonymous_11)
FNDA:0,(anonymous_13)
FNDA:0,(anonymous_15)
FNDA:0,(anonymous_16)
FNDA:0,(anonymous_18)
FNDA:0,(anonymous_20)
FNDA:0,(anonymous_22)
FNDA:0,(anonymous_24)
DA:2,2
DA:3,2
DA:8,2
DA:9,2
DA:11,2
DA:14,0
DA:16,0
DA:21,0
DA:23,0
DA:25,0
DA:26,0
DA:31,0
DA:32,0
DA:37,0
DA:39,0
DA:41,0
DA:42,0
DA:47,0
DA:49,0
DA:57,0
DA:59,0
DA:62,0
DA:63,0
DA:66,0
DA:67,0
DA:72,0
DA:74,0
DA:75,0
DA:81,0
DA:82,0
DA:85,0
DA:86,0
DA:91,0
DA:92,0
DA:93,0
DA:95,0
DA:97,0
DA:98,0
DA:103,0
DA:105,0
DA:106,0
DA:107,0
DA:108,0
DA:109,0
DA:111,0
DA:117,0
DA:119,0
DA:121,0
DA:122,0
DA:127,0
DA:128,0
DA:129,0
DA:131,0
DA:133,0
DA:134,0
DA:139,0
DA:141,0
DA:142,0
DA:149,0
DA:151,0
DA:152,0
DA:155,0
DA:156,0
LF:63
LH:5
BRDA:21,0,0,0
BRDA:25,1,0,0
BRDA:37,2,0,0
BRDA:41,3,0,0
BRDA:62,4,0,0
BRDA:66,5,0,0
BRDA:85,6,0,0
BRDA:93,7,0,0
BRDA:97,8,0,0
BRDA:106,9,0,0
BRDA:107,10,0,0
BRDA:108,11,0,0
BRDA:109,12,0,0
BRDA:117,13,0,0
BRDA:121,14,0,0
BRDA:129,15,0,0
BRDA:133,16,0,0
BRDA:149,17,0,0
BRDA:155,18,0,0
BRF:19
BRH:0
end_of_record
TN:
SF:src\infrastructure\datasources\payment\payment.mongo.datasource.impl.ts
FN:19,(anonymous_7)
FN:23,(anonymous_8)
FN:62,(anonymous_10)
FN:137,(anonymous_12)
FN:178,(anonymous_14)
FN:217,(anonymous_16)
FN:256,(anonymous_18)
FN:289,(anonymous_20)
FN:298,(anonymous_21)
FN:331,(anonymous_23)
FN:340,(anonymous_24)
FN:462,(anonymous_26)
FN:478,(anonymous_28)
FN:548,(anonymous_30)
FN:581,(anonymous_32)
FN:590,(anonymous_33)
FN:630,uuidv4
FNF:17
FNH:1
FNDA:4,(anonymous_7)
FNDA:0,(anonymous_8)
FNDA:0,(anonymous_10)
FNDA:0,(anonymous_12)
FNDA:0,(anonymous_14)
FNDA:0,(anonymous_16)
FNDA:0,(anonymous_18)
FNDA:0,(anonymous_20)
FNDA:0,(anonymous_21)
FNDA:0,(anonymous_23)
FNDA:0,(anonymous_24)
FNDA:0,(anonymous_26)
FNDA:0,(anonymous_28)
FNDA:0,(anonymous_30)
FNDA:0,(anonymous_32)
FNDA:0,(anonymous_33)
FNDA:0,uuidv4
DA:3,2
DA:4,2
DA:11,2
DA:13,2
DA:16,2
DA:17,2
DA:19,2
DA:21,4
DA:24,0
DA:26,0
DA:44,0
DA:48,0
DA:53,0
DA:55,0
DA:56,0
DA:58,0
DA:63,0
DA:65,0
DA:66,0
DA:70,0
DA:72,0
DA:73,0
DA:74,0
DA:79,0
DA:96,0
DA:98,0
DA:124,0
DA:125,0
DA:128,0
DA:130,0
DA:131,0
DA:133,0
DA:138,0
DA:139,0
DA:165,0
DA:166,0
DA:169,0
DA:171,0
DA:172,0
DA:174,0
DA:179,0
DA:180,0
DA:206,0
DA:208,0
DA:210,0
DA:211,0
DA:213,0
DA:218,0
DA:219,0
DA:245,0
DA:247,0
DA:249,0
DA:250,0
DA:252,0
DA:257,0
DA:258,0
DA:260,0
DA:289,0
DA:291,0
DA:292,0
DA:294,0
DA:299,0
DA:300,0
DA:302,0
DA:331,0
DA:333,0
DA:334,0
DA:336,0
DA:341,0
DA:342,0
DA:345,0
DA:351,0
DA:354,0
DA:363,0
DA:379,0
DA:381,0
DA:382,0
DA:383,0
DA:387,0
DA:390,0
DA:416,0
DA:420,0
DA:446,0
DA:447,0
DA:450,0
DA:453,0
DA:454,0
DA:457,0
DA:458,0
DA:463,0
DA:464,0
DA:467,0
DA:469,0
DA:471,0
DA:472,0
DA:474,0
DA:479,0
DA:480,0
DA:483,0
DA:484,0
DA:488,0
DA:491,0
DA:495,0
DA:496,0
DA:500,0
DA:501,0
DA:502,0
DA:507,0
DA:509,0
DA:535,0
DA:536,0
DA:539,0
DA:541,0
DA:542,0
DA:544,0
DA:549,0
DA:550,0
DA:552,0
DA:581,0
DA:583,0
DA:584,0
DA:586,0
DA:591,0
DA:592,0
DA:618,0
DA:620,0
DA:622,0
DA:623,0
DA:625,0
DA:631,0
LF:130
LH:8
BRDA:31,0,0,0
BRDA:31,0,1,0
BRDA:34,1,0,0
BRDA:34,1,1,0
BRDA:44,2,0,0
BRDA:44,2,1,0
BRDA:55,3,0,0
BRDA:65,4,0,0
BRDA:70,5,0,0
BRDA:85,6,0,0
BRDA:85,6,1,0
BRDA:124,7,0,0
BRDA:130,8,0,0
BRDA:165,9,0,0
BRDA:171,10,0,0
BRDA:206,11,0,0
BRDA:210,12,0,0
BRDA:245,13,0,0
BRDA:249,14,0,0
BRDA:291,15,0,0
BRDA:333,16,0,0
BRDA:351,17,0,0
BRDA:379,18,0,0
BRDA:382,19,0,0
BRDA:446,20,0,0
BRDA:453,21,0,0
BRDA:471,22,0,0
BRDA:483,23,0,0
BRDA:495,24,0,0
BRDA:535,25,0,0
BRDA:541,26,0,0
BRDA:583,27,0,0
BRDA:618,28,0,0
BRDA:622,29,0,0
BRF:34
BRH:0
end_of_record
TN:
SF:src\infrastructure\datasources\products\category.mongo.datasource.impl.ts
FN:12,(anonymous_7)
FN:24,(anonymous_9)
FN:46,(anonymous_11)
FN:67,(anonymous_13)
FN:93,(anonymous_15)
FN:116,(anonymous_17)
FN:140,(anonymous_19)
FNF:7
FNH:1
FNDA:0,(anonymous_7)
FNDA:0,(anonymous_9)
FNDA:0,(anonymous_11)
FNDA:0,(anonymous_13)
FNDA:2,(anonymous_15)
FNDA:0,(anonymous_17)
FNDA:0,(anonymous_19)
DA:1,2
DA:2,2
DA:7,2
DA:8,2
DA:10,2
DA:13,0
DA:14,0
DA:15,0
DA:16,0
DA:18,0
DA:19,0
DA:25,0
DA:27,0
DA:30,0
DA:33,0
DA:37,0
DA:39,0
DA:40,0
DA:49,0
DA:51,0
DA:54,0
DA:58,0
DA:60,0
DA:61,0
DA:69,0
DA:71,0
DA:74,0
DA:80,0
DA:84,0
DA:86,0
DA:87,0
DA:95,2
DA:98,2
DA:101,2
DA:104,1
DA:108,1
DA:110,0
DA:111,0
DA:119,0
DA:122,0
DA:125,0
DA:128,0
DA:132,0
DA:134,0
DA:135,0
DA:143,0
DA:146,0
DA:149,0
DA:152,0
DA:156,0
DA:158,0
DA:159,0
LF:52
LH:10
BRDA:15,0,0,0
BRDA:18,1,0,0
BRDA:30,2,0,0
BRDA:37,3,0,0
BRDA:58,4,0,0
BRDA:84,5,0,0
BRDA:101,6,0,1
BRDA:108,7,0,1
BRDA:125,8,0,0
BRDA:132,9,0,0
BRDA:149,10,0,0
BRDA:156,11,0,0
BRF:12
BRH:2
end_of_record
TN:
SF:src\infrastructure\datasources\products\product.mongo.datasource.impl.ts
FN:13,(anonymous_7)
FN:35,(anonymous_9)
FN:56,(anonymous_11)
FN:81,(anonymous_13)
FN:104,(anonymous_15)
FN:127,(anonymous_17)
FN:166,(anonymous_19)
FN:180,(anonymous_21)
FN:194,(anonymous_22)
FN:209,(anonymous_24)
FN:217,(anonymous_25)
FN:233,(anonymous_27)
FNF:12
FNH:8
FNDA:1,(anonymous_7)
FNDA:1,(anonymous_9)
FNDA:2,(anonymous_11)
FNDA:3,(anonymous_13)
FNDA:1,(anonymous_15)
FNDA:2,(anonymous_17)
FNDA:0,(anonymous_19)
FNDA:0,(anonymous_21)
FNDA:1,(anonymous_22)
FNDA:1,(anonymous_24)
FNDA:0,(anonymous_25)
FNDA:0,(anonymous_27)
DA:1,2
DA:2,2
DA:7,2
DA:8,2
DA:11,2
DA:14,1
DA:16,1
DA:18,1
DA:24,1
DA:27,0
DA:30,0
DA:31,0
DA:37,1
DA:40,1
DA:43,1
DA:48,0
DA:50,0
DA:51,0
DA:59,2
DA:61,2
DA:63,2
DA:69,2
DA:73,0
DA:75,0
DA:76,0
DA:82,3
DA:85,3
DA:88,3
DA:91,2
DA:95,1
DA:97,0
DA:98,0
DA:105,1
DA:108,1
DA:111,1
DA:114,1
DA:118,0
DA:120,0
DA:121,0
DA:128,2
DA:129,2
DA:132,2
DA:133,2
DA:134,1
DA:135,1
DA:139,1
DA:142,1
DA:143,0
DA:144,0
DA:147,1
DA:150,1
DA:154,1
DA:157,1
DA:158,1
DA:161,0
DA:167,0
DA:169,0
DA:171,0
DA:177,0
DA:180,0
DA:185,0
DA:187,0
DA:188,0
DA:195,1
DA:197,1
DA:199,1
DA:206,1
DA:209,1
DA:211,0
DA:212,0
DA:219,0
DA:221,0
DA:223,0
DA:230,0
DA:233,0
DA:237,0
DA:239,0
DA:240,0
LF:78
LH:43
BRDA:24,0,0,1
BRDA:30,1,0,0
BRDA:48,2,0,0
BRDA:73,3,0,0
BRDA:88,4,0,1
BRDA:95,5,0,1
BRDA:111,6,0,0
BRDA:118,7,0,0
BRDA:133,8,0,1
BRDA:142,9,0,0
BRDA:157,10,0,1
BRDA:177,11,0,0
BRDA:185,12,0,0
BRDA:206,13,0,0
BRDA:206,14,0,1
BRDA:206,14,1,1
BRDA:211,15,0,0
BRDA:230,16,0,0
BRDA:237,17,0,0
BRF:19
BRH:7
end_of_record
TN:
SF:src\infrastructure\datasources\products\unit.mongo.datasource.impl.ts
FN:13,(anonymous_7)
FN:30,(anonymous_9)
FN:46,(anonymous_11)
FN:60,(anonymous_12)
FN:79,(anonymous_14)
FN:89,(anonymous_16)
FN:102,(anonymous_17)
FN:127,(anonymous_19)
FN:151,(anonymous_21)
FNF:9
FNH:0
FNDA:0,(anonymous_7)
FNDA:0,(anonymous_9)
FNDA:0,(anonymous_11)
FNDA:0,(anonymous_12)
FNDA:0,(anonymous_14)
FNDA:0,(anonymous_16)
FNDA:0,(anonymous_17)
FNDA:0,(anonymous_19)
FNDA:0,(anonymous_21)
DA:1,2
DA:7,2
DA:8,2
DA:11,2
DA:14,0
DA:16,0
DA:19,0
DA:22,0
DA:25,0
DA:26,0
DA:31,0
DA:33,0
DA:35,0
DA:41,0
DA:42,0
DA:46,0
DA:52,0
DA:54,0
DA:55,0
DA:61,0
DA:63,0
DA:66,0
DA:71,0
DA:73,0
DA:74,0
DA:80,0
DA:82,0
DA:83,0
DA:89,0
DA:94,0
DA:96,0
DA:97,0
DA:104,0
DA:107,0
DA:110,0
DA:113,0
DA:118,0
DA:120,0
DA:121,0
DA:128,0
DA:130,0
DA:132,0
DA:135,0
DA:138,0
DA:143,0
DA:145,0
DA:146,0
DA:152,0
DA:154,0
DA:157,0
DA:160,0
DA:164,0
DA:166,0
DA:167,0
LF:54
LH:4
BRDA:19,0,0,0
BRDA:25,1,0,0
BRDA:41,2,0,0
BRDA:52,3,0,0
BRDA:71,4,0,0
BRDA:94,5,0,0
BRDA:110,6,0,0
BRDA:118,7,0,0
BRDA:135,8,0,0
BRDA:143,9,0,0
BRDA:157,10,0,0
BRDA:164,11,0,0
BRF:12
BRH:0
end_of_record
TN:
SF:src\infrastructure\datasources\sales\sale.mongo.datasource.impl.ts
FN:15,(anonymous_8)
FN:159,(anonymous_10)
FN:183,(anonymous_12)
FN:195,(anonymous_13)
FN:229,(anonymous_15)
FN:327,(anonymous_17)
FN:357,(anonymous_19)
FN:369,(anonymous_20)
FN:403,(anonymous_22)
FNF:9
FNH:0
FNDA:0,(anonymous_8)
FNDA:0,(anonymous_10)
FNDA:0,(anonymous_12)
FNDA:0,(anonymous_13)
FNDA:0,(anonymous_15)
FNDA:0,(anonymous_17)
FNDA:0,(anonymous_19)
FNDA:0,(anonymous_20)
FNDA:0,(anonymous_22)
DA:2,2
DA:3,2
DA:4,2
DA:5,2
DA:11,2
DA:12,2
DA:14,2
DA:17,0
DA:18,0
DA:20,0
DA:22,0
DA:23,0
DA:24,0
DA:28,0
DA:29,0
DA:32,0
DA:34,0
DA:35,0
DA:36,0
DA:40,0
DA:41,0
DA:42,0
DA:46,0
DA:47,0
DA:50,0
DA:51,0
DA:55,0
DA:56,0
DA:60,0
DA:61,0
DA:64,0
DA:65,0
DA:68,0
DA:77,0
DA:78,0
DA:82,0
DA:83,0
DA:86,0
DA:87,0
DA:91,0
DA:92,0
DA:93,0
DA:96,0
DA:97,0
DA:101,0
DA:114,0
DA:117,0
DA:118,0
DA:121,0
DA:137,0
DA:138,0
DA:141,0
DA:145,0
DA:146,0
DA:148,0
DA:150,0
DA:151,0
DA:154,0
DA:155,0
DA:160,0
DA:162,0
DA:163,0
DA:183,0
DA:185,0
DA:187,0
DA:188,0
DA:191,0
DA:196,0
DA:197,0
DA:213,0
DA:214,0
DA:217,0
DA:219,0
DA:221,0
DA:222,0
DA:225,0
DA:230,0
DA:231,0
DA:233,0
DA:235,0
DA:236,0
DA:237,0
DA:241,0
DA:242,0
DA:246,0
DA:250,0
DA:251,0
DA:252,0
DA:254,0
DA:255,0
DA:256,0
DA:260,0
DA:261,0
DA:274,0
DA:279,0
DA:280,0
DA:283,0
DA:303,0
DA:304,0
DA:308,0
DA:309,0
DA:311,0
DA:314,0
DA:315,0
DA:317,0
DA:319,0
DA:320,0
DA:323,0
DA:328,0
DA:330,0
DA:332,0
DA:333,0
DA:334,0
DA:337,0
DA:357,0
DA:359,0
DA:361,0
DA:362,0
DA:365,0
DA:370,0
DA:372,0
DA:374,0
DA:375,0
DA:378,0
DA:403,0
DA:405,0
DA:407,0
DA:408,0
DA:411,0
LF:129
LH:7
BRDA:23,0,0,0
BRDA:35,1,0,0
BRDA:41,2,0,0
BRDA:41,3,0,0
BRDA:41,3,1,0
BRDA:42,4,0,0
BRDA:42,4,1,0
BRDA:46,5,0,0
BRDA:50,6,0,0
BRDA:55,7,0,0
BRDA:56,8,0,0
BRDA:56,8,1,0
BRDA:77,9,0,0
BRDA:82,10,0,0
BRDA:82,11,0,0
BRDA:82,11,1,0
BRDA:86,12,0,0
BRDA:86,13,0,0
BRDA:86,13,1,0
BRDA:96,14,0,0
BRDA:110,15,0,0
BRDA:110,15,1,0
BRDA:137,16,0,0
BRDA:145,17,0,0
BRDA:150,18,0,0
BRDA:187,19,0,0
BRDA:213,20,0,0
BRDA:221,21,0,0
BRDA:236,22,0,0
BRDA:241,23,0,0
BRDA:246,24,0,0
BRDA:246,25,0,0
BRDA:246,25,1,0
BRDA:246,25,2,0
BRDA:252,26,0,0
BRDA:255,27,0,0
BRDA:255,28,0,0
BRDA:255,28,1,0
BRDA:279,29,0,0
BRDA:303,30,0,0
BRDA:319,31,0,0
BRDA:333,32,0,0
BRDA:361,33,0,0
BRDA:374,34,0,0
BRDA:407,35,0,0
BRF:45
BRH:0
end_of_record
TN:
SF:src\infrastructure\mappers\user.mapper.ts
FN:10,(anonymous_0)
FNF:1
FNH:1
FNDA:3,(anonymous_0)
DA:1,2
DA:2,2
DA:4,2
DA:12,3
DA:14,3
DA:15,3
DA:16,3
DA:17,3
DA:18,3
DA:21,3
LF:10
LH:10
BRDA:14,0,0,0
BRDA:14,1,0,3
BRDA:14,1,1,3
BRDA:15,2,0,0
BRDA:16,3,0,0
BRDA:17,4,0,0
BRDA:18,5,0,0
BRDA:22,6,0,3
BRDA:22,6,1,0
BRF:9
BRH:3
end_of_record
TN:
SF:src\infrastructure\mappers\customers\city.mapper.ts
FN:7,(anonymous_0)
FN:27,(anonymous_1)
FNF:2
FNH:0
FNDA:0,(anonymous_0)
FNDA:0,(anonymous_1)
DA:1,2
DA:2,2
DA:4,2
DA:9,0
DA:12,0
DA:13,0
DA:14,0
DA:15,0
DA:16,0
DA:18,0
DA:28,0
LF:11
LH:3
BRDA:12,0,0,0
BRDA:12,1,0,0
BRDA:12,1,1,0
BRDA:13,2,0,0
BRDA:14,3,0,0
BRDA:15,4,0,0
BRDA:15,5,0,0
BRDA:15,5,1,0
BRDA:19,6,0,0
BRDA:19,6,1,0
BRDA:22,7,0,0
BRDA:22,7,1,0
BRDA:22,8,0,0
BRDA:22,8,1,0
BRF:14
BRH:0
end_of_record
TN:
SF:src\infrastructure\mappers\customers\customer.mapper.ts
FN:8,(anonymous_0)
FN:44,(anonymous_1)
FN:56,(anonymous_2)
FN:57,(anonymous_3)
FNF:4
FNH:0
FNDA:0,(anonymous_0)
FNDA:0,(anonymous_1)
FNDA:0,(anonymous_2)
FNDA:0,(anonymous_3)
DA:2,2
DA:3,2
DA:4,2
DA:6,2
DA:10,0
DA:13,0
DA:14,0
DA:15,0
DA:16,0
DA:17,0
DA:18,0
DA:19,0
DA:20,0
DA:23,0
DA:24,0
DA:27,0
DA:33,0
DA:45,0
DA:57,0
LF:19
LH:4
BRDA:13,0,0,0
BRDA:13,1,0,0
BRDA:13,1,1,0
BRDA:14,2,0,0
BRDA:15,3,0,0
BRDA:16,4,0,0
BRDA:17,5,0,0
BRDA:18,6,0,0
BRDA:19,7,0,0
BRDA:19,8,0,0
BRDA:19,8,1,0
BRDA:24,9,0,0
BRDA:27,10,0,0
BRDA:27,10,1,0
BRDA:27,11,0,0
BRDA:27,11,1,0
BRDA:34,12,0,0
BRDA:34,12,1,0
BRDA:40,13,0,0
BRDA:40,13,1,0
BRDA:40,14,0,0
BRDA:40,14,1,0
BRF:22
BRH:0
end_of_record
TN:
SF:src\infrastructure\mappers\customers\neighborhood.mapper.ts
FN:8,(anonymous_0)
FN:35,(anonymous_1)
FNF:2
FNH:0
FNDA:0,(anonymous_0)
FNDA:0,(anonymous_1)
DA:2,2
DA:3,2
DA:4,2
DA:6,2
DA:10,0
DA:13,0
DA:14,0
DA:15,0
DA:16,0
DA:17,0
DA:18,0
DA:22,0
DA:26,0
DA:36,0
LF:14
LH:4
BRDA:13,0,0,0
BRDA:13,1,0,0
BRDA:13,1,1,0
BRDA:14,2,0,0
BRDA:15,3,0,0
BRDA:16,4,0,0
BRDA:17,5,0,0
BRDA:17,6,0,0
BRDA:17,6,1,0
BRDA:22,7,0,0
BRDA:22,7,1,0
BRDA:22,8,0,0
BRDA:22,8,1,0
BRDA:27,9,0,0
BRDA:27,9,1,0
BRDA:31,10,0,0
BRDA:31,10,1,0
BRDA:31,11,0,0
BRDA:31,11,1,0
BRF:19
BRH:0
end_of_record
TN:
SF:src\infrastructure\mappers\payment\payment.mapper.ts
FN:11,(anonymous_0)
FN:113,(anonymous_1)
FNF:2
FNH:0
FNDA:0,(anonymous_0)
FNDA:0,(anonymous_1)
DA:2,2
DA:3,2
DA:4,2
DA:5,2
DA:6,2
DA:7,2
DA:8,2
DA:10,2
DA:12,0
DA:29,0
DA:32,0
DA:33,0
DA:34,0
DA:35,0
DA:36,0
DA:37,0
DA:40,0
DA:62,0
DA:67,0
DA:85,0
DA:86,0
DA:87,0
DA:89,0
DA:108,0
DA:109,0
DA:114,0
LF:26
LH:8
BRDA:32,0,0,0
BRDA:32,1,0,0
BRDA:32,1,1,0
BRDA:33,2,0,0
BRDA:34,3,0,0
BRDA:35,4,0,0
BRDA:36,5,0,0
BRDA:37,6,0,0
BRDA:62,7,0,0
BRDA:62,7,1,0
BRDA:62,8,0,0
BRDA:62,8,1,0
BRDA:67,9,0,0
BRDA:67,9,1,0
BRDA:67,10,0,0
BRDA:67,10,1,0
BRDA:85,11,0,0
BRDA:85,11,1,0
BRDA:86,12,0,0
BRDA:86,12,1,0
BRDA:87,13,0,0
BRDA:87,13,1,0
BRDA:90,14,0,0
BRDA:90,14,1,0
BRDA:90,15,0,0
BRDA:90,15,1,0
BRDA:90,16,0,0
BRDA:90,16,1,0
BRDA:90,17,0,0
BRDA:90,17,1,0
BRDA:90,18,0,0
BRDA:90,18,1,0
BRDA:91,19,0,0
BRDA:91,19,1,0
BRDA:93,20,0,0
BRDA:93,20,1,0
BRDA:99,21,0,0
BRDA:99,21,1,0
BRDA:102,22,0,0
BRDA:102,22,1,0
BRDA:103,23,0,0
BRDA:103,23,1,0
BRDA:104,24,0,0
BRDA:104,24,1,0
BRDA:108,25,0,0
BRF:45
BRH:0
end_of_record
TN:
SF:src\infrastructure\mappers\products\category.mapper.ts
FN:7,(anonymous_0)
FNF:1
FNH:1
FNDA:1,(anonymous_0)
DA:1,2
DA:2,2
DA:4,2
DA:10,1
DA:13,1
DA:14,1
DA:15,1
DA:17,1
DA:21,1
LF:9
LH:9
BRDA:13,0,0,0
BRDA:13,1,0,1
BRDA:13,1,1,1
BRDA:14,2,0,0
BRDA:15,3,0,0
BRDA:17,4,0,0
BRDA:22,5,0,1
BRDA:22,5,1,0
BRF:8
BRH:3
end_of_record
TN:
SF:src\infrastructure\mappers\products\product.mapper.ts
FN:5,(anonymous_0)
FNF:1
FNH:1
FNDA:8,(anonymous_0)
DA:1,2
DA:2,2
DA:4,2
DA:8,8
DA:11,8
DA:12,8
DA:14,8
DA:15,8
DA:16,8
DA:17,8
DA:19,8
DA:22,8
DA:23,8
DA:26,8
LF:14
LH:14
BRDA:8,0,0,0
BRDA:8,1,0,0
BRDA:11,2,0,8
BRDA:11,2,1,0
BRDA:12,3,0,0
BRDA:14,4,0,0
BRDA:15,5,0,0
BRDA:16,6,0,0
BRDA:17,7,0,0
BRDA:19,8,0,8
BRDA:19,8,1,0
BRDA:22,9,0,8
BRDA:22,9,1,0
BRDA:23,10,0,0
BRDA:29,11,0,8
BRDA:29,11,1,0
BRF:16
BRH:4
end_of_record
TN:
SF:src\infrastructure\mappers\products\unit.mapper.ts
FN:7,(anonymous_0)
FNF:1
FNH:0
FNDA:0,(anonymous_0)
DA:1,2
DA:2,2
DA:5,2
DA:9,0
DA:11,0
DA:12,0
DA:13,0
DA:15,0
DA:18,0
LF:9
LH:3
BRDA:11,0,0,0
BRDA:11,1,0,0
BRDA:11,1,1,0
BRDA:12,2,0,0
BRDA:13,3,0,0
BRDA:15,4,0,0
BRDA:19,5,0,0
BRDA:19,5,1,0
BRF:8
BRH:0
end_of_record
TN:
SF:src\infrastructure\mappers\sales\sale.mapper.ts
FN:11,(anonymous_0)
FN:184,(anonymous_1)
FN:187,(anonymous_2)
FNF:3
FNH:0
FNDA:0,(anonymous_0)
FNDA:0,(anonymous_1)
FNDA:0,(anonymous_2)
DA:4,2
DA:5,2
DA:6,2
DA:7,2
DA:9,2
DA:13,0
DA:15,0
DA:18,0
DA:19,0
DA:20,0
DA:21,0
DA:22,0
DA:23,0
DA:24,0
DA:25,0
DA:26,0
DA:27,0
DA:28,0
DA:32,0
DA:33,0
DA:56,0
DA:57,0
DA:61,0
DA:63,0
DA:64,0
DA:65,0
DA:68,0
DA:69,0
DA:70,0
DA:71,0
DA:76,0
DA:78,0
DA:79,0
DA:80,0
DA:84,0
DA:106,0
DA:107,0
DA:109,0
DA:111,0
DA:125,0
DA:126,0
DA:150,0
DA:157,0
DA:163,0
DA:164,0
DA:168,0
DA:185,0
DA:187,0
LF:48
LH:5
BRDA:13,0,0,0
BRDA:18,1,0,0
BRDA:18,2,0,0
BRDA:18,2,1,0
BRDA:19,3,0,0
BRDA:20,4,0,0
BRDA:21,5,0,0
BRDA:22,6,0,0
BRDA:23,7,0,0
BRDA:24,8,0,0
BRDA:25,9,0,0
BRDA:26,10,0,0
BRDA:27,11,0,0
BRDA:28,12,0,0
BRDA:33,13,0,0
BRDA:33,13,1,0
BRDA:33,14,0,0
BRDA:33,14,1,0
BRDA:65,15,0,0
BRDA:68,16,0,0
BRDA:69,17,0,0
BRDA:70,18,0,0
BRDA:71,19,0,0
BRDA:76,20,0,0
BRDA:76,20,1,0
BRDA:76,21,0,0
BRDA:76,21,1,0
BRDA:78,22,0,0
BRDA:78,23,0,0
BRDA:78,23,1,0
BRDA:85,24,0,0
BRDA:85,24,1,0
BRDA:86,25,0,0
BRDA:86,25,1,0
BRDA:87,26,0,0
BRDA:87,26,1,0
BRDA:88,27,0,0
BRDA:88,27,1,0
BRDA:89,28,0,0
BRDA:89,28,1,0
BRDA:95,29,0,0
BRDA:95,29,1,0
BRDA:101,30,0,0
BRDA:101,30,1,0
BRDA:102,31,0,0
BRDA:102,31,1,0
BRDA:103,32,0,0
BRDA:103,32,1,0
BRDA:125,33,0,0
BRDA:125,33,1,0
BRDA:163,34,0,0
BRDA:169,35,0,0
BRDA:169,35,1,0
BRDA:169,36,0,0
BRDA:169,36,1,0
BRDA:169,37,0,0
BRDA:169,37,1,0
BRDA:169,38,0,0
BRDA:169,38,1,0
BRDA:169,39,0,0
BRDA:169,39,1,0
BRDA:180,40,0,0
BRDA:180,40,1,0
BRF:63
BRH:0
end_of_record
TN:
SF:src\infrastructure\repositories\auth.repository.impl.ts
FN:10,(anonymous_0)
FN:14,(anonymous_1)
FN:18,(anonymous_2)
FNF:3
FNH:3
FNDA:4,(anonymous_0)
FNDA:1,(anonymous_1)
FNDA:2,(anonymous_2)
DA:8,2
DA:11,4
DA:15,1
DA:19,2
LF:4
LH:4
BRF:0
BRH:0
end_of_record
TN:
SF:src\infrastructure\repositories\chatbot\chat.repository.impl.ts
FN:8,(anonymous_7)
FN:12,(anonymous_8)
FN:16,(anonymous_10)
FN:20,(anonymous_12)
FN:24,(anonymous_14)
FN:28,(anonymous_16)
FN:32,(anonymous_18)
FN:36,(anonymous_20)
FNF:8
FNH:1
FNDA:4,(anonymous_7)
FNDA:0,(anonymous_8)
FNDA:0,(anonymous_10)
FNDA:0,(anonymous_12)
FNDA:0,(anonymous_14)
FNDA:0,(anonymous_16)
FNDA:0,(anonymous_18)
FNDA:0,(anonymous_20)
DA:7,2
DA:9,4
DA:13,0
DA:17,0
DA:21,0
DA:25,0
DA:29,0
DA:33,0
DA:37,0
LF:9
LH:2
BRF:0
BRH:0
end_of_record
TN:
SF:src\infrastructure\repositories\customers\city.repository.impl.ts
FN:11,(anonymous_0)
FN:13,(anonymous_1)
FN:17,(anonymous_2)
FN:21,(anonymous_3)
FN:25,(anonymous_4)
FN:29,(anonymous_5)
FN:33,(anonymous_6)
FN:37,(anonymous_7)
FNF:8
FNH:1
FNDA:8,(anonymous_0)
FNDA:0,(anonymous_1)
FNDA:0,(anonymous_2)
FNDA:0,(anonymous_3)
FNDA:0,(anonymous_4)
FNDA:0,(anonymous_5)
FNDA:0,(anonymous_6)
FNDA:0,(anonymous_7)
DA:9,2
DA:11,8
DA:14,0
DA:18,0
DA:22,0
DA:26,0
DA:30,0
DA:34,0
DA:38,0
LF:9
LH:2
BRF:0
BRH:0
end_of_record
TN:
SF:src\infrastructure\repositories\customers\customer.repository.impl.ts
FN:11,(anonymous_0)
FN:13,(anonymous_1)
FN:17,(anonymous_2)
FN:21,(anonymous_3)
FN:25,(anonymous_4)
FN:29,(anonymous_5)
FN:33,(anonymous_6)
FN:37,(anonymous_7)
FNF:8
FNH:1
FNDA:12,(anonymous_0)
FNDA:0,(anonymous_1)
FNDA:0,(anonymous_2)
FNDA:0,(anonymous_3)
FNDA:0,(anonymous_4)
FNDA:0,(anonymous_5)
FNDA:0,(anonymous_6)
FNDA:0,(anonymous_7)
DA:9,2
DA:11,12
DA:14,0
DA:18,0
DA:22,0
DA:26,0
DA:30,0
DA:34,0
DA:38,0
LF:9
LH:2
BRF:0
BRH:0
end_of_record
TN:
SF:src\infrastructure\repositories\customers\neighborhood.repository.impl.ts
FN:11,(anonymous_0)
FN:13,(anonymous_1)
FN:17,(anonymous_2)
FN:21,(anonymous_3)
FN:25,(anonymous_4)
FN:29,(anonymous_5)
FN:33,(anonymous_6)
FN:37,(anonymous_7)
FN:41,(anonymous_8)
FNF:9
FNH:1
FNDA:8,(anonymous_0)
FNDA:0,(anonymous_1)
FNDA:0,(anonymous_2)
FNDA:0,(anonymous_3)
FNDA:0,(anonymous_4)
FNDA:0,(anonymous_5)
FNDA:0,(anonymous_6)
FNDA:0,(anonymous_7)
FNDA:0,(anonymous_8)
DA:9,2
DA:11,8
DA:14,0
DA:18,0
DA:22,0
DA:26,0
DA:30,0
DA:34,0
DA:38,0
DA:42,0
LF:10
LH:2
BRF:0
BRH:0
end_of_record
TN:
SF:src\infrastructure\repositories\payment\payment.repository.impl.ts
FN:14,(anonymous_7)
FN:16,(anonymous_8)
FN:20,(anonymous_10)
FN:24,(anonymous_12)
FN:28,(anonymous_14)
FN:32,(anonymous_16)
FN:36,(anonymous_18)
FN:40,(anonymous_20)
FN:44,(anonymous_22)
FN:48,(anonymous_24)
FN:52,(anonymous_26)
FN:56,(anonymous_28)
FN:60,(anonymous_30)
FNF:13
FNH:1
FNDA:4,(anonymous_7)
FNDA:0,(anonymous_8)
FNDA:0,(anonymous_10)
FNDA:0,(anonymous_12)
FNDA:0,(anonymous_14)
FNDA:0,(anonymous_16)
FNDA:0,(anonymous_18)
FNDA:0,(anonymous_20)
FNDA:0,(anonymous_22)
FNDA:0,(anonymous_24)
FNDA:0,(anonymous_26)
FNDA:0,(anonymous_28)
FNDA:0,(anonymous_30)
DA:13,2
DA:14,4
DA:17,0
DA:21,0
DA:25,0
DA:29,0
DA:33,0
DA:37,0
DA:41,0
DA:45,0
DA:49,0
DA:53,0
DA:57,0
DA:61,0
LF:14
LH:2
BRF:0
BRH:0
end_of_record
TN:
SF:src\infrastructure\repositories\products\category.respository.impl.ts
FN:11,(anonymous_0)
FN:15,(anonymous_1)
FN:19,(anonymous_2)
FN:24,(anonymous_3)
FN:28,(anonymous_4)
FN:32,(anonymous_5)
FN:36,(anonymous_6)
FN:40,(anonymous_7)
FNF:8
FNH:2
FNDA:8,(anonymous_0)
FNDA:0,(anonymous_1)
FNDA:0,(anonymous_2)
FNDA:0,(anonymous_3)
FNDA:0,(anonymous_4)
FNDA:2,(anonymous_5)
FNDA:0,(anonymous_6)
FNDA:0,(anonymous_7)
DA:9,2
DA:12,8
DA:16,0
DA:20,0
DA:25,0
DA:29,0
DA:33,2
DA:37,0
DA:41,0
LF:9
LH:3
BRF:0
BRH:0
end_of_record
TN:
SF:src\infrastructure\repositories\products\product.repository.impl.ts
FN:10,(anonymous_0)
FN:11,(anonymous_1)
FN:15,(anonymous_2)
FN:19,(anonymous_3)
FN:23,(anonymous_4)
FN:27,(anonymous_5)
FN:31,(anonymous_6)
FN:35,(anonymous_7)
FN:39,(anonymous_8)
FN:43,(anonymous_9)
FNF:10
FNH:8
FNDA:8,(anonymous_0)
FNDA:1,(anonymous_1)
FNDA:1,(anonymous_2)
FNDA:2,(anonymous_3)
FNDA:3,(anonymous_4)
FNDA:1,(anonymous_5)
FNDA:2,(anonymous_6)
FNDA:0,(anonymous_7)
FNDA:1,(anonymous_8)
FNDA:0,(anonymous_9)
DA:8,2
DA:10,8
DA:12,1
DA:16,1
DA:20,2
DA:24,3
DA:28,1
DA:32,2
DA:36,0
DA:40,1
DA:44,0
LF:11
LH:9
BRF:0
BRH:0
end_of_record
TN:
SF:src\infrastructure\repositories\products\unit.repository.impl.ts
FN:10,(anonymous_0)
FN:12,(anonymous_1)
FN:16,(anonymous_2)
FN:20,(anonymous_3)
FN:24,(anonymous_4)
FN:28,(anonymous_5)
FN:32,(anonymous_6)
FN:36,(anonymous_7)
FNF:8
FNH:1
FNDA:4,(anonymous_0)
FNDA:0,(anonymous_1)
FNDA:0,(anonymous_2)
FNDA:0,(anonymous_3)
FNDA:0,(anonymous_4)
FNDA:0,(anonymous_5)
FNDA:0,(anonymous_6)
FNDA:0,(anonymous_7)
DA:8,2
DA:10,4
DA:13,0
DA:17,0
DA:21,0
DA:25,0
DA:29,0
DA:33,0
DA:37,0
LF:9
LH:2
BRF:0
BRH:0
end_of_record
TN:
SF:src\infrastructure\repositories\sales\sale.repository.impl.ts
FN:11,(anonymous_7)
FN:13,(anonymous_8)
FN:17,(anonymous_10)
FN:21,(anonymous_12)
FN:25,(anonymous_14)
FN:29,(anonymous_16)
FN:33,(anonymous_18)
FNF:7
FNH:1
FNDA:8,(anonymous_7)
FNDA:0,(anonymous_8)
FNDA:0,(anonymous_10)
FNDA:0,(anonymous_12)
FNDA:0,(anonymous_14)
FNDA:0,(anonymous_16)
FNDA:0,(anonymous_18)
DA:9,2
DA:11,8
DA:14,0
DA:18,0
DA:22,0
DA:26,0
DA:30,0
DA:34,0
LF:8
LH:2
BRF:0
BRH:0
end_of_record
TN:
SF:src\presentation\routes.ts
FN:16,(anonymous_0)
FNF:1
FNH:1
FNDA:4,(anonymous_0)
DA:2,2
DA:3,2
DA:4,2
DA:5,2
DA:6,2
DA:7,2
DA:8,2
DA:9,2
DA:10,2
DA:11,2
DA:12,2
DA:14,2
DA:18,4
DA:21,4
DA:24,4
DA:25,4
DA:26,4
DA:29,4
DA:30,4
DA:31,4
DA:34,4
DA:37,4
DA:40,4
DA:42,4
LF:24
LH:24
BRF:0
BRH:0
end_of_record
TN:
SF:src\presentation\auth\controller.auth.ts
FN:14,(anonymous_7)
FN:19,(anonymous_8)
FN:29,(anonymous_9)
FN:29,(anonymous_10)
FN:51,(anonymous_11)
FN:51,(anonymous_12)
FN:73,(anonymous_13)
FN:80,(anonymous_14)
FN:80,(anonymous_15)
FN:90,(anonymous_16)
FN:90,(anonymous_17)
FN:106,(anonymous_18)
FN:106,(anonymous_19)
FNF:13
FNH:6
FNDA:10,(anonymous_7)
FNDA:2,(anonymous_8)
FNDA:5,(anonymous_9)
FNDA:5,(anonymous_10)
FNDA:4,(anonymous_11)
FNDA:4,(anonymous_12)
FNDA:0,(anonymous_13)
FNDA:0,(anonymous_14)
FNDA:0,(anonymous_15)
FNDA:0,(anonymous_16)
FNDA:0,(anonymous_17)
FNDA:0,(anonymous_18)
FNDA:0,(anonymous_19)
DA:3,3
DA:5,3
DA:7,3
DA:8,3
DA:9,3
DA:10,3
DA:12,3
DA:15,10
DA:19,10
DA:20,2
DA:21,2
DA:24,0
DA:25,0
DA:29,10
DA:30,5
DA:31,5
DA:34,5
DA:35,1
DA:36,1
DA:40,4
DA:44,3
DA:46,1
DA:51,10
DA:52,4
DA:53,4
DA:56,4
DA:57,1
DA:58,1
DA:62,3
DA:66,2
DA:68,1
DA:73,10
DA:74,0
DA:80,10
DA:81,0
DA:82,0
DA:83,0
DA:85,0
DA:90,10
DA:91,0
DA:92,0
DA:93,0
DA:95,0
DA:96,0
DA:99,0
DA:101,0
DA:106,10
DA:107,0
DA:108,0
DA:109,0
DA:111,0
DA:117,0
DA:118,0
DA:121,0
DA:123,0
LF:55
LH:33
BRDA:20,0,0,2
BRDA:34,1,0,1
BRDA:56,2,0,1
BRDA:95,3,0,0
BRDA:117,4,0,0
BRF:5
BRH:3
end_of_record
TN:
SF:src\presentation\auth\routes.auth.ts
FN:10,(anonymous_0)
FN:19,(anonymous_1)
FN:23,(anonymous_2)
FN:27,(anonymous_3)
FN:31,(anonymous_4)
FN:35,(anonymous_5)
FN:39,(anonymous_6)
FNF:7
FNH:3
FNDA:4,(anonymous_0)
FNDA:2,(anonymous_1)
FNDA:1,(anonymous_2)
FNDA:0,(anonymous_3)
FNDA:0,(anonymous_4)
FNDA:0,(anonymous_5)
FNDA:0,(anonymous_6)
DA:1,2
DA:2,2
DA:3,2
DA:4,2
DA:5,2
DA:6,2
DA:8,2
DA:12,4
DA:13,4
DA:14,4
DA:15,4
DA:19,4
DA:20,2
DA:23,4
DA:24,1
DA:27,4
DA:28,0
DA:31,4
DA:32,0
DA:35,4
DA:36,0
DA:39,4
DA:40,0
DA:43,4
LF:24
LH:20
BRF:0
BRH:0
end_of_record
TN:
SF:src\presentation\chatbot\controller.chatbot.ts
FN:13,(anonymous_0)
FN:17,(anonymous_1)
FN:27,(anonymous_2)
FN:38,(anonymous_3)
FN:39,(anonymous_4)
FN:43,(anonymous_5)
FN:52,(anonymous_6)
FN:58,(anonymous_7)
FN:62,(anonymous_8)
FN:64,(anonymous_9)
FN:65,(anonymous_10)
FN:69,(anonymous_11)
FN:78,(anonymous_12)
FN:79,(anonymous_13)
FN:83,(anonymous_14)
FN:86,(anonymous_15)
FN:87,(anonymous_16)
FN:91,(anonymous_17)
FN:115,(anonymous_18)
FN:124,(anonymous_19)
FN:126,(anonymous_20)
FN:127,(anonymous_21)
FNF:22
FNH:1
FNDA:4,(anonymous_0)
FNDA:0,(anonymous_1)
FNDA:0,(anonymous_2)
FNDA:0,(anonymous_3)
FNDA:0,(anonymous_4)
FNDA:0,(anonymous_5)
FNDA:0,(anonymous_6)
FNDA:0,(anonymous_7)
FNDA:0,(anonymous_8)
FNDA:0,(anonymous_9)
FNDA:0,(anonymous_10)
FNDA:0,(anonymous_11)
FNDA:0,(anonymous_12)
FNDA:0,(anonymous_13)
FNDA:0,(anonymous_14)
FNDA:0,(anonymous_15)
FNDA:0,(anonymous_16)
FNDA:0,(anonymous_17)
FNDA:0,(anonymous_18)
FNDA:0,(anonymous_19)
FNDA:0,(anonymous_20)
FNDA:0,(anonymous_21)
DA:3,2
DA:4,2
DA:6,2
DA:7,2
DA:8,2
DA:10,2
DA:11,4
DA:14,4
DA:17,4
DA:18,0
DA:19,0
DA:22,0
DA:23,0
DA:27,4
DA:28,0
DA:30,0
DA:31,0
DA:32,0
DA:33,0
DA:36,0
DA:38,0
DA:39,0
DA:43,4
DA:44,0
DA:46,0
DA:47,0
DA:48,0
DA:51,0
DA:53,0
DA:54,0
DA:56,0
DA:58,0
DA:62,4
DA:63,0
DA:64,0
DA:65,0
DA:69,4
DA:70,0
DA:72,0
DA:73,0
DA:74,0
DA:77,0
DA:78,0
DA:79,0
DA:83,4
DA:84,0
DA:86,0
DA:87,0
DA:91,4
DA:92,0
DA:94,0
DA:96,0
DA:97,0
DA:103,0
DA:105,0
DA:110,0
DA:115,4
DA:116,0
DA:117,0
DA:118,0
DA:120,0
DA:124,4
DA:125,0
DA:126,0
DA:127,0
LF:65
LH:17
BRDA:18,0,0,0
BRDA:30,1,0,0
BRDA:46,2,0,0
BRDA:53,3,0,0
BRDA:70,4,0,0
BRDA:72,5,0,0
BRDA:72,6,0,0
BRDA:72,6,1,0
BRDA:96,7,0,0
BRF:9
BRH:0
end_of_record
TN:
SF:src\presentation\chatbot\routes.chatbot.ts
FN:9,(anonymous_0)
FNF:1
FNH:1
FNDA:4,(anonymous_0)
DA:2,2
DA:3,2
DA:4,2
DA:5,2
DA:8,2
DA:10,4
DA:13,4
DA:14,4
DA:15,4
DA:18,4
DA:19,4
DA:20,4
DA:23,4
DA:24,4
DA:25,4
DA:26,4
DA:28,4
DA:30,4
LF:18
LH:18
BRF:0
BRH:0
end_of_record
TN:
SF:src\presentation\customers\controller.city.ts
FN:16,(anonymous_0)
FN:18,(anonymous_1)
FN:27,(anonymous_2)
FN:38,(anonymous_3)
FN:39,(anonymous_4)
FN:42,(anonymous_5)
FN:55,(anonymous_6)
FN:56,(anonymous_7)
FN:59,(anonymous_8)
FN:64,(anonymous_9)
FN:65,(anonymous_10)
FN:68,(anonymous_11)
FN:81,(anonymous_12)
FN:82,(anonymous_13)
FN:85,(anonymous_14)
FN:90,(anonymous_15)
FN:91,(anonymous_16)
FN:94,(anonymous_17)
FN:108,(anonymous_18)
FN:109,(anonymous_19)
FNF:20
FNH:1
FNDA:4,(anonymous_0)
FNDA:0,(anonymous_1)
FNDA:0,(anonymous_2)
FNDA:0,(anonymous_3)
FNDA:0,(anonymous_4)
FNDA:0,(anonymous_5)
FNDA:0,(anonymous_6)
FNDA:0,(anonymous_7)
FNDA:0,(anonymous_8)
FNDA:0,(anonymous_9)
FNDA:0,(anonymous_10)
FNDA:0,(anonymous_11)
FNDA:0,(anonymous_12)
FNDA:0,(anonymous_13)
FNDA:0,(anonymous_14)
FNDA:0,(anonymous_15)
FNDA:0,(anonymous_16)
FNDA:0,(anonymous_17)
FNDA:0,(anonymous_18)
FNDA:0,(anonymous_19)
DA:2,2
DA:3,2
DA:4,2
DA:6,2
DA:7,2
DA:8,2
DA:9,2
DA:10,2
DA:11,2
DA:12,2
DA:14,2
DA:16,4
DA:18,4
DA:19,0
DA:20,0
DA:23,0
DA:24,0
DA:27,4
DA:28,0
DA:30,0
DA:31,0
DA:32,0
DA:33,0
DA:36,0
DA:38,0
DA:39,0
DA:42,4
DA:43,0
DA:45,0
DA:47,0
DA:48,0
DA:49,0
DA:50,0
DA:53,0
DA:55,0
DA:56,0
DA:59,4
DA:60,0
DA:62,0
DA:64,0
DA:65,0
DA:68,4
DA:69,0
DA:71,0
DA:73,0
DA:74,0
DA:75,0
DA:76,0
DA:79,0
DA:81,0
DA:82,0
DA:85,4
DA:86,0
DA:88,0
DA:90,0
DA:91,0
DA:94,4
DA:95,0
DA:96,0
DA:98,0
DA:100,0
DA:101,0
DA:102,0
DA:103,0
DA:106,0
DA:108,0
DA:109,0
LF:67
LH:19
BRDA:19,0,0,0
BRDA:30,1,0,0
BRDA:43,2,0,0
BRDA:43,3,0,0
BRDA:47,4,0,0
BRDA:73,5,0,0
BRDA:96,6,0,0
BRDA:96,7,0,0
BRDA:100,8,0,0
BRF:9
BRH:0
end_of_record
TN:
SF:src\presentation\customers\controller.customer.ts
FN:18,(anonymous_0)
FN:23,(anonymous_1)
FN:32,(anonymous_2)
FN:46,(anonymous_3)
FN:47,(anonymous_4)
FN:50,(anonymous_5)
FN:63,(anonymous_6)
FN:64,(anonymous_7)
FN:67,(anonymous_8)
FN:72,(anonymous_9)
FN:73,(anonymous_10)
FN:76,(anonymous_11)
FN:92,(anonymous_12)
FN:93,(anonymous_13)
FN:96,(anonymous_14)
FN:101,(anonymous_15)
FN:102,(anonymous_16)
FN:105,(anonymous_17)
FN:122,(anonymous_18)
FN:123,(anonymous_19)
FN:126,(anonymous_20)
FN:131,(anonymous_21)
FN:137,(anonymous_22)
FNF:23
FNH:1
FNDA:4,(anonymous_0)
FNDA:0,(anonymous_1)
FNDA:0,(anonymous_2)
FNDA:0,(anonymous_3)
FNDA:0,(anonymous_4)
FNDA:0,(anonymous_5)
FNDA:0,(anonymous_6)
FNDA:0,(anonymous_7)
FNDA:0,(anonymous_8)
FNDA:0,(anonymous_9)
FNDA:0,(anonymous_10)
FNDA:0,(anonymous_11)
FNDA:0,(anonymous_12)
FNDA:0,(anonymous_13)
FNDA:0,(anonymous_14)
FNDA:0,(anonymous_15)
FNDA:0,(anonymous_16)
FNDA:0,(anonymous_17)
FNDA:0,(anonymous_18)
FNDA:0,(anonymous_19)
FNDA:0,(anonymous_20)
FNDA:0,(anonymous_21)
FNDA:0,(anonymous_22)
DA:2,2
DA:3,2
DA:4,2
DA:7,2
DA:8,2
DA:9,2
DA:10,2
DA:11,2
DA:12,2
DA:13,2
DA:14,2
DA:16,2
DA:19,4
DA:20,4
DA:23,4
DA:24,0
DA:25,0
DA:28,0
DA:29,0
DA:32,4
DA:33,0
DA:35,0
DA:36,0
DA:37,0
DA:38,0
DA:41,0
DA:46,0
DA:47,0
DA:50,4
DA:51,0
DA:53,0
DA:55,0
DA:56,0
DA:57,0
DA:58,0
DA:61,0
DA:63,0
DA:64,0
DA:67,4
DA:68,0
DA:70,0
DA:72,0
DA:73,0
DA:76,4
DA:77,0
DA:79,0
DA:81,0
DA:82,0
DA:83,0
DA:84,0
DA:87,0
DA:92,0
DA:93,0
DA:96,4
DA:97,0
DA:99,0
DA:101,0
DA:102,0
DA:105,4
DA:106,0
DA:107,0
DA:109,0
DA:111,0
DA:112,0
DA:113,0
DA:114,0
DA:117,0
DA:122,0
DA:123,0
DA:126,4
DA:127,0
DA:129,0
DA:132,0
DA:133,0
DA:135,0
DA:137,0
LF:76
LH:22
BRDA:24,0,0,0
BRDA:35,1,0,0
BRDA:51,2,0,0
BRDA:51,3,0,0
BRDA:55,4,0,0
BRDA:81,5,0,0
BRDA:107,6,0,0
BRDA:107,7,0,0
BRDA:111,8,0,0
BRDA:132,9,0,0
BRF:10
BRH:0
end_of_record
TN:
SF:src\presentation\customers\controller.neighborhood.ts
FN:17,(anonymous_0)
FN:22,(anonymous_1)
FN:31,(anonymous_2)
FN:45,(anonymous_3)
FN:46,(anonymous_4)
FN:49,(anonymous_5)
FN:62,(anonymous_6)
FN:63,(anonymous_7)
FN:66,(anonymous_8)
FN:71,(anonymous_9)
FN:72,(anonymous_10)
FN:75,(anonymous_11)
FN:91,(anonymous_12)
FN:92,(anonymous_13)
FN:95,(anonymous_14)
FN:100,(anonymous_15)
FN:101,(anonymous_16)
FN:104,(anonymous_17)
FN:121,(anonymous_18)
FN:122,(anonymous_19)
FNF:20
FNH:1
FNDA:4,(anonymous_0)
FNDA:0,(anonymous_1)
FNDA:0,(anonymous_2)
FNDA:0,(anonymous_3)
FNDA:0,(anonymous_4)
FNDA:0,(anonymous_5)
FNDA:0,(anonymous_6)
FNDA:0,(anonymous_7)
FNDA:0,(anonymous_8)
FNDA:0,(anonymous_9)
FNDA:0,(anonymous_10)
FNDA:0,(anonymous_11)
FNDA:0,(anonymous_12)
FNDA:0,(anonymous_13)
FNDA:0,(anonymous_14)
FNDA:0,(anonymous_15)
FNDA:0,(anonymous_16)
FNDA:0,(anonymous_17)
FNDA:0,(anonymous_18)
FNDA:0,(anonymous_19)
DA:2,2
DA:3,2
DA:4,2
DA:7,2
DA:8,2
DA:9,2
DA:10,2
DA:11,2
DA:12,2
DA:13,2
DA:15,2
DA:18,4
DA:19,4
DA:22,4
DA:23,0
DA:24,0
DA:27,0
DA:28,0
DA:31,4
DA:32,0
DA:34,0
DA:35,0
DA:36,0
DA:37,0
DA:40,0
DA:45,0
DA:46,0
DA:49,4
DA:50,0
DA:52,0
DA:54,0
DA:55,0
DA:56,0
DA:57,0
DA:60,0
DA:62,0
DA:63,0
DA:66,4
DA:67,0
DA:69,0
DA:71,0
DA:72,0
DA:75,4
DA:76,0
DA:78,0
DA:80,0
DA:81,0
DA:82,0
DA:83,0
DA:86,0
DA:91,0
DA:92,0
DA:95,4
DA:96,0
DA:98,0
DA:100,0
DA:101,0
DA:104,4
DA:105,0
DA:106,0
DA:108,0
DA:110,0
DA:111,0
DA:112,0
DA:113,0
DA:116,0
DA:121,0
DA:122,0
LF:68
LH:20
BRDA:23,0,0,0
BRDA:34,1,0,0
BRDA:50,2,0,0
BRDA:50,3,0,0
BRDA:54,4,0,0
BRDA:80,5,0,0
BRDA:106,6,0,0
BRDA:106,7,0,0
BRDA:110,8,0,0
BRF:9
BRH:0
end_of_record
TN:
SF:src\presentation\customers\routes.city.ts
FN:7,(anonymous_0)
FNF:1
FNH:1
FNDA:4,(anonymous_0)
DA:1,2
DA:2,2
DA:3,2
DA:4,2
DA:6,2
DA:8,4
DA:11,4
DA:12,4
DA:13,4
DA:16,4
DA:17,4
DA:18,4
DA:19,4
DA:20,4
DA:23,4
DA:25,4
LF:16
LH:16
BRF:0
BRH:0
end_of_record
TN:
SF:src\presentation\customers\routes.customer.ts
FN:9,(anonymous_0)
FNF:1
FNH:1
FNDA:4,(anonymous_0)
DA:1,2
DA:2,2
DA:3,2
DA:4,2
DA:5,2
DA:6,2
DA:8,2
DA:10,4
DA:13,4
DA:14,4
DA:15,4
DA:16,4
DA:17,4
DA:20,4
DA:21,4
DA:22,4
DA:23,4
DA:24,4
DA:27,4
DA:28,4
DA:30,4
LF:21
LH:21
BRF:0
BRH:0
end_of_record
TN:
SF:src\presentation\customers\routes.neighborhood.ts
FN:9,(anonymous_0)
FNF:1
FNH:1
FNDA:4,(anonymous_0)
DA:1,2
DA:2,2
DA:3,2
DA:4,2
DA:5,2
DA:6,2
DA:8,2
DA:10,4
DA:13,4
DA:14,4
DA:15,4
DA:16,4
DA:17,4
DA:20,4
DA:21,4
DA:22,4
DA:23,4
DA:24,4
DA:27,4
DA:29,4
LF:20
LH:20
BRF:0
BRH:0
end_of_record
TN:
SF:src\presentation\middlewares\auth.middleware.ts
FN:8,(anonymous_7)
FN:8,(anonymous_8)
FNF:2
FNH:0
FNDA:0,(anonymous_7)
FNDA:0,(anonymous_8)
DA:2,2
DA:3,2
DA:5,2
DA:8,2
DA:10,0
DA:12,0
DA:13,0
DA:14,0
DA:17,0
DA:18,0
DA:19,0
DA:22,0
DA:26,0
DA:28,0
DA:30,0
DA:31,0
DA:32,0
DA:33,0
DA:38,0
DA:40,0
DA:41,0
DA:42,0
DA:46,0
DA:48,0
DA:51,0
DA:52,0
LF:26
LH:4
BRDA:12,0,0,0
BRDA:17,1,0,0
BRDA:22,2,0,0
BRDA:22,2,1,0
BRDA:31,3,0,0
BRDA:40,4,0,0
BRF:6
BRH:0
end_of_record
TN:
SF:src\presentation\middlewares\rate-limit.middleware.ts
FN:25,(anonymous_1)
FN:39,(anonymous_2)
FN:52,(anonymous_3)
FN:58,(anonymous_4)
FN:74,(anonymous_5)
FN:78,(anonymous_6)
FN:82,(anonymous_7)
FNF:7
FNH:2
FNDA:0,(anonymous_1)
FNDA:0,(anonymous_2)
FNDA:1,(anonymous_3)
FNDA:0,(anonymous_4)
FNDA:0,(anonymous_5)
FNDA:4,(anonymous_6)
FNDA:0,(anonymous_7)
DA:1,2
DA:2,2
DA:20,2
DA:26,0
DA:34,2
DA:41,0
DA:42,0
DA:44,0
DA:53,1
DA:58,2
DA:59,0
DA:60,0
DA:66,0
DA:67,0
DA:73,2
DA:75,0
DA:79,4
DA:83,0
LF:18
LH:8
BRDA:41,0,0,0
BRDA:41,0,1,0
BRDA:41,1,0,0
BRDA:41,1,1,0
BRDA:41,2,0,0
BRDA:41,2,1,0
BRDA:49,3,0,0
BRDA:49,3,1,0
BRDA:49,4,0,0
BRDA:49,4,1,0
BRDA:49,5,0,0
BRDA:49,5,1,0
BRDA:53,6,0,1
BRDA:53,6,1,0
BRDA:53,6,2,0
BRDA:53,7,0,0
BRDA:53,7,1,0
BRDA:53,8,0,0
BRDA:53,8,1,0
BRDA:59,9,0,0
BRF:20
BRH:1
end_of_record
TN:
SF:src\presentation\payment\controller.payment.ts
FN:27,(anonymous_7)
FN:33,(anonymous_8)
FN:43,(anonymous_9)
FN:43,(anonymous_10)
FN:56,(anonymous_11)
FN:139,(anonymous_12)
FN:139,(anonymous_13)
FN:225,(anonymous_14)
FN:225,(anonymous_15)
FN:238,(anonymous_16)
FN:238,(anonymous_17)
FN:266,(anonymous_18)
FN:266,(anonymous_19)
FN:289,(anonymous_20)
FN:289,(anonymous_21)
FN:318,(anonymous_22)
FN:318,(anonymous_23)
FN:374,(anonymous_24)
FN:374,(anonymous_25)
FN:481,(anonymous_26)
FN:481,(anonymous_27)
FN:502,(anonymous_28)
FN:505,(anonymous_29)
FN:523,(anonymous_30)
FN:523,(anonymous_31)
FN:539,(anonymous_32)
FN:539,(anonymous_33)
FNF:27
FNH:1
FNDA:4,(anonymous_7)
FNDA:0,(anonymous_8)
FNDA:0,(anonymous_9)
FNDA:0,(anonymous_10)
FNDA:0,(anonymous_11)
FNDA:0,(anonymous_12)
FNDA:0,(anonymous_13)
FNDA:0,(anonymous_14)
FNDA:0,(anonymous_15)
FNDA:0,(anonymous_16)
FNDA:0,(anonymous_17)
FNDA:0,(anonymous_18)
FNDA:0,(anonymous_19)
FNDA:0,(anonymous_20)
FNDA:0,(anonymous_21)
FNDA:0,(anonymous_22)
FNDA:0,(anonymous_23)
FNDA:0,(anonymous_24)
FNDA:0,(anonymous_25)
FNDA:0,(anonymous_26)
FNDA:0,(anonymous_27)
FNDA:0,(anonymous_28)
FNDA:0,(anonymous_29)
FNDA:0,(anonymous_30)
FNDA:0,(anonymous_31)
FNDA:0,(anonymous_32)
FNDA:0,(anonymous_33)
DA:4,2
DA:8,2
DA:10,2
DA:11,2
DA:12,2
DA:13,2
DA:14,2
DA:15,2
DA:17,2
DA:18,2
DA:19,2
DA:21,2
DA:22,2
DA:23,2
DA:26,2
DA:28,4
DA:29,4
DA:30,4
DA:33,4
DA:34,0
DA:35,0
DA:38,0
DA:39,0
DA:43,4
DA:44,0
DA:45,0
DA:46,0
DA:49,0
DA:50,0
DA:51,0
DA:52,0
DA:56,0
DA:68,0
DA:84,0
DA:87,0
DA:108,0
DA:110,0
DA:111,0
DA:112,0
DA:116,0
DA:122,0
DA:125,0
DA:134,0
DA:139,4
DA:140,0
DA:141,0
DA:142,0
DA:145,0
DA:146,0
DA:147,0
DA:148,0
DA:152,0
DA:164,0
DA:167,0
DA:170,0
DA:188,0
DA:212,0
DA:221,0
DA:225,4
DA:226,0
DA:227,0
DA:229,0
DA:230,0
DA:232,0
DA:234,0
DA:238,4
DA:239,0
DA:240,0
DA:241,0
DA:243,0
DA:248,0
DA:249,0
DA:250,0
DA:253,0
DA:258,0
DA:260,0
DA:262,0
DA:266,4
DA:267,0
DA:268,0
DA:270,0
DA:275,0
DA:276,0
DA:277,0
DA:280,0
DA:281,0
DA:283,0
DA:285,0
DA:289,4
DA:290,0
DA:291,0
DA:293,0
DA:298,0
DA:299,0
DA:300,0
DA:303,0
DA:308,0
DA:310,0
DA:312,0
DA:318,4
DA:319,0
DA:320,0
DA:322,0
DA:323,0
DA:324,0
DA:328,0
DA:330,0
DA:331,0
DA:332,0
DA:336,0
DA:339,0
DA:342,0
DA:343,0
DA:344,0
DA:348,0
DA:368,0
DA:374,4
DA:376,0
DA:379,0
DA:390,0
DA:391,0
DA:392,0
DA:394,0
DA:396,0
DA:397,0
DA:398,0
DA:402,0
DA:403,0
DA:404,0
DA:406,0
DA:408,0
DA:409,0
DA:410,0
DA:414,0
DA:415,0
DA:416,0
DA:419,0
DA:420,0
DA:421,0
DA:422,0
DA:426,0
DA:427,0
DA:430,0
DA:434,0
DA:435,0
DA:436,0
DA:437,0
DA:441,0
DA:448,0
DA:449,0
DA:450,0
DA:451,0
DA:455,0
DA:458,0
DA:459,0
DA:468,0
DA:473,0
DA:475,0
DA:481,4
DA:482,0
DA:483,0
DA:485,0
DA:487,0
DA:489,0
DA:494,0
DA:495,0
DA:501,0
DA:503,0
DA:506,0
DA:512,0
DA:513,0
DA:515,0
DA:518,0
DA:519,0
DA:523,4
DA:524,0
DA:525,0
DA:527,0
DA:530,0
DA:531,0
DA:533,0
DA:534,0
DA:535,0
DA:539,4
DA:540,0
DA:541,0
DA:543,0
DA:546,0
DA:547,0
DA:549,0
DA:550,0
DA:551,0
LF:192
LH:30
BRDA:34,0,0,0
BRDA:50,1,0,0
BRDA:59,2,0,0
BRDA:59,2,1,0
BRDA:60,3,0,0
BRDA:60,3,1,0
BRDA:69,4,0,0
BRDA:69,4,1,0
BRDA:70,5,0,0
BRDA:70,5,1,0
BRDA:73,6,0,0
BRDA:73,6,1,0
BRDA:74,7,0,0
BRDA:74,7,1,0
BRDA:78,8,0,0
BRDA:78,8,1,0
BRDA:79,9,0,0
BRDA:79,9,1,0
BRDA:110,10,0,0
BRDA:146,11,0,0
BRDA:241,12,0,0
BRDA:241,13,0,0
BRDA:248,14,0,0
BRDA:268,15,0,0
BRDA:268,16,0,0
BRDA:275,17,0,0
BRDA:298,18,0,0
BRDA:322,19,0,0
BRDA:330,20,0,0
BRDA:343,21,0,0
BRDA:361,22,0,0
BRDA:361,22,1,0
BRDA:362,23,0,0
BRDA:362,23,1,0
BRDA:363,24,0,0
BRDA:363,24,1,0
BRDA:364,25,0,0
BRDA:364,25,1,0
BRDA:390,26,0,0
BRDA:390,26,1,0
BRDA:390,27,0,0
BRDA:390,27,1,0
BRDA:394,28,0,0
BRDA:402,29,0,0
BRDA:402,29,1,0
BRDA:402,30,0,0
BRDA:402,30,1,0
BRDA:406,31,0,0
BRDA:419,32,0,0
BRDA:434,33,0,0
BRDA:448,34,0,0
BRDA:458,35,0,0
BRDA:487,36,0,0
BRDA:490,37,0,0
BRDA:490,37,1,0
BRDA:490,37,2,0
BRDA:490,38,0,0
BRDA:490,38,1,0
BRDA:490,39,0,0
BRDA:490,39,1,0
BRDA:490,40,0,0
BRDA:490,40,1,0
BRDA:490,41,0,0
BRDA:490,41,1,0
BRDA:494,42,0,0
BRDA:494,43,0,0
BRDA:494,43,1,0
BRF:67
BRH:0
end_of_record
TN:
SF:src\presentation\payment\routes.payment.ts
FN:14,(anonymous_0)
FNF:1
FNH:1
FNDA:4,(anonymous_0)
DA:3,2
DA:4,2
DA:5,2
DA:6,2
DA:7,2
DA:8,2
DA:9,2
DA:10,2
DA:13,2
DA:15,4
DA:18,4
DA:19,4
DA:20,4
DA:22,4
DA:23,4
DA:24,4
DA:26,4
DA:34,4
DA:35,4
DA:36,4
DA:37,4
DA:41,4
DA:42,4
DA:43,4
DA:44,4
DA:45,4
DA:46,4
DA:49,4
DA:51,4
LF:29
LH:29
BRF:0
BRH:0
end_of_record
TN:
SF:src\presentation\products\controller.category.ts
FN:16,(anonymous_0)
FN:22,(anonymous_1)
FN:33,(anonymous_2)
FN:49,(anonymous_3)
FN:50,(anonymous_4)
FN:54,(anonymous_5)
FN:74,(anonymous_6)
FN:75,(anonymous_7)
FN:79,(anonymous_8)
FN:86,(anonymous_9)
FN:87,(anonymous_10)
FN:92,(anonymous_11)
FN:97,(anonymous_12)
FN:98,(anonymous_13)
FN:103,(anonymous_14)
FN:119,(anonymous_15)
FN:120,(anonymous_16)
FNF:17
FNH:1
FNDA:4,(anonymous_0)
FNDA:0,(anonymous_1)
FNDA:0,(anonymous_2)
FNDA:0,(anonymous_3)
FNDA:0,(anonymous_4)
FNDA:0,(anonymous_5)
FNDA:0,(anonymous_6)
FNDA:0,(anonymous_7)
FNDA:0,(anonymous_8)
FNDA:0,(anonymous_9)
FNDA:0,(anonymous_10)
FNDA:0,(anonymous_11)
FNDA:0,(anonymous_12)
FNDA:0,(anonymous_13)
FNDA:0,(anonymous_14)
FNDA:0,(anonymous_15)
FNDA:0,(anonymous_16)
DA:2,2
DA:4,2
DA:5,2
DA:6,2
DA:7,2
DA:8,2
DA:9,2
DA:10,2
DA:11,2
DA:14,2
DA:17,4
DA:22,4
DA:23,0
DA:24,0
DA:27,0
DA:28,0
DA:33,4
DA:35,0
DA:38,0
DA:39,0
DA:40,0
DA:43,0
DA:47,0
DA:49,0
DA:50,0
DA:54,4
DA:57,0
DA:60,0
DA:63,0
DA:64,0
DA:65,0
DA:68,0
DA:72,0
DA:74,0
DA:75,0
DA:79,4
DA:81,0
DA:84,0
DA:86,0
DA:87,0
DA:92,4
DA:93,0
DA:95,0
DA:97,0
DA:98,0
DA:103,4
DA:104,0
DA:107,0
DA:110,0
DA:111,0
DA:112,0
DA:113,0
DA:117,0
DA:119,0
DA:120,0
LF:55
LH:17
BRDA:23,0,0,0
BRDA:38,1,0,0
BRDA:57,2,0,0
BRDA:57,3,0,0
BRDA:63,4,0,0
BRDA:110,5,0,0
BRF:6
BRH:0
end_of_record
TN:
SF:src\presentation\products\controller.product.ts
FN:17,(anonymous_7)
FN:23,(anonymous_8)
FN:32,(anonymous_9)
FN:32,(anonymous_10)
FN:54,(anonymous_11)
FN:54,(anonymous_12)
FN:66,(anonymous_13)
FN:66,(anonymous_14)
FN:93,(anonymous_15)
FN:93,(anonymous_16)
FN:114,(anonymous_17)
FN:114,(anonymous_18)
FN:146,(anonymous_19)
FN:146,(anonymous_20)
FNF:14
FNH:12
FNDA:13,(anonymous_7)
FNDA:5,(anonymous_8)
FNDA:5,(anonymous_9)
FNDA:5,(anonymous_10)
FNDA:0,(anonymous_11)
FNDA:0,(anonymous_12)
FNDA:6,(anonymous_13)
FNDA:6,(anonymous_14)
FNDA:2,(anonymous_15)
FNDA:2,(anonymous_16)
FNDA:4,(anonymous_17)
FNDA:4,(anonymous_18)
FNDA:2,(anonymous_19)
FNDA:2,(anonymous_20)
DA:5,3
DA:6,3
DA:7,3
DA:8,3
DA:9,3
DA:11,3
DA:13,3
DA:14,3
DA:16,3
DA:18,13
DA:19,13
DA:23,13
DA:24,5
DA:25,5
DA:27,0
DA:28,0
DA:32,13
DA:33,5
DA:35,5
DA:38,5
DA:39,2
DA:40,2
DA:44,3
DA:47,2
DA:49,1
DA:54,13
DA:55,0
DA:56,0
DA:58,0
DA:59,0
DA:61,0
DA:66,13
DA:67,6
DA:69,6
DA:72,6
DA:78,6
DA:79,1
DA:80,1
DA:83,5
DA:86,4
DA:88,1
DA:93,13
DA:94,2
DA:95,2
DA:99,2
DA:100,2
DA:103,1
DA:106,2
DA:107,1
DA:109,1
DA:114,13
DA:115,4
DA:117,4
DA:120,4
DA:123,4
DA:129,4
DA:130,0
DA:131,0
DA:134,4
DA:139,2
DA:141,2
DA:146,13
DA:147,2
DA:149,2
DA:152,2
DA:155,2
DA:156,1
DA:157,1
DA:160,1
DA:163,1
DA:165,0
LF:71
LH:61
BRDA:24,0,0,5
BRDA:38,1,0,2
BRDA:69,2,0,2
BRDA:69,3,0,2
BRDA:78,4,0,1
BRDA:120,5,0,2
BRDA:120,6,0,2
BRDA:129,7,0,0
BRDA:155,8,0,1
BRF:9
BRH:8
end_of_record
TN:
SF:src\presentation\products\controller.unit.ts
FN:16,(anonymous_0)
FN:18,(anonymous_1)
FN:26,(anonymous_2)
FN:41,(anonymous_3)
FN:42,(anonymous_4)
FN:46,(anonymous_5)
FN:64,(anonymous_6)
FN:65,(anonymous_7)
FN:69,(anonymous_8)
FN:76,(anonymous_9)
FN:77,(anonymous_10)
FN:81,(anonymous_11)
FN:86,(anonymous_12)
FN:87,(anonymous_13)
FN:92,(anonymous_14)
FN:107,(anonymous_15)
FN:108,(anonymous_16)
FNF:17
FNH:1
FNDA:4,(anonymous_0)
FNDA:0,(anonymous_1)
FNDA:0,(anonymous_2)
FNDA:0,(anonymous_3)
FNDA:0,(anonymous_4)
FNDA:0,(anonymous_5)
FNDA:0,(anonymous_6)
FNDA:0,(anonymous_7)
FNDA:0,(anonymous_8)
FNDA:0,(anonymous_9)
FNDA:0,(anonymous_10)
FNDA:0,(anonymous_11)
FNDA:0,(anonymous_12)
FNDA:0,(anonymous_13)
FNDA:0,(anonymous_14)
FNDA:0,(anonymous_15)
FNDA:0,(anonymous_16)
DA:2,2
DA:4,2
DA:5,2
DA:6,2
DA:7,2
DA:8,2
DA:9,2
DA:10,2
DA:11,2
DA:14,2
DA:16,4
DA:18,4
DA:19,0
DA:20,0
DA:22,0
DA:23,0
DA:26,4
DA:29,0
DA:32,0
DA:33,0
DA:34,0
DA:35,0
DA:39,0
DA:41,0
DA:42,0
DA:46,4
DA:49,0
DA:52,0
DA:55,0
DA:56,0
DA:57,0
DA:58,0
DA:62,0
DA:64,0
DA:65,0
DA:69,4
DA:71,0
DA:74,0
DA:76,0
DA:77,0
DA:81,4
DA:82,0
DA:84,0
DA:86,0
DA:87,0
DA:92,4
DA:93,0
DA:96,0
DA:98,0
DA:99,0
DA:100,0
DA:101,0
DA:105,0
DA:107,0
DA:108,0
LF:55
LH:17
BRDA:19,0,0,0
BRDA:32,1,0,0
BRDA:49,2,0,0
BRDA:49,3,0,0
BRDA:55,4,0,0
BRDA:98,5,0,0
BRF:6
BRH:0
end_of_record
TN:
SF:src\presentation\products\routes.category..ts
FN:8,(anonymous_0)
FNF:1
FNH:1
FNDA:4,(anonymous_0)
DA:1,2
DA:2,2
DA:3,2
DA:4,2
DA:7,2
DA:9,4
DA:12,4
DA:13,4
DA:14,4
DA:17,4
DA:18,4
DA:19,4
DA:20,4
DA:21,4
DA:23,4
LF:15
LH:15
BRF:0
BRH:0
end_of_record
TN:
SF:src\presentation\products\routes.product.ts
FN:12,(anonymous_0)
FN:25,(anonymous_1)
FN:30,(anonymous_2)
FN:36,(anonymous_3)
FN:42,(anonymous_4)
FN:46,(anonymous_5)
FN:51,(anonymous_6)
FNF:7
FNH:6
FNDA:4,(anonymous_0)
FNDA:2,(anonymous_1)
FNDA:2,(anonymous_2)
FNDA:0,(anonymous_3)
FNDA:2,(anonymous_4)
FNDA:2,(anonymous_5)
FNDA:2,(anonymous_6)
DA:3,2
DA:4,2
DA:5,2
DA:6,2
DA:7,2
DA:8,2
DA:11,2
DA:13,4
DA:16,4
DA:17,4
DA:19,4
DA:20,4
DA:22,4
DA:25,4
DA:26,2
DA:30,4
DA:31,2
DA:36,4
DA:39,0
DA:42,4
DA:43,2
DA:46,4
DA:47,2
DA:51,4
DA:52,2
DA:55,4
LF:26
LH:25
BRF:0
BRH:0
end_of_record
TN:
SF:src\presentation\products\routes.unit.ts
FN:7,(anonymous_0)
FNF:1
FNH:1
FNDA:4,(anonymous_0)
DA:1,2
DA:2,2
DA:3,2
DA:4,2
DA:6,2
DA:8,4
DA:11,4
DA:12,4
DA:13,4
DA:16,4
DA:17,4
DA:18,4
DA:19,4
DA:20,4
DA:22,4
LF:15
LH:15
BRF:0
BRH:0
end_of_record
TN:
SF:src\presentation\sales\controller.sale.ts
FN:18,(anonymous_0)
FN:24,(anonymous_1)
FN:33,(anonymous_2)
FN:48,(anonymous_3)
FN:49,(anonymous_4)
FN:52,(anonymous_5)
FN:65,(anonymous_6)
FN:66,(anonymous_7)
FN:69,(anonymous_8)
FN:74,(anonymous_9)
FN:75,(anonymous_10)
FN:78,(anonymous_11)
FN:91,(anonymous_12)
FN:92,(anonymous_13)
FN:95,(anonymous_14)
FN:112,(anonymous_15)
FN:113,(anonymous_16)
FN:116,(anonymous_17)
FN:150,(anonymous_18)
FN:154,(anonymous_19)
FNF:20
FNH:1
FNDA:4,(anonymous_0)
FNDA:0,(anonymous_1)
FNDA:0,(anonymous_2)
FNDA:0,(anonymous_3)
FNDA:0,(anonymous_4)
FNDA:0,(anonymous_5)
FNDA:0,(anonymous_6)
FNDA:0,(anonymous_7)
FNDA:0,(anonymous_8)
FNDA:0,(anonymous_9)
FNDA:0,(anonymous_10)
FNDA:0,(anonymous_11)
FNDA:0,(anonymous_12)
FNDA:0,(anonymous_13)
FNDA:0,(anonymous_14)
FNDA:0,(anonymous_15)
FNDA:0,(anonymous_16)
FNDA:0,(anonymous_17)
FNDA:0,(anonymous_18)
FNDA:0,(anonymous_19)
DA:2,2
DA:3,2
DA:4,2
DA:5,2
DA:9,2
DA:10,2
DA:11,2
DA:12,2
DA:13,2
DA:14,2
DA:16,2
DA:19,4
DA:20,4
DA:21,4
DA:24,4
DA:25,0
DA:26,0
DA:29,0
DA:30,0
DA:33,4
DA:34,0
DA:36,0
DA:37,0
DA:38,0
DA:39,0
DA:42,0
DA:48,0
DA:49,0
DA:52,4
DA:53,0
DA:55,0
DA:57,0
DA:58,0
DA:59,0
DA:60,0
DA:63,0
DA:65,0
DA:66,0
DA:69,4
DA:70,0
DA:72,0
DA:74,0
DA:75,0
DA:78,4
DA:79,0
DA:81,0
DA:83,0
DA:84,0
DA:85,0
DA:86,0
DA:89,0
DA:91,0
DA:92,0
DA:95,4
DA:96,0
DA:97,0
DA:99,0
DA:101,0
DA:102,0
DA:103,0
DA:104,0
DA:107,0
DA:112,0
DA:113,0
DA:116,4
DA:117,0
DA:118,0
DA:120,0
DA:121,0
DA:122,0
DA:127,0
DA:129,0
DA:130,0
DA:134,0
DA:135,0
DA:136,0
DA:139,0
DA:141,0
DA:142,0
DA:143,0
DA:144,0
DA:148,0
DA:151,0
DA:152,0
DA:154,0
DA:156,0
LF:86
LH:21
BRDA:25,0,0,0
BRDA:36,1,0,0
BRDA:53,2,0,0
BRDA:53,3,0,0
BRDA:57,4,0,0
BRDA:83,5,0,0
BRDA:97,6,0,0
BRDA:97,7,0,0
BRDA:101,8,0,0
BRDA:118,9,0,0
BRDA:118,10,0,0
BRDA:120,11,0,0
BRDA:120,12,0,0
BRDA:120,12,1,0
BRDA:134,13,0,0
BRDA:134,14,0,0
BRDA:134,14,1,0
BRDA:141,15,0,0
BRF:18
BRH:0
end_of_record
TN:
SF:src\presentation\sales\routes.sale.ts
FN:12,(anonymous_0)
FNF:1
FNH:1
FNDA:4,(anonymous_0)
DA:1,2
DA:2,2
DA:3,2
DA:4,2
DA:5,2
DA:6,2
DA:7,2
DA:8,2
DA:11,2
DA:13,4
DA:16,4
DA:17,4
DA:18,4
DA:20,4
DA:21,4
DA:22,4
DA:24,4
DA:31,4
DA:32,4
DA:33,4
DA:34,4
DA:37,4
DA:38,4
DA:40,4
LF:24
LH:24
BRF:0
BRH:0
end_of_record
